[2020-06-24 22:52:37] This is codeql execute queries -J-Xmx12800M --off-heap-ram=12800 --verbosity=progress --logdir=/home/ellen/Documents/ASJProj/TESTING_reordering/QLDBs/fiddle/log --ml-model-path= --native-library-path= --warnings=show --output=/home/ellen/Documents/APIModellingProj/JSEventBasedAPILearning/data/temp.bqrs -- /home/ellen/Documents/ASJProj/TESTING_reordering/QLDBs/fiddle/db-javascript /home/ellen/Documents/APIModellingProj/JSEventBasedAPILearning/data/analyse.ql
[2020-06-24 22:52:37] Creating executor with 1 threads.
[2020-06-24 22:52:38] Calling plumbing command: codeql resolve library-path --query=/home/ellen/Documents/APIModellingProj/JSEventBasedAPILearning/data/analyse.ql --format=json
[2020-06-24 22:52:38] [DETAILS] resolve library-path> Resolving query at normalized path /home/ellen/Documents/APIModellingProj/JSEventBasedAPILearning/data/analyse.ql.
[2020-06-24 22:52:38] [DETAILS] resolve library-path> Found enclosing pack 'api-modelling-analysis' at /home/ellen/Documents/APIModellingProj/JSEventBasedAPILearning/data.
[2020-06-24 22:52:38] [DETAILS] resolve library-path> Adding compilation cache at /home/ellen/Documents/APIModellingProj/JSEventBasedAPILearning/data/.cache.
[2020-06-24 22:52:38] [DETAILS] resolve library-path> Resolving library dependencies from /home/ellen/Documents/APIModellingProj/JSEventBasedAPILearning/data/qlpack.yml.
[2020-06-24 22:52:38] [SPAMMIER] resolve library-path> Recursing into /home/ellen/codeql_home.
[2020-06-24 22:52:38] [SPAMMIER] resolve library-path> Recursing into /home/ellen/codeql_home/ql.
[2020-06-24 22:52:38] [SPAMMIER] resolve library-path> Recursing into /home/ellen/codeql_home/ql/misc/legacy-support.
[2020-06-24 22:52:38] [DETAILS] resolve library-path> QL pack dependencies for /home/ellen/Documents/APIModellingProj/JSEventBasedAPILearning/data resolved OK.
[2020-06-24 22:52:38] [DETAILS] resolve library-path> Found dbscheme through QL packs: /home/ellen/codeql_home/ql/javascript/ql/src/semmlecode.javascript.dbscheme.
[2020-06-24 22:52:38] Plumbing command codeql resolve library-path completed:
                      {
                        "libraryPath" : [
                          "/home/ellen/Documents/APIModellingProj/JSEventBasedAPILearning/data",
                          "/home/ellen/codeql_home/ql/javascript/ql/src"
                        ],
                        "dbscheme" : "/home/ellen/codeql_home/ql/javascript/ql/src/semmlecode.javascript.dbscheme",
                        "compilationCache" : [
                          "/home/ellen/Documents/APIModellingProj/JSEventBasedAPILearning/data/.cache"
                        ],
                        "relativeName" : "api-modelling-analysis/analyse.ql"
                      }
[2020-06-24 22:52:38] [PROGRESS] execute queries> Compiling query plan for /home/ellen/Documents/APIModellingProj/JSEventBasedAPILearning/data/analyse.ql.
[2020-06-24 22:52:38] [DETAILS] execute queries> Resolving imports for /home/ellen/Documents/APIModellingProj/JSEventBasedAPILearning/data/analyse.ql.
[2020-06-24 22:52:39] Resolved file set for /home/ellen/Documents/APIModellingProj/JSEventBasedAPILearning/data/analyse.ql hashes to fca68fbfd1908f7e7b65d0a440a499610ab58491.
[2020-06-24 22:52:39] [DETAILS] execute queries> Checking QL for /home/ellen/Documents/APIModellingProj/JSEventBasedAPILearning/data/analyse.ql.
[2020-06-24 22:52:39] ExternalModuleBindingPass ...
[2020-06-24 22:52:42] ExternalModuleBindingPass time: 00:02.696
[2020-06-24 22:52:42] QLPredicateSynthesiser ...
[2020-06-24 22:52:42] QLPredicateSynthesiser time: 00:00.047
[2020-06-24 22:52:42] DeclarationBindingPass ...
[2020-06-24 22:52:42] DeclarationBindingPass time: 00:00.193
[2020-06-24 22:52:42] Fixed point time ...
[2020-06-24 22:52:43] Fixed point time time: 00:00.300
[2020-06-24 22:52:43] ReferenceBindingPass ...
[2020-06-24 22:52:43] ReferenceBindingPass time: 00:00.161
[2020-06-24 22:52:43] EntityTypeUpdateBindingPass ...
[2020-06-24 22:52:43] EntityTypeUpdateBindingPass time: 00:00.063
[2020-06-24 22:52:43] ReferenceBindingCheck ...
[2020-06-24 22:52:43] ReferenceBindingCheck time: 00:00.057
[2020-06-24 22:52:43] PredicateBodyBindingPass ...
[2020-06-24 22:52:43] PredicateBodyBindingPass time: 00:00.527
[2020-06-24 22:52:43] LanguagePragmaPropagationPass ...
[2020-06-24 22:52:43] LanguagePragmaPropagationPass time: 00:00.044
[2020-06-24 22:52:43] Ambiguity checks ...
[2020-06-24 22:52:44] Ambiguity checks time: 00:00.049
[2020-06-24 22:52:44] Ql checks ...
[2020-06-24 22:52:44] Ql checks time: 00:00.625
[2020-06-24 22:52:46] Compilation pipeline
[2020-06-24 22:52:46] Type Inference ...
[2020-06-24 22:52:46] CSV_TYPE_HIERARCHY: Best number of iterations,Maximum number of runs,Number of BDD variables,Size of BDD for typefacts
[2020-06-24 22:52:46] CSV_TYPE_HIERARCHY: 0,0,1,1
[2020-06-24 22:52:46] CSV_TYPE_HIERARCHY: 0,0,0,0
[2020-06-24 22:52:46] CSV_TYPE_HIERARCHY: 0,0,79,85
[2020-06-24 22:52:46] CSV_TYPE_HIERARCHY: 0,0,1,1
[2020-06-24 22:52:46] CSV_TYPE_HIERARCHY: 0,0,0,0
[2020-06-24 22:52:47] CSV_TYPE_HIERARCHY: 0,0,749,3855
[2020-06-24 22:52:47] CSV_TYPE_HIERARCHY: 0,0,623,2259
[2020-06-24 22:52:47] CSV_TYPE_HIERARCHY: 0,0,9,9
[2020-06-24 22:52:47] CSV_TYPE_HIERARCHY: 0,0,7,7
[2020-06-24 22:52:47] CSV_TYPE_HIERARCHY: 0,0,2,2
[2020-06-24 22:52:47] CSV_TYPE_HIERARCHY: 0,0,26,26
[2020-06-24 22:52:47] CSV_TYPE_HIERARCHY: 0,0,17,19
[2020-06-24 22:52:47] CSV_TYPE_HIERARCHY: 0,0,6,6
[2020-06-24 22:52:47] CSV_TYPE_HIERARCHY: 0,0,2,2
[2020-06-24 22:52:47] CSV_TYPE_HIERARCHY: 0,0,12,12
[2020-06-24 22:52:47] CSV_TYPE_HIERARCHY: 0,0,2,2
[2020-06-24 22:52:47] CSV_TYPE_HIERARCHY: 0,0,2,2
[2020-06-24 22:52:47] CSV_TYPE_HIERARCHY: 0,0,7,10
[2020-06-24 22:52:47] CSV_TYPE_HIERARCHY: 0,0,4,4
[2020-06-24 22:52:47] CSV_TYPE_HIERARCHY: 0,0,2,2
[2020-06-24 22:52:47] CSV_TYPE_HIERARCHY: 0,0,1,1
[2020-06-24 22:52:47] CSV_TYPE_HIERARCHY: 0,0,12,15
[2020-06-24 22:52:47] CSV_TYPE_HIERARCHY: 0,0,2,2
[2020-06-24 22:52:47] CSV_TYPE_HIERARCHY: 0,0,2,2
[2020-06-24 22:52:47] CSV_TYPE_HIERARCHY: 0,0,6,7
[2020-06-24 22:52:47] CSV_TYPE_HIERARCHY: 0,0,4,4
[2020-06-24 22:52:47] CSV_TYPE_HIERARCHY: 0,0,6,6
[2020-06-24 22:52:47] CSV_TYPE_HIERARCHY: 0,0,4,4
[2020-06-24 22:52:47] CSV_TYPE_HIERARCHY: 0,0,2,2
[2020-06-24 22:52:47] CSV_TYPE_HIERARCHY: 0,0,6,7
[2020-06-24 22:52:47] CSV_TYPE_HIERARCHY: 0,0,2,2
[2020-06-24 22:52:47] CSV_TYPE_HIERARCHY: 0,0,2,2
[2020-06-24 22:52:47] CSV_TYPE_HIERARCHY: 0,0,10,13
[2020-06-24 22:52:47] CSV_TYPE_HIERARCHY: 0,0,3,3
[2020-06-24 22:52:47] CSV_TYPE_HIERARCHY: 0,0,2,2
[2020-06-24 22:52:47] CSV_TYPE_HIERARCHY: 0,0,4,4
[2020-06-24 22:52:47] CSV_TYPE_HIERARCHY: 0,0,0,0
[2020-06-24 22:52:47] CSV_TYPE_HIERARCHY: 0,0,0,0
[2020-06-24 22:52:47] CSV_TYPE_HIERARCHY: 0,0,0,0
[2020-06-24 22:52:47] CSV_TYPE_HIERARCHY: 0,0,0,0
[2020-06-24 22:52:47] CSV_TYPE_HIERARCHY: 0,0,0,0
[2020-06-24 22:52:47] CSV_TYPE_HIERARCHY: 0,0,0,0
[2020-06-24 22:52:47] CSV_TYPE_HIERARCHY: 0,0,0,0
[2020-06-24 22:52:47] CSV_TYPE_HIERARCHY: 0,0,0,0
[2020-06-24 22:52:47] CSV_TYPE_HIERARCHY: 0,0,0,0
[2020-06-24 22:52:47] CSV_TYPE_HIERARCHY: 0,0,0,0
[2020-06-24 22:52:47] CSV_TYPE_HIERARCHY: 0,0,0,0
[2020-06-24 22:52:47] CSV_TYPE_HIERARCHY: 0,0,0,0
[2020-06-24 22:52:47] CSV_TYPE_HIERARCHY: 0,0,0,0
[2020-06-24 22:52:47] CSV_TYPE_HIERARCHY: 0,0,0,0
[2020-06-24 22:52:47] CSV_TYPE_HIERARCHY: 0,0,0,0
[2020-06-24 22:52:47] CSV_TYPE_HIERARCHY: 0,0,0,0
[2020-06-24 22:52:47] CSV_TYPE_HIERARCHY: 0,0,0,0
[2020-06-24 22:52:47] CSV_TYPE_HIERARCHY: 0,0,0,0
[2020-06-24 22:52:47] CSV_TYPE_HIERARCHY: 0,0,0,0
[2020-06-24 22:52:47] CSV_TYPE_HIERARCHY: 0,0,0,0
[2020-06-24 22:52:47] CSV_TYPE_HIERARCHY: 0,0,0,0
[2020-06-24 22:52:47] CSV_TYPE_HIERARCHY: 0,0,0,0
[2020-06-24 22:52:47] CSV_TYPE_HIERARCHY: 0,0,0,0
[2020-06-24 22:52:48] Type Inference time: 00:02.086
[2020-06-24 22:52:48] Binding Checks ...
[2020-06-24 22:52:50] Binding Checks time: 00:01.309
[2020-06-24 22:52:50] [WARN] execute queries> WARNING: Unused predicate incorrect (/home/ellen/Documents/APIModellingProj/JSEventBasedAPILearning/data/analyse.ql:938,11-20)
[2020-06-24 22:52:50] [WARN] execute queries> WARNING: Unused predicate knownUnknown (/home/ellen/Documents/APIModellingProj/JSEventBasedAPILearning/data/analyse.ql:986,11-23)
[2020-06-24 22:52:50] [ERROR] execute queries> ERROR: 'extAccessPath' is not bound to a value. (/home/ellen/Documents/APIModellingProj/JSEventBasedAPILearning/data/analyse.ql:266,12-32)
[2020-06-24 22:52:50] [ERROR] execute queries> ERROR: call argument is not bound to a value. (/home/ellen/Documents/APIModellingProj/JSEventBasedAPILearning/data/analyse.ql:266,55-68)
[2020-06-24 22:52:50] [ERROR] execute queries> ERROR: 'extAccessPath' is not bound to a value. (/home/ellen/Documents/APIModellingProj/JSEventBasedAPILearning/data/analyse.ql:266,77-90)
[2020-06-24 22:52:50] [ERROR] execute queries> ERROR: call argument is not bound to a value. (/home/ellen/Documents/APIModellingProj/JSEventBasedAPILearning/data/analyse.ql:266,70-71)
[2020-06-24 22:52:50] [ERROR] execute queries> ERROR: 'extAccessPath' is not bound to a value. (/home/ellen/Documents/APIModellingProj/JSEventBasedAPILearning/data/analyse.ql:274,12-32)
[2020-06-24 22:52:50] [ERROR] execute queries> ERROR: call argument is not bound to a value. (/home/ellen/Documents/APIModellingProj/JSEventBasedAPILearning/data/analyse.ql:274,55-68)
[2020-06-24 22:52:50] [ERROR] execute queries> ERROR: 'extAccessPath' is not bound to a value. (/home/ellen/Documents/APIModellingProj/JSEventBasedAPILearning/data/analyse.ql:274,77-90)
[2020-06-24 22:52:50] [ERROR] execute queries> ERROR: call argument is not bound to a value. (/home/ellen/Documents/APIModellingProj/JSEventBasedAPILearning/data/analyse.ql:274,70-71)
[2020-06-24 22:52:50] [ERROR] execute queries> ERROR: 'accessPath' is not bound to a value. (/home/ellen/Documents/APIModellingProj/JSEventBasedAPILearning/data/analyse.ql:973,19-41)
[2020-06-24 22:52:50] [ERROR] execute queries> ERROR: 'd' is not bound to a value. (/home/ellen/Documents/APIModellingProj/JSEventBasedAPILearning/data/analyse.ql:978,15-23)
[2020-06-24 22:52:50] [ERROR] execute queries> ERROR: 'd' is not bound to a value. (/home/ellen/Documents/APIModellingProj/JSEventBasedAPILearning/data/analyse.ql:978,71-72)
[2020-06-24 22:52:50] [ERROR] execute queries> ERROR: expression is not bound to a value. (/home/ellen/Documents/APIModellingProj/JSEventBasedAPILearning/data/analyse.ql:978,39-72)
[2020-06-24 22:52:50] [ERROR] execute queries> ERROR: expression is not bound to a value. (/home/ellen/Documents/APIModellingProj/JSEventBasedAPILearning/data/analyse.ql:978,39-72)
[2020-06-24 22:52:50] [ERROR] execute queries> ERROR: expression is not bound to a value. (/home/ellen/Documents/APIModellingProj/JSEventBasedAPILearning/data/analyse.ql:978,39-79)
[2020-06-24 22:52:50] [ERROR] execute queries> ERROR: 'd' is not bound to a value. (/home/ellen/Documents/APIModellingProj/JSEventBasedAPILearning/data/analyse.ql:980,15-23)
[2020-06-24 22:52:50] [ERROR] execute queries> ERROR: 'd' is not bound to a value. (/home/ellen/Documents/APIModellingProj/JSEventBasedAPILearning/data/analyse.ql:980,71-72)
[2020-06-24 22:52:50] [ERROR] execute queries> ERROR: expression is not bound to a value. (/home/ellen/Documents/APIModellingProj/JSEventBasedAPILearning/data/analyse.ql:980,39-72)
[2020-06-24 22:52:50] [ERROR] execute queries> ERROR: expression is not bound to a value. (/home/ellen/Documents/APIModellingProj/JSEventBasedAPILearning/data/analyse.ql:980,39-72)
[2020-06-24 22:52:50] [ERROR] execute queries> ERROR: expression is not bound to a value. (/home/ellen/Documents/APIModellingProj/JSEventBasedAPILearning/data/analyse.ql:980,39-79)
[2020-06-24 22:52:50] [ERROR] execute queries> ERROR: 'accessPath' is not bound to a value. (/home/ellen/Documents/APIModellingProj/JSEventBasedAPILearning/data/analyse.ql:995,6-23)
[2020-06-24 22:52:50] [ERROR] execute queries> ERROR: 'eventName' is not bound to a value. (/home/ellen/Documents/APIModellingProj/JSEventBasedAPILearning/data/analyse.ql:995,25-41)
[2020-06-24 22:52:50] [ERROR] execute queries> ERROR: call argument is not bound to a value. (/home/ellen/Documents/APIModellingProj/JSEventBasedAPILearning/data/analyse.ql:996,27-37)
[2020-06-24 22:52:50] [ERROR] execute queries> ERROR: call argument is not bound to a value. (/home/ellen/Documents/APIModellingProj/JSEventBasedAPILearning/data/analyse.ql:996,39-48)
[2020-06-24 22:52:50] [ERROR] execute queries> ERROR: call argument is not bound to a value. (/home/ellen/Documents/APIModellingProj/JSEventBasedAPILearning/data/analyse.ql:997,13-23)
[2020-06-24 22:52:50] [ERROR] execute queries> ERROR: call argument is not bound to a value. (/home/ellen/Documents/APIModellingProj/JSEventBasedAPILearning/data/analyse.ql:997,25-34)
[2020-06-24 22:52:50] [ERROR] execute queries> ERROR: 'accessPath' is not bound to a value. (/home/ellen/Documents/APIModellingProj/JSEventBasedAPILearning/data/analyse.ql:938,21-43)
[2020-06-24 22:52:50] [ERROR] execute queries> ERROR: call argument is not bound to a value. (/home/ellen/Documents/APIModellingProj/JSEventBasedAPILearning/data/analyse.ql:942,25-35)
[2020-06-24 22:52:50] [ERROR] execute queries> ERROR: 'd' is not bound to a value. (/home/ellen/Documents/APIModellingProj/JSEventBasedAPILearning/data/analyse.ql:948,15-23)
[2020-06-24 22:52:50] [ERROR] execute queries> ERROR: 'd' is not bound to a value. (/home/ellen/Documents/APIModellingProj/JSEventBasedAPILearning/data/analyse.ql:948,71-72)
[2020-06-24 22:52:50] [ERROR] execute queries> ERROR: expression is not bound to a value. (/home/ellen/Documents/APIModellingProj/JSEventBasedAPILearning/data/analyse.ql:948,39-72)
[2020-06-24 22:52:50] [ERROR] execute queries> ERROR: expression is not bound to a value. (/home/ellen/Documents/APIModellingProj/JSEventBasedAPILearning/data/analyse.ql:948,39-72)
[2020-06-24 22:52:50] [ERROR] execute queries> ERROR: expression is not bound to a value. (/home/ellen/Documents/APIModellingProj/JSEventBasedAPILearning/data/analyse.ql:948,39-79)
[2020-06-24 22:52:50] [ERROR] execute queries> ERROR: 'd' is not bound to a value. (/home/ellen/Documents/APIModellingProj/JSEventBasedAPILearning/data/analyse.ql:950,15-23)
[2020-06-24 22:52:50] [ERROR] execute queries> ERROR: 'd' is not bound to a value. (/home/ellen/Documents/APIModellingProj/JSEventBasedAPILearning/data/analyse.ql:950,77-78)
[2020-06-24 22:52:50] [ERROR] execute queries> ERROR: expression is not bound to a value. (/home/ellen/Documents/APIModellingProj/JSEventBasedAPILearning/data/analyse.ql:950,39-78)
[2020-06-24 22:52:50] [ERROR] execute queries> ERROR: expression is not bound to a value. (/home/ellen/Documents/APIModellingProj/JSEventBasedAPILearning/data/analyse.ql:950,39-78)
[2020-06-24 22:52:50] [ERROR] execute queries> ERROR: expression is not bound to a value. (/home/ellen/Documents/APIModellingProj/JSEventBasedAPILearning/data/analyse.ql:950,39-85)
[2020-06-24 22:52:50] [ERROR] execute queries> ERROR: 'd' is not bound to a value. (/home/ellen/Documents/APIModellingProj/JSEventBasedAPILearning/data/analyse.ql:952,15-23)
[2020-06-24 22:52:50] [ERROR] execute queries> ERROR: 'd' is not bound to a value. (/home/ellen/Documents/APIModellingProj/JSEventBasedAPILearning/data/analyse.ql:952,71-72)
[2020-06-24 22:52:50] [ERROR] execute queries> ERROR: expression is not bound to a value. (/home/ellen/Documents/APIModellingProj/JSEventBasedAPILearning/data/analyse.ql:952,39-72)
[2020-06-24 22:52:50] [ERROR] execute queries> ERROR: expression is not bound to a value. (/home/ellen/Documents/APIModellingProj/JSEventBasedAPILearning/data/analyse.ql:952,39-72)
[2020-06-24 22:52:50] [ERROR] execute queries> ERROR: expression is not bound to a value. (/home/ellen/Documents/APIModellingProj/JSEventBasedAPILearning/data/analyse.ql:952,39-79)
[2020-06-24 22:52:50] [ERROR] execute queries> ERROR: 'd' is not bound to a value. (/home/ellen/Documents/APIModellingProj/JSEventBasedAPILearning/data/analyse.ql:954,15-23)
[2020-06-24 22:52:50] [ERROR] execute queries> ERROR: 'd' is not bound to a value. (/home/ellen/Documents/APIModellingProj/JSEventBasedAPILearning/data/analyse.ql:954,78-79)
[2020-06-24 22:52:50] [ERROR] execute queries> ERROR: expression is not bound to a value. (/home/ellen/Documents/APIModellingProj/JSEventBasedAPILearning/data/analyse.ql:954,39-79)
[2020-06-24 22:52:50] [ERROR] execute queries> ERROR: expression is not bound to a value. (/home/ellen/Documents/APIModellingProj/JSEventBasedAPILearning/data/analyse.ql:954,39-79)
[2020-06-24 22:52:50] [ERROR] execute queries> ERROR: expression is not bound to a value. (/home/ellen/Documents/APIModellingProj/JSEventBasedAPILearning/data/analyse.ql:954,39-86)
[2020-06-24 22:52:50] [ERROR] execute queries> ERROR: There is a recursive cycle of relations that must be inlined, which is impossible: analyse::typeOf -> analyse::typeOf (/home/ellen/Documents/APIModellingProj/JSEventBasedAPILearning/data/analyse.ql:249,1-499,2)
[2020-06-24 22:52:50] Sequence stamp origin is -6711773061096349930
[2020-06-24 22:52:50] Stopped the world to close the cache at sequence stamp o+0
[2020-06-24 22:52:50] The disk cache is freshly trimmed; leave it be.
[2020-06-24 22:52:50] Starting the world again
[2020-06-24 22:52:50] Exiting with code 1
