[2020-06-24 22:47:11] This is codeql execute queries -J-Xmx12800M --off-heap-ram=12800 --verbosity=progress --logdir=/home/ellen/Documents/ASJProj/TESTING_reordering/QLDBs/fiddle/log --ml-model-path= --native-library-path= --warnings=show --output=/home/ellen/Documents/APIModellingProj/JSEventBasedAPILearning/data/temp.bqrs -- /home/ellen/Documents/ASJProj/TESTING_reordering/QLDBs/fiddle/db-javascript /home/ellen/Documents/APIModellingProj/JSEventBasedAPILearning/data/analyse.ql
[2020-06-24 22:47:11] Creating executor with 1 threads.
[2020-06-24 22:47:11] Calling plumbing command: codeql resolve library-path --query=/home/ellen/Documents/APIModellingProj/JSEventBasedAPILearning/data/analyse.ql --format=json
[2020-06-24 22:47:11] [DETAILS] resolve library-path> Resolving query at normalized path /home/ellen/Documents/APIModellingProj/JSEventBasedAPILearning/data/analyse.ql.
[2020-06-24 22:47:11] [DETAILS] resolve library-path> Found enclosing pack 'api-modelling-analysis' at /home/ellen/Documents/APIModellingProj/JSEventBasedAPILearning/data.
[2020-06-24 22:47:11] [DETAILS] resolve library-path> Adding compilation cache at /home/ellen/Documents/APIModellingProj/JSEventBasedAPILearning/data/.cache.
[2020-06-24 22:47:11] [DETAILS] resolve library-path> Resolving library dependencies from /home/ellen/Documents/APIModellingProj/JSEventBasedAPILearning/data/qlpack.yml.
[2020-06-24 22:47:11] [SPAMMIER] resolve library-path> Recursing into /home/ellen/codeql_home.
[2020-06-24 22:47:11] [SPAMMIER] resolve library-path> Recursing into /home/ellen/codeql_home/ql.
[2020-06-24 22:47:11] [SPAMMIER] resolve library-path> Recursing into /home/ellen/codeql_home/ql/misc/legacy-support.
[2020-06-24 22:47:12] [DETAILS] resolve library-path> QL pack dependencies for /home/ellen/Documents/APIModellingProj/JSEventBasedAPILearning/data resolved OK.
[2020-06-24 22:47:12] [DETAILS] resolve library-path> Found dbscheme through QL packs: /home/ellen/codeql_home/ql/javascript/ql/src/semmlecode.javascript.dbscheme.
[2020-06-24 22:47:12] Plumbing command codeql resolve library-path completed:
                      {
                        "libraryPath" : [
                          "/home/ellen/Documents/APIModellingProj/JSEventBasedAPILearning/data",
                          "/home/ellen/codeql_home/ql/javascript/ql/src"
                        ],
                        "dbscheme" : "/home/ellen/codeql_home/ql/javascript/ql/src/semmlecode.javascript.dbscheme",
                        "compilationCache" : [
                          "/home/ellen/Documents/APIModellingProj/JSEventBasedAPILearning/data/.cache"
                        ],
                        "relativeName" : "api-modelling-analysis/analyse.ql"
                      }
[2020-06-24 22:47:12] [PROGRESS] execute queries> Compiling query plan for /home/ellen/Documents/APIModellingProj/JSEventBasedAPILearning/data/analyse.ql.
[2020-06-24 22:47:12] [DETAILS] execute queries> Resolving imports for /home/ellen/Documents/APIModellingProj/JSEventBasedAPILearning/data/analyse.ql.
[2020-06-24 22:47:13] Resolved file set for /home/ellen/Documents/APIModellingProj/JSEventBasedAPILearning/data/analyse.ql hashes to 422e50b7c1a216af16f426cc63ea2b8a5564ce36.
[2020-06-24 22:47:13] [DETAILS] execute queries> Checking QL for /home/ellen/Documents/APIModellingProj/JSEventBasedAPILearning/data/analyse.ql.
[2020-06-24 22:47:13] ExternalModuleBindingPass ...
[2020-06-24 22:47:16] ExternalModuleBindingPass time: 00:02.587
[2020-06-24 22:47:16] QLPredicateSynthesiser ...
[2020-06-24 22:47:16] QLPredicateSynthesiser time: 00:00.048
[2020-06-24 22:47:16] DeclarationBindingPass ...
[2020-06-24 22:47:16] DeclarationBindingPass time: 00:00.232
[2020-06-24 22:47:16] Fixed point time ...
[2020-06-24 22:47:16] Fixed point time time: 00:00.288
[2020-06-24 22:47:16] ReferenceBindingPass ...
[2020-06-24 22:47:16] ReferenceBindingPass time: 00:00.073
[2020-06-24 22:47:16] EntityTypeUpdateBindingPass ...
[2020-06-24 22:47:16] EntityTypeUpdateBindingPass time: 00:00.075
[2020-06-24 22:47:16] ReferenceBindingCheck ...
[2020-06-24 22:47:16] ReferenceBindingCheck time: 00:00.061
[2020-06-24 22:47:16] PredicateBodyBindingPass ...
[2020-06-24 22:47:17] PredicateBodyBindingPass time: 00:00.591
[2020-06-24 22:47:17] LanguagePragmaPropagationPass ...
[2020-06-24 22:47:17] LanguagePragmaPropagationPass time: 00:00.043
[2020-06-24 22:47:17] Ambiguity checks ...
[2020-06-24 22:47:17] Ambiguity checks time: 00:00.054
[2020-06-24 22:47:17] Ql checks ...
[2020-06-24 22:47:18] Ql checks time: 00:00.748
[2020-06-24 22:47:20] Compilation pipeline
[2020-06-24 22:47:20] Type Inference ...
[2020-06-24 22:47:20] CSV_TYPE_HIERARCHY: Best number of iterations,Maximum number of runs,Number of BDD variables,Size of BDD for typefacts
[2020-06-24 22:47:20] CSV_TYPE_HIERARCHY: 0,0,1,1
[2020-06-24 22:47:20] CSV_TYPE_HIERARCHY: 0,0,0,0
[2020-06-24 22:47:20] CSV_TYPE_HIERARCHY: 0,0,77,83
[2020-06-24 22:47:20] CSV_TYPE_HIERARCHY: 0,0,1,1
[2020-06-24 22:47:20] CSV_TYPE_HIERARCHY: 0,0,0,0
[2020-06-24 22:47:21] CSV_TYPE_HIERARCHY: 0,0,749,3855
[2020-06-24 22:47:21] CSV_TYPE_HIERARCHY: 0,0,623,2259
[2020-06-24 22:47:21] CSV_TYPE_HIERARCHY: 0,0,9,9
[2020-06-24 22:47:21] CSV_TYPE_HIERARCHY: 0,0,7,7
[2020-06-24 22:47:21] CSV_TYPE_HIERARCHY: 0,0,2,2
[2020-06-24 22:47:21] CSV_TYPE_HIERARCHY: 0,0,26,26
[2020-06-24 22:47:21] CSV_TYPE_HIERARCHY: 0,0,17,19
[2020-06-24 22:47:21] CSV_TYPE_HIERARCHY: 0,0,6,6
[2020-06-24 22:47:21] CSV_TYPE_HIERARCHY: 0,0,2,2
[2020-06-24 22:47:21] CSV_TYPE_HIERARCHY: 0,0,12,12
[2020-06-24 22:47:21] CSV_TYPE_HIERARCHY: 0,0,2,2
[2020-06-24 22:47:21] CSV_TYPE_HIERARCHY: 0,0,2,2
[2020-06-24 22:47:21] CSV_TYPE_HIERARCHY: 0,0,7,10
[2020-06-24 22:47:21] CSV_TYPE_HIERARCHY: 0,0,4,4
[2020-06-24 22:47:21] CSV_TYPE_HIERARCHY: 0,0,2,2
[2020-06-24 22:47:21] CSV_TYPE_HIERARCHY: 0,0,1,1
[2020-06-24 22:47:21] CSV_TYPE_HIERARCHY: 0,0,12,15
[2020-06-24 22:47:21] CSV_TYPE_HIERARCHY: 0,0,2,2
[2020-06-24 22:47:21] CSV_TYPE_HIERARCHY: 0,0,2,2
[2020-06-24 22:47:21] CSV_TYPE_HIERARCHY: 0,0,6,7
[2020-06-24 22:47:21] CSV_TYPE_HIERARCHY: 0,0,4,4
[2020-06-24 22:47:21] CSV_TYPE_HIERARCHY: 0,0,6,6
[2020-06-24 22:47:21] CSV_TYPE_HIERARCHY: 0,0,4,4
[2020-06-24 22:47:21] CSV_TYPE_HIERARCHY: 0,0,2,2
[2020-06-24 22:47:21] CSV_TYPE_HIERARCHY: 0,0,6,7
[2020-06-24 22:47:21] CSV_TYPE_HIERARCHY: 0,0,2,2
[2020-06-24 22:47:21] CSV_TYPE_HIERARCHY: 0,0,2,2
[2020-06-24 22:47:21] CSV_TYPE_HIERARCHY: 0,0,10,13
[2020-06-24 22:47:21] CSV_TYPE_HIERARCHY: 0,0,3,3
[2020-06-24 22:47:21] CSV_TYPE_HIERARCHY: 0,0,2,2
[2020-06-24 22:47:21] CSV_TYPE_HIERARCHY: 0,0,4,4
[2020-06-24 22:47:21] CSV_TYPE_HIERARCHY: 0,0,0,0
[2020-06-24 22:47:21] CSV_TYPE_HIERARCHY: 0,0,0,0
[2020-06-24 22:47:21] CSV_TYPE_HIERARCHY: 0,0,0,0
[2020-06-24 22:47:21] CSV_TYPE_HIERARCHY: 0,0,0,0
[2020-06-24 22:47:21] CSV_TYPE_HIERARCHY: 0,0,0,0
[2020-06-24 22:47:21] CSV_TYPE_HIERARCHY: 0,0,0,0
[2020-06-24 22:47:21] CSV_TYPE_HIERARCHY: 0,0,0,0
[2020-06-24 22:47:21] CSV_TYPE_HIERARCHY: 0,0,0,0
[2020-06-24 22:47:21] CSV_TYPE_HIERARCHY: 0,0,0,0
[2020-06-24 22:47:21] CSV_TYPE_HIERARCHY: 0,0,0,0
[2020-06-24 22:47:21] CSV_TYPE_HIERARCHY: 0,0,0,0
[2020-06-24 22:47:21] CSV_TYPE_HIERARCHY: 0,0,0,0
[2020-06-24 22:47:21] CSV_TYPE_HIERARCHY: 0,0,0,0
[2020-06-24 22:47:21] CSV_TYPE_HIERARCHY: 0,0,0,0
[2020-06-24 22:47:21] CSV_TYPE_HIERARCHY: 0,0,0,0
[2020-06-24 22:47:21] CSV_TYPE_HIERARCHY: 0,0,0,0
[2020-06-24 22:47:21] CSV_TYPE_HIERARCHY: 0,0,0,0
[2020-06-24 22:47:21] CSV_TYPE_HIERARCHY: 0,0,0,0
[2020-06-24 22:47:21] CSV_TYPE_HIERARCHY: 0,0,0,0
[2020-06-24 22:47:21] CSV_TYPE_HIERARCHY: 0,0,0,0
[2020-06-24 22:47:21] CSV_TYPE_HIERARCHY: 0,0,0,0
[2020-06-24 22:47:21] CSV_TYPE_HIERARCHY: 0,0,0,0
[2020-06-24 22:47:21] CSV_TYPE_HIERARCHY: 0,0,0,0
[2020-06-24 22:47:22] Type Inference time: 00:02.043
[2020-06-24 22:47:22] Binding Checks ...
[2020-06-24 22:47:23] Binding Checks time: 00:01.277
[2020-06-24 22:47:23] [WARN] execute queries> WARNING: Unused predicate incorrect (/home/ellen/Documents/APIModellingProj/JSEventBasedAPILearning/data/analyse.ql:923,11-20)
[2020-06-24 22:47:23] [WARN] execute queries> WARNING: Unused predicate knownUnknown (/home/ellen/Documents/APIModellingProj/JSEventBasedAPILearning/data/analyse.ql:971,11-23)
[2020-06-24 22:47:23] [ERROR] execute queries> ERROR: 'extAccessPath' is not bound to a value. (/home/ellen/Documents/APIModellingProj/JSEventBasedAPILearning/data/analyse.ql:265,12-32)
[2020-06-24 22:47:23] [ERROR] execute queries> ERROR: call argument is not bound to a value. (/home/ellen/Documents/APIModellingProj/JSEventBasedAPILearning/data/analyse.ql:265,55-68)
[2020-06-24 22:47:23] [ERROR] execute queries> ERROR: 'extAccessPath' is not bound to a value. (/home/ellen/Documents/APIModellingProj/JSEventBasedAPILearning/data/analyse.ql:265,77-90)
[2020-06-24 22:47:23] [ERROR] execute queries> ERROR: call argument is not bound to a value. (/home/ellen/Documents/APIModellingProj/JSEventBasedAPILearning/data/analyse.ql:265,70-71)
[2020-06-24 22:47:23] [ERROR] execute queries> ERROR: 'extAccessPath' is not bound to a value. (/home/ellen/Documents/APIModellingProj/JSEventBasedAPILearning/data/analyse.ql:273,12-32)
[2020-06-24 22:47:23] [ERROR] execute queries> ERROR: call argument is not bound to a value. (/home/ellen/Documents/APIModellingProj/JSEventBasedAPILearning/data/analyse.ql:273,55-68)
[2020-06-24 22:47:23] [ERROR] execute queries> ERROR: 'extAccessPath' is not bound to a value. (/home/ellen/Documents/APIModellingProj/JSEventBasedAPILearning/data/analyse.ql:273,77-90)
[2020-06-24 22:47:23] [ERROR] execute queries> ERROR: call argument is not bound to a value. (/home/ellen/Documents/APIModellingProj/JSEventBasedAPILearning/data/analyse.ql:273,70-71)
[2020-06-24 22:47:23] [ERROR] execute queries> ERROR: 'accessPath' is not bound to a value. (/home/ellen/Documents/APIModellingProj/JSEventBasedAPILearning/data/analyse.ql:958,19-36)
[2020-06-24 22:47:23] [ERROR] execute queries> ERROR: 'd' is not bound to a value. (/home/ellen/Documents/APIModellingProj/JSEventBasedAPILearning/data/analyse.ql:963,15-23)
[2020-06-24 22:47:23] [ERROR] execute queries> ERROR: 'd' is not bound to a value. (/home/ellen/Documents/APIModellingProj/JSEventBasedAPILearning/data/analyse.ql:963,71-72)
[2020-06-24 22:47:23] [ERROR] execute queries> ERROR: expression is not bound to a value. (/home/ellen/Documents/APIModellingProj/JSEventBasedAPILearning/data/analyse.ql:963,39-72)
[2020-06-24 22:47:23] [ERROR] execute queries> ERROR: expression is not bound to a value. (/home/ellen/Documents/APIModellingProj/JSEventBasedAPILearning/data/analyse.ql:963,39-72)
[2020-06-24 22:47:23] [ERROR] execute queries> ERROR: expression is not bound to a value. (/home/ellen/Documents/APIModellingProj/JSEventBasedAPILearning/data/analyse.ql:963,39-79)
[2020-06-24 22:47:23] [ERROR] execute queries> ERROR: 'd' is not bound to a value. (/home/ellen/Documents/APIModellingProj/JSEventBasedAPILearning/data/analyse.ql:965,15-23)
[2020-06-24 22:47:23] [ERROR] execute queries> ERROR: 'd' is not bound to a value. (/home/ellen/Documents/APIModellingProj/JSEventBasedAPILearning/data/analyse.ql:965,71-72)
[2020-06-24 22:47:23] [ERROR] execute queries> ERROR: expression is not bound to a value. (/home/ellen/Documents/APIModellingProj/JSEventBasedAPILearning/data/analyse.ql:965,39-72)
[2020-06-24 22:47:23] [ERROR] execute queries> ERROR: expression is not bound to a value. (/home/ellen/Documents/APIModellingProj/JSEventBasedAPILearning/data/analyse.ql:965,39-72)
[2020-06-24 22:47:23] [ERROR] execute queries> ERROR: expression is not bound to a value. (/home/ellen/Documents/APIModellingProj/JSEventBasedAPILearning/data/analyse.ql:965,39-79)
[2020-06-24 22:47:23] [ERROR] execute queries> ERROR: 'accessPath' is not bound to a value. (/home/ellen/Documents/APIModellingProj/JSEventBasedAPILearning/data/analyse.ql:980,6-23)
[2020-06-24 22:47:23] [ERROR] execute queries> ERROR: 'eventName' is not bound to a value. (/home/ellen/Documents/APIModellingProj/JSEventBasedAPILearning/data/analyse.ql:980,25-41)
[2020-06-24 22:47:23] [ERROR] execute queries> ERROR: call argument is not bound to a value. (/home/ellen/Documents/APIModellingProj/JSEventBasedAPILearning/data/analyse.ql:981,27-37)
[2020-06-24 22:47:23] [ERROR] execute queries> ERROR: call argument is not bound to a value. (/home/ellen/Documents/APIModellingProj/JSEventBasedAPILearning/data/analyse.ql:981,39-48)
[2020-06-24 22:47:23] [ERROR] execute queries> ERROR: call argument is not bound to a value. (/home/ellen/Documents/APIModellingProj/JSEventBasedAPILearning/data/analyse.ql:982,13-23)
[2020-06-24 22:47:23] [ERROR] execute queries> ERROR: call argument is not bound to a value. (/home/ellen/Documents/APIModellingProj/JSEventBasedAPILearning/data/analyse.ql:982,25-34)
[2020-06-24 22:47:23] [ERROR] execute queries> ERROR: 'accessPath' is not bound to a value. (/home/ellen/Documents/APIModellingProj/JSEventBasedAPILearning/data/analyse.ql:923,21-38)
[2020-06-24 22:47:23] [ERROR] execute queries> ERROR: 'd' is not bound to a value. (/home/ellen/Documents/APIModellingProj/JSEventBasedAPILearning/data/analyse.ql:933,15-23)
[2020-06-24 22:47:23] [ERROR] execute queries> ERROR: 'd' is not bound to a value. (/home/ellen/Documents/APIModellingProj/JSEventBasedAPILearning/data/analyse.ql:933,71-72)
[2020-06-24 22:47:23] [ERROR] execute queries> ERROR: expression is not bound to a value. (/home/ellen/Documents/APIModellingProj/JSEventBasedAPILearning/data/analyse.ql:933,39-72)
[2020-06-24 22:47:23] [ERROR] execute queries> ERROR: expression is not bound to a value. (/home/ellen/Documents/APIModellingProj/JSEventBasedAPILearning/data/analyse.ql:933,39-72)
[2020-06-24 22:47:23] [ERROR] execute queries> ERROR: expression is not bound to a value. (/home/ellen/Documents/APIModellingProj/JSEventBasedAPILearning/data/analyse.ql:933,39-79)
[2020-06-24 22:47:23] [ERROR] execute queries> ERROR: 'd' is not bound to a value. (/home/ellen/Documents/APIModellingProj/JSEventBasedAPILearning/data/analyse.ql:935,15-23)
[2020-06-24 22:47:23] [ERROR] execute queries> ERROR: 'd' is not bound to a value. (/home/ellen/Documents/APIModellingProj/JSEventBasedAPILearning/data/analyse.ql:935,77-78)
[2020-06-24 22:47:23] [ERROR] execute queries> ERROR: expression is not bound to a value. (/home/ellen/Documents/APIModellingProj/JSEventBasedAPILearning/data/analyse.ql:935,39-78)
[2020-06-24 22:47:23] [ERROR] execute queries> ERROR: expression is not bound to a value. (/home/ellen/Documents/APIModellingProj/JSEventBasedAPILearning/data/analyse.ql:935,39-78)
[2020-06-24 22:47:23] [ERROR] execute queries> ERROR: expression is not bound to a value. (/home/ellen/Documents/APIModellingProj/JSEventBasedAPILearning/data/analyse.ql:935,39-85)
[2020-06-24 22:47:23] [ERROR] execute queries> ERROR: 'd' is not bound to a value. (/home/ellen/Documents/APIModellingProj/JSEventBasedAPILearning/data/analyse.ql:937,15-23)
[2020-06-24 22:47:23] [ERROR] execute queries> ERROR: 'd' is not bound to a value. (/home/ellen/Documents/APIModellingProj/JSEventBasedAPILearning/data/analyse.ql:937,71-72)
[2020-06-24 22:47:23] [ERROR] execute queries> ERROR: expression is not bound to a value. (/home/ellen/Documents/APIModellingProj/JSEventBasedAPILearning/data/analyse.ql:937,39-72)
[2020-06-24 22:47:23] [ERROR] execute queries> ERROR: expression is not bound to a value. (/home/ellen/Documents/APIModellingProj/JSEventBasedAPILearning/data/analyse.ql:937,39-72)
[2020-06-24 22:47:23] [ERROR] execute queries> ERROR: expression is not bound to a value. (/home/ellen/Documents/APIModellingProj/JSEventBasedAPILearning/data/analyse.ql:937,39-79)
[2020-06-24 22:47:23] [ERROR] execute queries> ERROR: 'd' is not bound to a value. (/home/ellen/Documents/APIModellingProj/JSEventBasedAPILearning/data/analyse.ql:939,15-23)
[2020-06-24 22:47:23] [ERROR] execute queries> ERROR: 'd' is not bound to a value. (/home/ellen/Documents/APIModellingProj/JSEventBasedAPILearning/data/analyse.ql:939,78-79)
[2020-06-24 22:47:23] [ERROR] execute queries> ERROR: expression is not bound to a value. (/home/ellen/Documents/APIModellingProj/JSEventBasedAPILearning/data/analyse.ql:939,39-79)
[2020-06-24 22:47:23] [ERROR] execute queries> ERROR: expression is not bound to a value. (/home/ellen/Documents/APIModellingProj/JSEventBasedAPILearning/data/analyse.ql:939,39-79)
[2020-06-24 22:47:23] [ERROR] execute queries> ERROR: expression is not bound to a value. (/home/ellen/Documents/APIModellingProj/JSEventBasedAPILearning/data/analyse.ql:939,39-86)
[2020-06-24 22:47:23] Sequence stamp origin is -6711774462598110519
[2020-06-24 22:47:23] Stopped the world to close the cache at sequence stamp o+0
[2020-06-24 22:47:23] The disk cache is freshly trimmed; leave it be.
[2020-06-24 22:47:23] Starting the world again
[2020-06-24 22:47:23] Exiting with code 1
