[2020-03-18 18:26:24] This is codeql execute queries -J-Xmx12800M --off-heap-ram=12800 --verbosity=progress --logdir=/home/ellen/Documents/ASJProj/TESTING_reordering/QLDBs/fiddle/log --warnings=show --output=/home/ellen/Documents/ASJProj/AsyncAnalysis/temp_swaps.bqrs -- /home/ellen/Documents/ASJProj/TESTING_reordering/QLDBs/fiddle/db-javascript /home/ellen/Documents/ASJProj/AsyncAnalysis/console_getStmtAndSets.ql
[2020-03-18 18:26:24] Creating executor with 1 threads.
[2020-03-18 18:26:24] Calling plumbing command: codeql resolve library-path --query=/home/ellen/Documents/ASJProj/AsyncAnalysis/console_getStmtAndSets.ql --format=json
[2020-03-18 18:26:24] [DETAILS] resolve library-path> Resolving query at normalized path /home/ellen/Documents/ASJProj/AsyncAnalysis/console_getStmtAndSets.ql.
[2020-03-18 18:26:24] [DETAILS] resolve library-path> Found enclosing pack 'await-reordering-analysis' at /home/ellen/Documents/ASJProj/AsyncAnalysis.
[2020-03-18 18:26:24] [DETAILS] resolve library-path> Adding compilation cache at /home/ellen/Documents/ASJProj/AsyncAnalysis/.cache.
[2020-03-18 18:26:24] [DETAILS] resolve library-path> Resolving library dependencies from /home/ellen/Documents/ASJProj/AsyncAnalysis/qlpack.yml.
[2020-03-18 18:26:24] [SPAMMIER] resolve library-path> Recursing into /home/ellen/codeql_home.
[2020-03-18 18:26:24] [SPAMMIER] resolve library-path> Recursing into /home/ellen/codeql_home/ql.
[2020-03-18 18:26:24] [SPAMMIER] resolve library-path> Recursing into /home/ellen/codeql_home/ql/misc/legacy-support.
[2020-03-18 18:26:24] [DETAILS] resolve library-path> QL pack dependencies for /home/ellen/Documents/ASJProj/AsyncAnalysis resolved OK.
[2020-03-18 18:26:24] [DETAILS] resolve library-path> Found dbscheme through QL packs: /home/ellen/codeql_home/ql/javascript/ql/src/semmlecode.javascript.dbscheme.
[2020-03-18 18:26:24] Plumbing command codeql resolve library-path completed:
                      {
                        "libraryPath" : [
                          "/home/ellen/Documents/ASJProj/AsyncAnalysis",
                          "/home/ellen/codeql_home/ql/javascript/ql/src"
                        ],
                        "dbscheme" : "/home/ellen/codeql_home/ql/javascript/ql/src/semmlecode.javascript.dbscheme",
                        "compilationCache" : [
                          "/home/ellen/Documents/ASJProj/AsyncAnalysis/.cache"
                        ],
                        "relativeName" : "await-reordering-analysis/console_getStmtAndSets.ql"
                      }
[2020-03-18 18:26:24] [PROGRESS] execute queries> Compiling query plan for /home/ellen/Documents/ASJProj/AsyncAnalysis/console_getStmtAndSets.ql.
[2020-03-18 18:26:24] [DETAILS] execute queries> Resolving imports for /home/ellen/Documents/ASJProj/AsyncAnalysis/console_getStmtAndSets.ql.
[2020-03-18 18:26:25] Resolved file set for /home/ellen/Documents/ASJProj/AsyncAnalysis/console_getStmtAndSets.ql hashes to 9425258dfc5a851a5c6fffeaac0a9e29a0756ce9.
[2020-03-18 18:26:25] [DETAILS] execute queries> Checking QL for /home/ellen/Documents/ASJProj/AsyncAnalysis/console_getStmtAndSets.ql.
[2020-03-18 18:26:25] ExternalModuleBindingPass ...
[2020-03-18 18:26:26] ExternalModuleBindingPass time: 00:00.450
[2020-03-18 18:26:26] QLPredicateSynthesiser ...
[2020-03-18 18:26:26] QLPredicateSynthesiser time: 00:00.033
[2020-03-18 18:26:26] DeclarationBindingPass ...
[2020-03-18 18:26:26] DeclarationBindingPass time: 00:00.058
[2020-03-18 18:26:27] ReferenceBindingCheck ...
[2020-03-18 18:26:27] ReferenceBindingCheck time: 00:00.102
[2020-03-18 18:26:27] PredicateBodyBindingPass ...
[2020-03-18 18:26:28] PredicateBodyBindingPass time: 00:00.390
[2020-03-18 18:26:28] LanguagePragmaPropagationPass ...
[2020-03-18 18:26:28] LanguagePragmaPropagationPass time: 00:00.016
[2020-03-18 18:26:28] Ambiguity checks ...
[2020-03-18 18:26:28] Ambiguity checks time: 00:00.041
[2020-03-18 18:26:28] Ql checks ...
[2020-03-18 18:26:28] Ql checks time: 00:00.434
[2020-03-18 18:26:28] [ERROR] execute queries> ERROR: getChildExpr() cannot be resolved for type Expr (/home/ellen/Documents/ASJProj/AsyncAnalysis/ReorderingUtils.qll:1050,31-43)
[2020-03-18 18:26:28] Sequence stamp origin is -6748208013136792010
[2020-03-18 18:26:28] Stopped the world to close the cache at sequence stamp o+0
[2020-03-18 18:26:28] The disk cache is freshly trimmed; leave it be.
[2020-03-18 18:26:28] Starting the world again
[2020-03-18 18:26:28] Exiting with code 1
