[2020-03-18 12:38:46] This is codeql execute queries -J-Xmx12800M --off-heap-ram=12800 --verbosity=progress --logdir=/home/ellen/Documents/ASJProj/TESTING_reordering/QLDBs/fiddle/log --warnings=show --output=/home/ellen/Documents/ASJProj/AsyncAnalysis/temp_swaps.bqrs -- /home/ellen/Documents/ASJProj/TESTING_reordering/QLDBs/fiddle/db-javascript /home/ellen/Documents/ASJProj/AsyncAnalysis/console_getStmtAndSets.ql
[2020-03-18 12:38:46] Creating executor with 1 threads.
[2020-03-18 12:38:47] Calling plumbing command: codeql resolve library-path --query=/home/ellen/Documents/ASJProj/AsyncAnalysis/console_getStmtAndSets.ql --format=json
[2020-03-18 12:38:47] [DETAILS] resolve library-path> Resolving query at normalized path /home/ellen/Documents/ASJProj/AsyncAnalysis/console_getStmtAndSets.ql.
[2020-03-18 12:38:47] [DETAILS] resolve library-path> Found enclosing pack 'await-reordering-analysis' at /home/ellen/Documents/ASJProj/AsyncAnalysis.
[2020-03-18 12:38:47] [DETAILS] resolve library-path> Adding compilation cache at /home/ellen/Documents/ASJProj/AsyncAnalysis/.cache.
[2020-03-18 12:38:47] [DETAILS] resolve library-path> Resolving library dependencies from /home/ellen/Documents/ASJProj/AsyncAnalysis/qlpack.yml.
[2020-03-18 12:38:47] [SPAMMIER] resolve library-path> Recursing into /home/ellen/codeql_home.
[2020-03-18 12:38:47] [SPAMMIER] resolve library-path> Recursing into /home/ellen/codeql_home/ql.
[2020-03-18 12:38:47] [SPAMMIER] resolve library-path> Recursing into /home/ellen/codeql_home/ql/misc/legacy-support.
[2020-03-18 12:38:47] [DETAILS] resolve library-path> QL pack dependencies for /home/ellen/Documents/ASJProj/AsyncAnalysis resolved OK.
[2020-03-18 12:38:47] [DETAILS] resolve library-path> Found dbscheme through QL packs: /home/ellen/codeql_home/ql/javascript/ql/src/semmlecode.javascript.dbscheme.
[2020-03-18 12:38:47] Plumbing command codeql resolve library-path completed:
                      {
                        "libraryPath" : [
                          "/home/ellen/Documents/ASJProj/AsyncAnalysis",
                          "/home/ellen/codeql_home/ql/javascript/ql/src"
                        ],
                        "dbscheme" : "/home/ellen/codeql_home/ql/javascript/ql/src/semmlecode.javascript.dbscheme",
                        "compilationCache" : [
                          "/home/ellen/Documents/ASJProj/AsyncAnalysis/.cache"
                        ],
                        "relativeName" : "await-reordering-analysis/console_getStmtAndSets.ql"
                      }
[2020-03-18 12:38:47] [PROGRESS] execute queries> Compiling query plan for /home/ellen/Documents/ASJProj/AsyncAnalysis/console_getStmtAndSets.ql.
[2020-03-18 12:38:47] [DETAILS] execute queries> Resolving imports for /home/ellen/Documents/ASJProj/AsyncAnalysis/console_getStmtAndSets.ql.
[2020-03-18 12:38:47] Resolved file set for /home/ellen/Documents/ASJProj/AsyncAnalysis/console_getStmtAndSets.ql hashes to 087d1a5ae862f72daa64fb2f75a89746461e83f1.
[2020-03-18 12:38:47] [DETAILS] execute queries> Checking QL for /home/ellen/Documents/ASJProj/AsyncAnalysis/console_getStmtAndSets.ql.
[2020-03-18 12:38:48] ExternalModuleBindingPass ...
[2020-03-18 12:38:48] ExternalModuleBindingPass time: 00:00.735
[2020-03-18 12:38:48] QLPredicateSynthesiser ...
[2020-03-18 12:38:48] QLPredicateSynthesiser time: 00:00.044
[2020-03-18 12:38:48] DeclarationBindingPass ...
[2020-03-18 12:38:48] DeclarationBindingPass time: 00:00.076
[2020-03-18 12:38:50] ReferenceBindingCheck ...
[2020-03-18 12:38:50] ReferenceBindingCheck time: 00:00.160
[2020-03-18 12:38:50] PredicateBodyBindingPass ...
[2020-03-18 12:38:51] PredicateBodyBindingPass time: 00:00.441
[2020-03-18 12:38:51] LanguagePragmaPropagationPass ...
[2020-03-18 12:38:51] LanguagePragmaPropagationPass time: 00:00.018
[2020-03-18 12:38:51] Ambiguity checks ...
[2020-03-18 12:38:51] Ambiguity checks time: 00:00.070
[2020-03-18 12:38:51] Ql checks ...
[2020-03-18 12:38:51] Ql checks time: 00:00.518
[2020-03-18 12:38:52] Compilation pipeline
[2020-03-18 12:38:53] Type Inference ...
[2020-03-18 12:38:53] CSV_TYPE_HIERARCHY: Best number of iterations,Maximum number of runs,Number of BDD variables,Size of BDD for typefacts
[2020-03-18 12:38:53] CSV_TYPE_HIERARCHY: 0,0,1,1
[2020-03-18 12:38:53] CSV_TYPE_HIERARCHY: 0,0,0,0
[2020-03-18 12:38:53] CSV_TYPE_HIERARCHY: 0,0,73,79
[2020-03-18 12:38:53] CSV_TYPE_HIERARCHY: 0,0,1,1
[2020-03-18 12:38:53] CSV_TYPE_HIERARCHY: 0,0,0,0
[2020-03-18 12:38:54] CSV_TYPE_HIERARCHY: 0,0,750,3877
[2020-03-18 12:38:54] CSV_TYPE_HIERARCHY: 0,0,573,2043
[2020-03-18 12:38:54] CSV_TYPE_HIERARCHY: 0,0,2,2
[2020-03-18 12:38:54] CSV_TYPE_HIERARCHY: 0,0,9,9
[2020-03-18 12:38:54] CSV_TYPE_HIERARCHY: 0,0,26,26
[2020-03-18 12:38:54] CSV_TYPE_HIERARCHY: 0,0,5,5
[2020-03-18 12:38:54] CSV_TYPE_HIERARCHY: 0,0,17,19
[2020-03-18 12:38:54] CSV_TYPE_HIERARCHY: 0,0,6,6
[2020-03-18 12:38:54] CSV_TYPE_HIERARCHY: 0,0,11,15
[2020-03-18 12:38:54] CSV_TYPE_HIERARCHY: 0,0,2,2
[2020-03-18 12:38:54] CSV_TYPE_HIERARCHY: 0,0,12,12
[2020-03-18 12:38:54] CSV_TYPE_HIERARCHY: 0,0,2,2
[2020-03-18 12:38:54] CSV_TYPE_HIERARCHY: 0,0,1,1
[2020-03-18 12:38:54] CSV_TYPE_HIERARCHY: 0,0,12,15
[2020-03-18 12:38:54] CSV_TYPE_HIERARCHY: 0,0,4,4
[2020-03-18 12:38:54] CSV_TYPE_HIERARCHY: 0,0,7,10
[2020-03-18 12:38:54] CSV_TYPE_HIERARCHY: 0,0,2,2
[2020-03-18 12:38:54] CSV_TYPE_HIERARCHY: 0,0,2,2
[2020-03-18 12:38:54] CSV_TYPE_HIERARCHY: 0,0,2,2
[2020-03-18 12:38:54] CSV_TYPE_HIERARCHY: 0,0,2,2
[2020-03-18 12:38:54] CSV_TYPE_HIERARCHY: 0,0,6,7
[2020-03-18 12:38:54] CSV_TYPE_HIERARCHY: 0,0,4,4
[2020-03-18 12:38:54] CSV_TYPE_HIERARCHY: 0,0,6,6
[2020-03-18 12:38:54] CSV_TYPE_HIERARCHY: 0,0,4,4
[2020-03-18 12:38:54] CSV_TYPE_HIERARCHY: 0,0,2,2
[2020-03-18 12:38:54] CSV_TYPE_HIERARCHY: 0,0,6,7
[2020-03-18 12:38:54] CSV_TYPE_HIERARCHY: 0,0,2,2
[2020-03-18 12:38:54] CSV_TYPE_HIERARCHY: 0,0,2,2
[2020-03-18 12:38:54] CSV_TYPE_HIERARCHY: 0,0,10,13
[2020-03-18 12:38:54] CSV_TYPE_HIERARCHY: 0,0,3,3
[2020-03-18 12:38:54] CSV_TYPE_HIERARCHY: 0,0,12,12
[2020-03-18 12:38:54] CSV_TYPE_HIERARCHY: 0,0,2,2
[2020-03-18 12:38:54] CSV_TYPE_HIERARCHY: 0,0,4,4
[2020-03-18 12:38:54] CSV_TYPE_HIERARCHY: 0,0,2,2
[2020-03-18 12:38:54] CSV_TYPE_HIERARCHY: 0,0,0,0
[2020-03-18 12:38:54] CSV_TYPE_HIERARCHY: 0,0,0,0
[2020-03-18 12:38:54] CSV_TYPE_HIERARCHY: 0,0,0,0
[2020-03-18 12:38:54] CSV_TYPE_HIERARCHY: 0,0,0,0
[2020-03-18 12:38:54] CSV_TYPE_HIERARCHY: 0,0,0,0
[2020-03-18 12:38:54] CSV_TYPE_HIERARCHY: 0,0,0,0
[2020-03-18 12:38:54] CSV_TYPE_HIERARCHY: 0,0,0,0
[2020-03-18 12:38:54] CSV_TYPE_HIERARCHY: 0,0,0,0
[2020-03-18 12:38:54] CSV_TYPE_HIERARCHY: 0,0,0,0
[2020-03-18 12:38:54] CSV_TYPE_HIERARCHY: 0,0,0,0
[2020-03-18 12:38:54] CSV_TYPE_HIERARCHY: 0,0,0,0
[2020-03-18 12:38:54] CSV_TYPE_HIERARCHY: 0,0,0,0
[2020-03-18 12:38:54] CSV_TYPE_HIERARCHY: 0,0,0,0
[2020-03-18 12:38:54] CSV_TYPE_HIERARCHY: 0,0,0,0
[2020-03-18 12:38:54] CSV_TYPE_HIERARCHY: 0,0,0,0
[2020-03-18 12:38:54] CSV_TYPE_HIERARCHY: 0,0,0,0
[2020-03-18 12:38:54] CSV_TYPE_HIERARCHY: 0,0,0,0
[2020-03-18 12:38:54] CSV_TYPE_HIERARCHY: 0,0,0,0
[2020-03-18 12:38:54] CSV_TYPE_HIERARCHY: 0,0,0,0
[2020-03-18 12:38:54] CSV_TYPE_HIERARCHY: 0,0,0,0
[2020-03-18 12:38:54] CSV_TYPE_HIERARCHY: 0,0,0,0
[2020-03-18 12:38:54] CSV_TYPE_HIERARCHY: 0,0,0,0
[2020-03-18 12:38:54] CSV_TYPE_HIERARCHY: 0,0,0,0
[2020-03-18 12:38:54] CSV_TYPE_HIERARCHY: 0,0,0,0
[2020-03-18 12:38:55] Type Inference time: 00:02.427
[2020-03-18 12:38:55] Binding Checks ...
[2020-03-18 12:38:56] Binding Checks time: 00:00.776
[2020-03-18 12:38:58] [DETAILS] execute queries> Optimizing /home/ellen/Documents/ASJProj/AsyncAnalysis/console_getStmtAndSets.ql.
[2020-03-18 12:38:58] Processing compilation pipeline
[2020-03-18 12:38:58] Started compiling a query
[2020-03-18 12:38:58] Initialising compiler...
[2020-03-18 12:38:58] 	 ... compiler initialised
[2020-03-18 12:38:58] About to start query optimisation
[2020-03-18 12:38:58] Compilation cache miss for a489476f42a0c921e0560beae66d7be439a85a1d.
[2020-03-18 12:38:59] Stored compiled program for a489476f42a0c921e0560beae66d7be439a85a1d.
[2020-03-18 12:38:59] CSV_COMPILATION: NONE,MISC,RA_TRANSLATION,OPTIMISATIONS
[2020-03-18 12:38:59] CSV_COMPILATION: 133,410,299,637
[2020-03-18 12:38:59] [PROGRESS] execute queries> [1/1] Compiled /home/ellen/Documents/ASJProj/AsyncAnalysis/console_getStmtAndSets.ql (12.7s).
[2020-03-18 12:38:59] Of 49 predicates, 0 are used in more than one query.
[2020-03-18 12:38:59] [PROGRESS] execute queries> Starting evaluation of await-reordering-analysis/console_getStmtAndSets.ql.
[2020-03-18 12:38:59] Starting evaluation of /home/ellen/Documents/ASJProj/AsyncAnalysis/console_getStmtAndSets.ql
[2020-03-18 12:38:59] (0s) Start query execution
[2020-03-18 12:38:59] (0s) Prepared IMB program for execution: took 0ms
[2020-03-18 12:38:59] (0s) Beginning execution of program...
[2020-03-18 12:39:00] (0s)  >>> Wrote relation files with 404 rows and 5 columns.
[2020-03-18 12:39:00] (0s)  >>> Wrote relation stmts with 24676 rows and 5 columns.
[2020-03-18 12:39:00] (0s) Starting to evaluate predicate stmts_0#antijoin_rhs/1@8b19d6
[2020-03-18 12:39:00] (0s)  >>> Wrote relation stmts_0#antijoin_rhs with 24676 rows and 1 columns.
[2020-03-18 12:39:00] (0s)  >>> Wrote relation hasLocation with 439344 rows and 2 columns.
[2020-03-18 12:39:00] (0s)  >>> Wrote relation typeexprs with 3046 rows and 5 columns.
[2020-03-18 12:39:00] (0s)  >>> Wrote relation properties with 4339 rows and 5 columns.
[2020-03-18 12:39:00] (0s)  >>> Wrote relation exprs with 121399 rows and 5 columns.
[2020-03-18 12:39:00] (0s)  >>> Wrote relation toplevels with 395 rows and 2 columns.
[2020-03-18 12:39:00] (0s) Starting to evaluate predicate @ast_node#b/1@2bf7f8
[2020-03-18 12:39:00] (0s)  >>> Wrote relation @ast_node#b with 153855 rows and 1 columns.
[2020-03-18 12:39:00] (0s) Starting to evaluate predicate AST::ASTNode::getLocation_dispred#bf/2@429bce
[2020-03-18 12:39:00] (0s)  >>> Wrote relation AST::ASTNode::getLocation_dispred#bf with 153855 rows and 2 columns.
[2020-03-18 12:39:00] (0s)  >>> Wrote relation locations_default with 354422 rows and 6 columns.
[2020-03-18 12:39:00] (0s) Starting to evaluate predicate locations_default_021#join_rhs/3@ca3c43
[2020-03-18 12:39:00] (0s)  >>> Wrote relation locations_default_021#join_rhs with 354422 rows and 3 columns.
[2020-03-18 12:39:00] (0s) Starting to evaluate predicate #select#f/1@c36ba2
[2020-03-18 12:39:00] (0s)  >>> Wrote relation #select#f with 1 rows and 1 columns.
[2020-03-18 12:39:00] (0s) Starting to evaluate predicate #select#query#fffffff#shared/2@5fb2ac
[2020-03-18 12:39:00] (0s)  >>> Wrote relation #select#query#fffffff#shared with 1 rows and 2 columns.
[2020-03-18 12:39:00] (0s) Starting to evaluate predicate #select#query#fffffff#shared#1/3@bb66aa
[2020-03-18 12:39:00] (0s)  >>> Wrote relation #select#query#fffffff#shared#1 with 1 rows and 3 columns.
[2020-03-18 12:39:00] (0s) Starting to evaluate predicate Locations::Location::hasLocationInfo_dispred#bfffff/6@9c049e
[2020-03-18 12:39:00] (0s)  >>> Wrote relation Locations::Location::hasLocationInfo_dispred#bfffff with 1 rows and 6 columns.
[2020-03-18 12:39:00] (0s) Starting to evaluate predicate #select#query#fffffff#antijoin_rhs/2@0ad08b
[2020-03-18 12:39:00] (0s)  >>> Wrote relation #select#query#fffffff#antijoin_rhs with 1 rows and 2 columns.
[2020-03-18 12:39:00] (0s) Starting to evaluate predicate #select#query#fffffff/7@109138
[2020-03-18 12:39:00] (0s)  >>> Wrote relation #select#query#fffffff with 1 rows and 7 columns.
[2020-03-18 12:39:00] (0s) Query done
[2020-03-18 12:39:00] CSV_CACHE_DIFF: Operation,Overall time,NONE,LOAD_EXTENSIONAL,PAGE_RELATION,SORT_RELATION,NODUPS_RELATION,GLOBAL_DISK_SYNC,GLOBAL_TRIM_DISK,GLOBAL_TRIM_STRINGS,GLOBAL_EVICTOR,SCAN_DISK,IO_TRIMMING,IO_WRITING
[2020-03-18 12:39:00] CSV_CACHE_DIFF: #select#query#fffffff (console_getStmtAndSets.ql),0.775,0.331,0.285,0.109,0,0,0,0,0,0,0,0,0
[2020-03-18 12:39:00] (0s) Sequence stamp origin is -6748297596254167168
[2020-03-18 12:39:00] (0s) Stopped the world to sync to disk at sequence stamp o+0
[2020-03-18 12:39:00] (0s) Starting the world again
[2020-03-18 12:39:00] CSV_IMB_QUERIES: Query type,Query predicate,Query name,Stage,Success,Time,Number of results,Cumulative time in query
[2020-03-18 12:39:00] CSV_IMB_QUERIES: Query,#select#query#fffffff,console_getStmtAndSets.ql,1,Success,0.775,1,797
[2020-03-18 12:39:00] Evaluation of /home/ellen/Documents/ASJProj/AsyncAnalysis/console_getStmtAndSets.ql produced BQRS results
[2020-03-18 12:39:00] [PROGRESS] execute queries> [1/1] Evaluation done (820ms); writing results to /home/ellen/Documents/ASJProj/AsyncAnalysis/temp_swaps.bqrs.
[2020-03-18 12:39:00] [PROGRESS] execute queries> Shutting down query evaluator.
[2020-03-18 12:39:00] Stopped the world to close the cache at sequence stamp o+1
[2020-03-18 12:39:00] The disk cache is freshly trimmed; leave it be.
[2020-03-18 12:39:00] Starting the world again
[2020-03-18 12:39:00] Terminating normally.
