[2020-03-18 13:02:26] This is codeql execute queries -J-Xmx12800M --off-heap-ram=12800 --verbosity=progress --logdir=/home/ellen/Documents/ASJProj/TESTING_reordering/QLDBs/fiddle/log --warnings=show --output=/home/ellen/Documents/ASJProj/AsyncAnalysis/temp_swaps.bqrs -- /home/ellen/Documents/ASJProj/TESTING_reordering/QLDBs/fiddle/db-javascript /home/ellen/Documents/ASJProj/AsyncAnalysis/console_getStmtAndSets.ql
[2020-03-18 13:02:26] Creating executor with 1 threads.
[2020-03-18 13:02:26] Calling plumbing command: codeql resolve library-path --query=/home/ellen/Documents/ASJProj/AsyncAnalysis/console_getStmtAndSets.ql --format=json
[2020-03-18 13:02:26] [DETAILS] resolve library-path> Resolving query at normalized path /home/ellen/Documents/ASJProj/AsyncAnalysis/console_getStmtAndSets.ql.
[2020-03-18 13:02:26] [DETAILS] resolve library-path> Found enclosing pack 'await-reordering-analysis' at /home/ellen/Documents/ASJProj/AsyncAnalysis.
[2020-03-18 13:02:26] [DETAILS] resolve library-path> Adding compilation cache at /home/ellen/Documents/ASJProj/AsyncAnalysis/.cache.
[2020-03-18 13:02:26] [DETAILS] resolve library-path> Resolving library dependencies from /home/ellen/Documents/ASJProj/AsyncAnalysis/qlpack.yml.
[2020-03-18 13:02:26] [SPAMMIER] resolve library-path> Recursing into /home/ellen/codeql_home.
[2020-03-18 13:02:26] [SPAMMIER] resolve library-path> Recursing into /home/ellen/codeql_home/ql.
[2020-03-18 13:02:26] [SPAMMIER] resolve library-path> Recursing into /home/ellen/codeql_home/ql/misc/legacy-support.
[2020-03-18 13:02:26] [DETAILS] resolve library-path> QL pack dependencies for /home/ellen/Documents/ASJProj/AsyncAnalysis resolved OK.
[2020-03-18 13:02:26] [DETAILS] resolve library-path> Found dbscheme through QL packs: /home/ellen/codeql_home/ql/javascript/ql/src/semmlecode.javascript.dbscheme.
[2020-03-18 13:02:26] Plumbing command codeql resolve library-path completed:
                      {
                        "libraryPath" : [
                          "/home/ellen/Documents/ASJProj/AsyncAnalysis",
                          "/home/ellen/codeql_home/ql/javascript/ql/src"
                        ],
                        "dbscheme" : "/home/ellen/codeql_home/ql/javascript/ql/src/semmlecode.javascript.dbscheme",
                        "compilationCache" : [
                          "/home/ellen/Documents/ASJProj/AsyncAnalysis/.cache"
                        ],
                        "relativeName" : "await-reordering-analysis/console_getStmtAndSets.ql"
                      }
[2020-03-18 13:02:26] [PROGRESS] execute queries> Compiling query plan for /home/ellen/Documents/ASJProj/AsyncAnalysis/console_getStmtAndSets.ql.
[2020-03-18 13:02:26] [DETAILS] execute queries> Resolving imports for /home/ellen/Documents/ASJProj/AsyncAnalysis/console_getStmtAndSets.ql.
[2020-03-18 13:02:27] Resolved file set for /home/ellen/Documents/ASJProj/AsyncAnalysis/console_getStmtAndSets.ql hashes to dfff394798ace902e0791b47fec48875a90cbb10.
[2020-03-18 13:02:27] [DETAILS] execute queries> Checking QL for /home/ellen/Documents/ASJProj/AsyncAnalysis/console_getStmtAndSets.ql.
[2020-03-18 13:02:27] ExternalModuleBindingPass ...
[2020-03-18 13:02:28] ExternalModuleBindingPass time: 00:00.624
[2020-03-18 13:02:28] QLPredicateSynthesiser ...
[2020-03-18 13:02:28] QLPredicateSynthesiser time: 00:00.065
[2020-03-18 13:02:28] DeclarationBindingPass ...
[2020-03-18 13:02:28] DeclarationBindingPass time: 00:00.087
[2020-03-18 13:02:30] ReferenceBindingCheck ...
[2020-03-18 13:02:30] ReferenceBindingCheck time: 00:00.162
[2020-03-18 13:02:30] PredicateBodyBindingPass ...
[2020-03-18 13:02:31] PredicateBodyBindingPass time: 00:00.522
[2020-03-18 13:02:31] LanguagePragmaPropagationPass ...
[2020-03-18 13:02:31] LanguagePragmaPropagationPass time: 00:00.020
[2020-03-18 13:02:31] Ambiguity checks ...
[2020-03-18 13:02:31] Ambiguity checks time: 00:00.063
[2020-03-18 13:02:31] Ql checks ...
[2020-03-18 13:02:31] Ql checks time: 00:00.623
[2020-03-18 13:02:31] [ERROR] execute queries> ERROR: unexpected input '.' expecting one of: '(', '*', '+' (/home/ellen/Documents/ASJProj/AsyncAnalysis/console_getStmtAndSets.ql:34,21-22)
[2020-03-18 13:02:31] [ERROR] execute queries> ERROR: asExpr() cannot be resolved for type Expr (/home/ellen/Documents/ASJProj/AsyncAnalysis/console_getStmtAndSets.ql:34,22-28)
[2020-03-18 13:02:32] Sequence stamp origin is -6748291498966663687
[2020-03-18 13:02:32] Stopped the world to close the cache at sequence stamp o+0
[2020-03-18 13:02:32] The disk cache is freshly trimmed; leave it be.
[2020-03-18 13:02:32] Starting the world again
[2020-03-18 13:02:32] Exiting with code 1
