[2020-06-24 23:59:51] This is codeql execute queries -J-Xmx12800M --off-heap-ram=12800 --verbosity=progress --logdir=/home/ellen/Documents/ASJProj/TESTING_reordering/QLDBs/fiddle/log --ml-model-path= --native-library-path= --warnings=show --output=/home/ellen/Documents/APIModellingProj/JSEventBasedAPILearning/data/temp.bqrs -- /home/ellen/Documents/ASJProj/TESTING_reordering/QLDBs/fiddle/db-javascript /home/ellen/Documents/APIModellingProj/JSEventBasedAPILearning/data/analyse.ql
[2020-06-24 23:59:51] Creating executor with 1 threads.
[2020-06-24 23:59:51] Calling plumbing command: codeql resolve library-path --query=/home/ellen/Documents/APIModellingProj/JSEventBasedAPILearning/data/analyse.ql --format=json
[2020-06-24 23:59:51] [DETAILS] resolve library-path> Resolving query at normalized path /home/ellen/Documents/APIModellingProj/JSEventBasedAPILearning/data/analyse.ql.
[2020-06-24 23:59:51] [DETAILS] resolve library-path> Found enclosing pack 'api-modelling-analysis' at /home/ellen/Documents/APIModellingProj/JSEventBasedAPILearning/data.
[2020-06-24 23:59:51] [DETAILS] resolve library-path> Adding compilation cache at /home/ellen/Documents/APIModellingProj/JSEventBasedAPILearning/data/.cache.
[2020-06-24 23:59:51] [DETAILS] resolve library-path> Resolving library dependencies from /home/ellen/Documents/APIModellingProj/JSEventBasedAPILearning/data/qlpack.yml.
[2020-06-24 23:59:51] [SPAMMIER] resolve library-path> Recursing into /home/ellen/codeql_home.
[2020-06-24 23:59:51] [SPAMMIER] resolve library-path> Recursing into /home/ellen/codeql_home/ql.
[2020-06-24 23:59:51] [SPAMMIER] resolve library-path> Recursing into /home/ellen/codeql_home/ql/misc/legacy-support.
[2020-06-24 23:59:51] [DETAILS] resolve library-path> QL pack dependencies for /home/ellen/Documents/APIModellingProj/JSEventBasedAPILearning/data resolved OK.
[2020-06-24 23:59:51] [DETAILS] resolve library-path> Found dbscheme through QL packs: /home/ellen/codeql_home/ql/javascript/ql/src/semmlecode.javascript.dbscheme.
[2020-06-24 23:59:51] Plumbing command codeql resolve library-path completed:
                      {
                        "libraryPath" : [
                          "/home/ellen/Documents/APIModellingProj/JSEventBasedAPILearning/data",
                          "/home/ellen/codeql_home/ql/javascript/ql/src"
                        ],
                        "dbscheme" : "/home/ellen/codeql_home/ql/javascript/ql/src/semmlecode.javascript.dbscheme",
                        "compilationCache" : [
                          "/home/ellen/Documents/APIModellingProj/JSEventBasedAPILearning/data/.cache"
                        ],
                        "relativeName" : "api-modelling-analysis/analyse.ql"
                      }
[2020-06-24 23:59:51] [PROGRESS] execute queries> Compiling query plan for /home/ellen/Documents/APIModellingProj/JSEventBasedAPILearning/data/analyse.ql.
[2020-06-24 23:59:51] [DETAILS] execute queries> Resolving imports for /home/ellen/Documents/APIModellingProj/JSEventBasedAPILearning/data/analyse.ql.
[2020-06-24 23:59:54] Resolved file set for /home/ellen/Documents/APIModellingProj/JSEventBasedAPILearning/data/analyse.ql hashes to dc19b189fd253cd1f3021186c00aee3a1afbcb7e.
[2020-06-24 23:59:54] [DETAILS] execute queries> Checking QL for /home/ellen/Documents/APIModellingProj/JSEventBasedAPILearning/data/analyse.ql.
[2020-06-24 23:59:54] ExternalModuleBindingPass ...
[2020-06-25 00:00:00] ExternalModuleBindingPass time: 00:05.925
[2020-06-25 00:00:00] QLPredicateSynthesiser ...
[2020-06-25 00:00:00] QLPredicateSynthesiser time: 00:00.065
[2020-06-25 00:00:00] DeclarationBindingPass ...
[2020-06-25 00:00:01] DeclarationBindingPass time: 00:00.431
[2020-06-25 00:00:01] Fixed point time ...
[2020-06-25 00:00:01] Fixed point time time: 00:00.573
[2020-06-25 00:00:01] ReferenceBindingPass ...
[2020-06-25 00:00:02] ReferenceBindingPass time: 00:00.353
[2020-06-25 00:00:02] EntityTypeUpdateBindingPass ...
[2020-06-25 00:00:02] EntityTypeUpdateBindingPass time: 00:00.141
[2020-06-25 00:00:02] ReferenceBindingCheck ...
[2020-06-25 00:00:02] ReferenceBindingCheck time: 00:00.144
[2020-06-25 00:00:02] PredicateBodyBindingPass ...
[2020-06-25 00:00:03] PredicateBodyBindingPass time: 00:00.705
[2020-06-25 00:00:03] LanguagePragmaPropagationPass ...
[2020-06-25 00:00:03] LanguagePragmaPropagationPass time: 00:00.081
[2020-06-25 00:00:03] Ambiguity checks ...
[2020-06-25 00:00:03] Ambiguity checks time: 00:00.078
[2020-06-25 00:00:03] Ql checks ...
[2020-06-25 00:00:04] Ql checks time: 00:01.278
[2020-06-25 00:00:04] [ERROR] execute queries> ERROR: Characteristic predicate named AnalyzedExtAPString expected (/home/ellen/Documents/APIModellingProj/JSEventBasedAPILearning/data/analyse.ql:951,3-22)
[2020-06-25 00:00:04] [WARN] execute queries> WARNING: Unused predicate incorrect (/home/ellen/Documents/APIModellingProj/JSEventBasedAPILearning/data/analyse.ql:958,11-20)
[2020-06-25 00:00:04] [WARN] execute queries> WARNING: Unused predicate correct (/home/ellen/Documents/APIModellingProj/JSEventBasedAPILearning/data/analyse.ql:993,11-18)
[2020-06-25 00:00:04] [WARN] execute queries> WARNING: Unused class AnalyzedPackageName (/home/ellen/Documents/APIModellingProj/JSEventBasedAPILearning/data/analyse.ql:925,7-26)
[2020-06-25 00:00:04] Sequence stamp origin is -6711755737240079549
[2020-06-25 00:00:04] Stopped the world to close the cache at sequence stamp o+0
[2020-06-25 00:00:04] The disk cache is freshly trimmed; leave it be.
[2020-06-25 00:00:04] Starting the world again
[2020-06-25 00:00:04] Exiting with code 1
