[2020-03-18 12:40:22] This is codeql execute queries -J-Xmx12800M --off-heap-ram=12800 --verbosity=progress --logdir=/home/ellen/Documents/ASJProj/TESTING_reordering/QLDBs/fiddle/log --warnings=show --output=/home/ellen/Documents/ASJProj/AsyncAnalysis/temp_swaps.bqrs -- /home/ellen/Documents/ASJProj/TESTING_reordering/QLDBs/fiddle/db-javascript /home/ellen/Documents/ASJProj/AsyncAnalysis/console_getStmtAndSets.ql
[2020-03-18 12:40:22] Creating executor with 1 threads.
[2020-03-18 12:40:22] Calling plumbing command: codeql resolve library-path --query=/home/ellen/Documents/ASJProj/AsyncAnalysis/console_getStmtAndSets.ql --format=json
[2020-03-18 12:40:22] [DETAILS] resolve library-path> Resolving query at normalized path /home/ellen/Documents/ASJProj/AsyncAnalysis/console_getStmtAndSets.ql.
[2020-03-18 12:40:23] [DETAILS] resolve library-path> Found enclosing pack 'await-reordering-analysis' at /home/ellen/Documents/ASJProj/AsyncAnalysis.
[2020-03-18 12:40:23] [DETAILS] resolve library-path> Adding compilation cache at /home/ellen/Documents/ASJProj/AsyncAnalysis/.cache.
[2020-03-18 12:40:23] [DETAILS] resolve library-path> Resolving library dependencies from /home/ellen/Documents/ASJProj/AsyncAnalysis/qlpack.yml.
[2020-03-18 12:40:23] [SPAMMIER] resolve library-path> Recursing into /home/ellen/codeql_home.
[2020-03-18 12:40:23] [SPAMMIER] resolve library-path> Recursing into /home/ellen/codeql_home/ql.
[2020-03-18 12:40:23] [SPAMMIER] resolve library-path> Recursing into /home/ellen/codeql_home/ql/misc/legacy-support.
[2020-03-18 12:40:23] [DETAILS] resolve library-path> QL pack dependencies for /home/ellen/Documents/ASJProj/AsyncAnalysis resolved OK.
[2020-03-18 12:40:23] [DETAILS] resolve library-path> Found dbscheme through QL packs: /home/ellen/codeql_home/ql/javascript/ql/src/semmlecode.javascript.dbscheme.
[2020-03-18 12:40:23] Plumbing command codeql resolve library-path completed:
                      {
                        "libraryPath" : [
                          "/home/ellen/Documents/ASJProj/AsyncAnalysis",
                          "/home/ellen/codeql_home/ql/javascript/ql/src"
                        ],
                        "dbscheme" : "/home/ellen/codeql_home/ql/javascript/ql/src/semmlecode.javascript.dbscheme",
                        "compilationCache" : [
                          "/home/ellen/Documents/ASJProj/AsyncAnalysis/.cache"
                        ],
                        "relativeName" : "await-reordering-analysis/console_getStmtAndSets.ql"
                      }
[2020-03-18 12:40:23] [PROGRESS] execute queries> Compiling query plan for /home/ellen/Documents/ASJProj/AsyncAnalysis/console_getStmtAndSets.ql.
[2020-03-18 12:40:23] [DETAILS] execute queries> Resolving imports for /home/ellen/Documents/ASJProj/AsyncAnalysis/console_getStmtAndSets.ql.
[2020-03-18 12:40:23] Resolved file set for /home/ellen/Documents/ASJProj/AsyncAnalysis/console_getStmtAndSets.ql hashes to 621458aa813a792161af7857c2ba249b1da544e7.
[2020-03-18 12:40:23] [DETAILS] execute queries> Checking QL for /home/ellen/Documents/ASJProj/AsyncAnalysis/console_getStmtAndSets.ql.
[2020-03-18 12:40:23] ExternalModuleBindingPass ...
[2020-03-18 12:40:24] ExternalModuleBindingPass time: 00:00.808
[2020-03-18 12:40:24] QLPredicateSynthesiser ...
[2020-03-18 12:40:24] QLPredicateSynthesiser time: 00:00.051
[2020-03-18 12:40:24] DeclarationBindingPass ...
[2020-03-18 12:40:24] DeclarationBindingPass time: 00:00.086
[2020-03-18 12:40:26] ReferenceBindingCheck ...
[2020-03-18 12:40:26] ReferenceBindingCheck time: 00:00.094
[2020-03-18 12:40:26] PredicateBodyBindingPass ...
[2020-03-18 12:40:27] PredicateBodyBindingPass time: 00:00.505
[2020-03-18 12:40:27] LanguagePragmaPropagationPass ...
[2020-03-18 12:40:27] LanguagePragmaPropagationPass time: 00:00.020
[2020-03-18 12:40:27] Ambiguity checks ...
[2020-03-18 12:40:27] Ambiguity checks time: 00:00.033
[2020-03-18 12:40:27] Ql checks ...
[2020-03-18 12:40:27] Ql checks time: 00:00.489
[2020-03-18 12:40:27] [ERROR] execute queries> ERROR: Could not resolve predicate stmtAccesses/1 (/home/ellen/Documents/ASJProj/AsyncAnalysis/console_getStmtAndSets.ql:18,5-17)
[2020-03-18 12:40:27] Sequence stamp origin is -6748297184813647677
[2020-03-18 12:40:27] Stopped the world to close the cache at sequence stamp o+0
[2020-03-18 12:40:27] The disk cache is freshly trimmed; leave it be.
[2020-03-18 12:40:27] Starting the world again
[2020-03-18 12:40:27] Exiting with code 1
