[2020-06-24 22:42:09] This is codeql execute queries -J-Xmx12800M --off-heap-ram=12800 --verbosity=progress --logdir=/home/ellen/Documents/ASJProj/TESTING_reordering/QLDBs/fiddle/log --ml-model-path= --native-library-path= --warnings=show --output=/home/ellen/Documents/APIModellingProj/JSEventBasedAPILearning/data/temp.bqrs -- /home/ellen/Documents/ASJProj/TESTING_reordering/QLDBs/fiddle/db-javascript /home/ellen/Documents/APIModellingProj/JSEventBasedAPILearning/data/analyse.ql
[2020-06-24 22:42:09] Creating executor with 1 threads.
[2020-06-24 22:42:10] Calling plumbing command: codeql resolve library-path --query=/home/ellen/Documents/APIModellingProj/JSEventBasedAPILearning/data/analyse.ql --format=json
[2020-06-24 22:42:10] [DETAILS] resolve library-path> Resolving query at normalized path /home/ellen/Documents/APIModellingProj/JSEventBasedAPILearning/data/analyse.ql.
[2020-06-24 22:42:10] [DETAILS] resolve library-path> Found enclosing pack 'api-modelling-analysis' at /home/ellen/Documents/APIModellingProj/JSEventBasedAPILearning/data.
[2020-06-24 22:42:10] [DETAILS] resolve library-path> Adding compilation cache at /home/ellen/Documents/APIModellingProj/JSEventBasedAPILearning/data/.cache.
[2020-06-24 22:42:10] [DETAILS] resolve library-path> Resolving library dependencies from /home/ellen/Documents/APIModellingProj/JSEventBasedAPILearning/data/qlpack.yml.
[2020-06-24 22:42:10] [SPAMMIER] resolve library-path> Recursing into /home/ellen/codeql_home.
[2020-06-24 22:42:10] [SPAMMIER] resolve library-path> Recursing into /home/ellen/codeql_home/ql.
[2020-06-24 22:42:10] [SPAMMIER] resolve library-path> Recursing into /home/ellen/codeql_home/ql/misc/legacy-support.
[2020-06-24 22:42:10] [DETAILS] resolve library-path> QL pack dependencies for /home/ellen/Documents/APIModellingProj/JSEventBasedAPILearning/data resolved OK.
[2020-06-24 22:42:10] [DETAILS] resolve library-path> Found dbscheme through QL packs: /home/ellen/codeql_home/ql/javascript/ql/src/semmlecode.javascript.dbscheme.
[2020-06-24 22:42:10] Plumbing command codeql resolve library-path completed:
                      {
                        "libraryPath" : [
                          "/home/ellen/Documents/APIModellingProj/JSEventBasedAPILearning/data",
                          "/home/ellen/codeql_home/ql/javascript/ql/src"
                        ],
                        "dbscheme" : "/home/ellen/codeql_home/ql/javascript/ql/src/semmlecode.javascript.dbscheme",
                        "compilationCache" : [
                          "/home/ellen/Documents/APIModellingProj/JSEventBasedAPILearning/data/.cache"
                        ],
                        "relativeName" : "api-modelling-analysis/analyse.ql"
                      }
[2020-06-24 22:42:10] [PROGRESS] execute queries> Compiling query plan for /home/ellen/Documents/APIModellingProj/JSEventBasedAPILearning/data/analyse.ql.
[2020-06-24 22:42:10] [DETAILS] execute queries> Resolving imports for /home/ellen/Documents/APIModellingProj/JSEventBasedAPILearning/data/analyse.ql.
[2020-06-24 22:42:11] Resolved file set for /home/ellen/Documents/APIModellingProj/JSEventBasedAPILearning/data/analyse.ql hashes to 65a07da272b29d3ad0aec78f7418e21a13eed89a.
[2020-06-24 22:42:11] [DETAILS] execute queries> Checking QL for /home/ellen/Documents/APIModellingProj/JSEventBasedAPILearning/data/analyse.ql.
[2020-06-24 22:42:11] ExternalModuleBindingPass ...
[2020-06-24 22:42:14] ExternalModuleBindingPass time: 00:02.812
[2020-06-24 22:42:14] QLPredicateSynthesiser ...
[2020-06-24 22:42:14] QLPredicateSynthesiser time: 00:00.041
[2020-06-24 22:42:14] DeclarationBindingPass ...
[2020-06-24 22:42:14] DeclarationBindingPass time: 00:00.245
[2020-06-24 22:42:14] Fixed point time ...
[2020-06-24 22:42:15] Fixed point time time: 00:00.284
[2020-06-24 22:42:15] ReferenceBindingPass ...
[2020-06-24 22:42:15] ReferenceBindingPass time: 00:00.071
[2020-06-24 22:42:15] EntityTypeUpdateBindingPass ...
[2020-06-24 22:42:15] EntityTypeUpdateBindingPass time: 00:00.063
[2020-06-24 22:42:15] ReferenceBindingCheck ...
[2020-06-24 22:42:15] ReferenceBindingCheck time: 00:00.057
[2020-06-24 22:42:15] PredicateBodyBindingPass ...
[2020-06-24 22:42:15] PredicateBodyBindingPass time: 00:00.535
[2020-06-24 22:42:15] LanguagePragmaPropagationPass ...
[2020-06-24 22:42:15] LanguagePragmaPropagationPass time: 00:00.051
[2020-06-24 22:42:15] Ambiguity checks ...
[2020-06-24 22:42:15] Ambiguity checks time: 00:00.078
[2020-06-24 22:42:15] Ql checks ...
[2020-06-24 22:42:16] Ql checks time: 00:00.865
[2020-06-24 22:42:17] [ERROR] execute queries> ERROR: Could not resolve predicate correct/0 (/home/ellen/Documents/APIModellingProj/JSEventBasedAPILearning/data/analyse.ql:974,8-15)
[2020-06-24 22:42:17] Sequence stamp origin is -6711775758963181986
[2020-06-24 22:42:17] Stopped the world to close the cache at sequence stamp o+0
[2020-06-24 22:42:17] The disk cache is freshly trimmed; leave it be.
[2020-06-24 22:42:17] Starting the world again
[2020-06-24 22:42:17] Exiting with code 1
