[2020-03-18 18:30:56] This is codeql execute queries -J-Xmx12800M --off-heap-ram=12800 --verbosity=progress --logdir=/home/ellen/Documents/ASJProj/TESTING_reordering/QLDBs/fiddle/log --warnings=show --output=/home/ellen/Documents/ASJProj/AsyncAnalysis/temp_swaps.bqrs -- /home/ellen/Documents/ASJProj/TESTING_reordering/QLDBs/fiddle/db-javascript /home/ellen/Documents/ASJProj/AsyncAnalysis/console_getStmtAndSets.ql
[2020-03-18 18:30:56] Creating executor with 1 threads.
[2020-03-18 18:30:56] Calling plumbing command: codeql resolve library-path --query=/home/ellen/Documents/ASJProj/AsyncAnalysis/console_getStmtAndSets.ql --format=json
[2020-03-18 18:30:56] [DETAILS] resolve library-path> Resolving query at normalized path /home/ellen/Documents/ASJProj/AsyncAnalysis/console_getStmtAndSets.ql.
[2020-03-18 18:30:56] [DETAILS] resolve library-path> Found enclosing pack 'await-reordering-analysis' at /home/ellen/Documents/ASJProj/AsyncAnalysis.
[2020-03-18 18:30:56] [DETAILS] resolve library-path> Adding compilation cache at /home/ellen/Documents/ASJProj/AsyncAnalysis/.cache.
[2020-03-18 18:30:56] [DETAILS] resolve library-path> Resolving library dependencies from /home/ellen/Documents/ASJProj/AsyncAnalysis/qlpack.yml.
[2020-03-18 18:30:56] [SPAMMIER] resolve library-path> Recursing into /home/ellen/codeql_home.
[2020-03-18 18:30:56] [SPAMMIER] resolve library-path> Recursing into /home/ellen/codeql_home/ql.
[2020-03-18 18:30:56] [SPAMMIER] resolve library-path> Recursing into /home/ellen/codeql_home/ql/misc/legacy-support.
[2020-03-18 18:30:56] [DETAILS] resolve library-path> QL pack dependencies for /home/ellen/Documents/ASJProj/AsyncAnalysis resolved OK.
[2020-03-18 18:30:56] [DETAILS] resolve library-path> Found dbscheme through QL packs: /home/ellen/codeql_home/ql/javascript/ql/src/semmlecode.javascript.dbscheme.
[2020-03-18 18:30:56] Plumbing command codeql resolve library-path completed:
                      {
                        "libraryPath" : [
                          "/home/ellen/Documents/ASJProj/AsyncAnalysis",
                          "/home/ellen/codeql_home/ql/javascript/ql/src"
                        ],
                        "dbscheme" : "/home/ellen/codeql_home/ql/javascript/ql/src/semmlecode.javascript.dbscheme",
                        "compilationCache" : [
                          "/home/ellen/Documents/ASJProj/AsyncAnalysis/.cache"
                        ],
                        "relativeName" : "await-reordering-analysis/console_getStmtAndSets.ql"
                      }
[2020-03-18 18:30:56] [PROGRESS] execute queries> Compiling query plan for /home/ellen/Documents/ASJProj/AsyncAnalysis/console_getStmtAndSets.ql.
[2020-03-18 18:30:56] [DETAILS] execute queries> Resolving imports for /home/ellen/Documents/ASJProj/AsyncAnalysis/console_getStmtAndSets.ql.
[2020-03-18 18:30:57] Resolved file set for /home/ellen/Documents/ASJProj/AsyncAnalysis/console_getStmtAndSets.ql hashes to 2bf6dca2d29d831ef4ccc5767fafedd57baf563a.
[2020-03-18 18:30:57] [DETAILS] execute queries> Checking QL for /home/ellen/Documents/ASJProj/AsyncAnalysis/console_getStmtAndSets.ql.
[2020-03-18 18:30:57] ExternalModuleBindingPass ...
[2020-03-18 18:30:58] ExternalModuleBindingPass time: 00:00.500
[2020-03-18 18:30:58] QLPredicateSynthesiser ...
[2020-03-18 18:30:58] QLPredicateSynthesiser time: 00:00.027
[2020-03-18 18:30:58] DeclarationBindingPass ...
[2020-03-18 18:30:58] DeclarationBindingPass time: 00:00.051
[2020-03-18 18:30:59] ReferenceBindingCheck ...
[2020-03-18 18:30:59] ReferenceBindingCheck time: 00:00.130
[2020-03-18 18:30:59] PredicateBodyBindingPass ...
[2020-03-18 18:31:00] PredicateBodyBindingPass time: 00:00.441
[2020-03-18 18:31:00] LanguagePragmaPropagationPass ...
[2020-03-18 18:31:00] LanguagePragmaPropagationPass time: 00:00.016
[2020-03-18 18:31:00] Ambiguity checks ...
[2020-03-18 18:31:00] Ambiguity checks time: 00:00.027
[2020-03-18 18:31:00] Ql checks ...
[2020-03-18 18:31:00] Ql checks time: 00:00.401
[2020-03-18 18:31:01] Compilation pipeline
[2020-03-18 18:31:01] Type Inference ...
[2020-03-18 18:31:01] CSV_TYPE_HIERARCHY: Best number of iterations,Maximum number of runs,Number of BDD variables,Size of BDD for typefacts
[2020-03-18 18:31:01] CSV_TYPE_HIERARCHY: 0,0,1,1
[2020-03-18 18:31:01] CSV_TYPE_HIERARCHY: 0,0,0,0
[2020-03-18 18:31:01] CSV_TYPE_HIERARCHY: 0,0,73,79
[2020-03-18 18:31:01] CSV_TYPE_HIERARCHY: 0,0,1,1
[2020-03-18 18:31:01] CSV_TYPE_HIERARCHY: 0,0,0,0
[2020-03-18 18:31:02] CSV_TYPE_HIERARCHY: 0,0,750,3877
[2020-03-18 18:31:02] CSV_TYPE_HIERARCHY: 0,0,573,2043
[2020-03-18 18:31:02] CSV_TYPE_HIERARCHY: 0,0,2,2
[2020-03-18 18:31:02] CSV_TYPE_HIERARCHY: 0,0,9,9
[2020-03-18 18:31:02] CSV_TYPE_HIERARCHY: 0,0,26,26
[2020-03-18 18:31:02] CSV_TYPE_HIERARCHY: 0,0,5,5
[2020-03-18 18:31:02] CSV_TYPE_HIERARCHY: 0,0,17,19
[2020-03-18 18:31:02] CSV_TYPE_HIERARCHY: 0,0,6,6
[2020-03-18 18:31:02] CSV_TYPE_HIERARCHY: 0,0,11,15
[2020-03-18 18:31:02] CSV_TYPE_HIERARCHY: 0,0,2,2
[2020-03-18 18:31:02] CSV_TYPE_HIERARCHY: 0,0,12,12
[2020-03-18 18:31:02] CSV_TYPE_HIERARCHY: 0,0,2,2
[2020-03-18 18:31:02] CSV_TYPE_HIERARCHY: 0,0,1,1
[2020-03-18 18:31:02] CSV_TYPE_HIERARCHY: 0,0,12,15
[2020-03-18 18:31:02] CSV_TYPE_HIERARCHY: 0,0,4,4
[2020-03-18 18:31:02] CSV_TYPE_HIERARCHY: 0,0,7,10
[2020-03-18 18:31:02] CSV_TYPE_HIERARCHY: 0,0,2,2
[2020-03-18 18:31:02] CSV_TYPE_HIERARCHY: 0,0,2,2
[2020-03-18 18:31:02] CSV_TYPE_HIERARCHY: 0,0,2,2
[2020-03-18 18:31:02] CSV_TYPE_HIERARCHY: 0,0,2,2
[2020-03-18 18:31:02] CSV_TYPE_HIERARCHY: 0,0,6,7
[2020-03-18 18:31:02] CSV_TYPE_HIERARCHY: 0,0,4,4
[2020-03-18 18:31:02] CSV_TYPE_HIERARCHY: 0,0,6,6
[2020-03-18 18:31:02] CSV_TYPE_HIERARCHY: 0,0,4,4
[2020-03-18 18:31:02] CSV_TYPE_HIERARCHY: 0,0,2,2
[2020-03-18 18:31:02] CSV_TYPE_HIERARCHY: 0,0,6,7
[2020-03-18 18:31:02] CSV_TYPE_HIERARCHY: 0,0,2,2
[2020-03-18 18:31:02] CSV_TYPE_HIERARCHY: 0,0,2,2
[2020-03-18 18:31:02] CSV_TYPE_HIERARCHY: 0,0,10,13
[2020-03-18 18:31:02] CSV_TYPE_HIERARCHY: 0,0,3,3
[2020-03-18 18:31:02] CSV_TYPE_HIERARCHY: 0,0,12,12
[2020-03-18 18:31:02] CSV_TYPE_HIERARCHY: 0,0,2,2
[2020-03-18 18:31:02] CSV_TYPE_HIERARCHY: 0,0,4,4
[2020-03-18 18:31:02] CSV_TYPE_HIERARCHY: 0,0,2,2
[2020-03-18 18:31:02] CSV_TYPE_HIERARCHY: 0,0,0,0
[2020-03-18 18:31:02] CSV_TYPE_HIERARCHY: 0,0,0,0
[2020-03-18 18:31:02] CSV_TYPE_HIERARCHY: 0,0,0,0
[2020-03-18 18:31:02] CSV_TYPE_HIERARCHY: 0,0,0,0
[2020-03-18 18:31:02] CSV_TYPE_HIERARCHY: 0,0,0,0
[2020-03-18 18:31:02] CSV_TYPE_HIERARCHY: 0,0,0,0
[2020-03-18 18:31:02] CSV_TYPE_HIERARCHY: 0,0,0,0
[2020-03-18 18:31:02] CSV_TYPE_HIERARCHY: 0,0,0,0
[2020-03-18 18:31:02] CSV_TYPE_HIERARCHY: 0,0,0,0
[2020-03-18 18:31:02] CSV_TYPE_HIERARCHY: 0,0,0,0
[2020-03-18 18:31:02] CSV_TYPE_HIERARCHY: 0,0,0,0
[2020-03-18 18:31:02] CSV_TYPE_HIERARCHY: 0,0,0,0
[2020-03-18 18:31:02] CSV_TYPE_HIERARCHY: 0,0,0,0
[2020-03-18 18:31:02] CSV_TYPE_HIERARCHY: 0,0,0,0
[2020-03-18 18:31:02] CSV_TYPE_HIERARCHY: 0,0,0,0
[2020-03-18 18:31:02] CSV_TYPE_HIERARCHY: 0,0,0,0
[2020-03-18 18:31:02] CSV_TYPE_HIERARCHY: 0,0,0,0
[2020-03-18 18:31:02] CSV_TYPE_HIERARCHY: 0,0,0,0
[2020-03-18 18:31:02] CSV_TYPE_HIERARCHY: 0,0,0,0
[2020-03-18 18:31:02] CSV_TYPE_HIERARCHY: 0,0,0,0
[2020-03-18 18:31:02] CSV_TYPE_HIERARCHY: 0,0,0,0
[2020-03-18 18:31:02] CSV_TYPE_HIERARCHY: 0,0,0,0
[2020-03-18 18:31:02] CSV_TYPE_HIERARCHY: 0,0,0,0
[2020-03-18 18:31:02] CSV_TYPE_HIERARCHY: 0,0,0,0
[2020-03-18 18:31:03] Type Inference time: 00:01.950
[2020-03-18 18:31:03] Binding Checks ...
[2020-03-18 18:31:03] Binding Checks time: 00:00.374
[2020-03-18 18:31:04] [DETAILS] execute queries> Optimizing /home/ellen/Documents/ASJProj/AsyncAnalysis/console_getStmtAndSets.ql.
[2020-03-18 18:31:04] Processing compilation pipeline
[2020-03-18 18:31:04] Started compiling a query
[2020-03-18 18:31:04] Initialising compiler...
[2020-03-18 18:31:04] 	 ... compiler initialised
[2020-03-18 18:31:04] About to start query optimisation
[2020-03-18 18:31:05] Compilation cache hit - skipping compilation.
[2020-03-18 18:31:05] Compilation cache hit - skipping compilation.
[2020-03-18 18:31:05] Compilation cache hit - skipping compilation.
[2020-03-18 18:31:06] Compilation cache hit - skipping compilation.
[2020-03-18 18:31:06] Compilation cache hit - skipping compilation.
[2020-03-18 18:31:06] Compilation cache hit - skipping compilation.
[2020-03-18 18:31:06] Compilation cache hit - skipping compilation.
[2020-03-18 18:31:06] Compilation cache hit - skipping compilation.
[2020-03-18 18:31:07] Compilation cache hit - skipping compilation.
[2020-03-18 18:31:07] Compilation cache hit - skipping compilation.
[2020-03-18 18:31:07] Compilation cache miss for 2de449eec08ce2e3e12c080287f80c1027eaf3f2.
[2020-03-18 18:31:09] Stored compiled program for 2de449eec08ce2e3e12c080287f80c1027eaf3f2.
[2020-03-18 18:31:09] CSV_COMPILATION: NONE,MISC,RA_TRANSLATION,OPTIMISATIONS
[2020-03-18 18:31:09] CSV_COMPILATION: 876,2028,630,800
[2020-03-18 18:31:09] [PROGRESS] execute queries> [1/1] Compiled /home/ellen/Documents/ASJProj/AsyncAnalysis/console_getStmtAndSets.ql (12.4s).
[2020-03-18 18:31:09] Of 1836 predicates, 0 are used in more than one query.
[2020-03-18 18:31:09] [PROGRESS] execute queries> Starting evaluation of await-reordering-analysis/console_getStmtAndSets.ql.
[2020-03-18 18:31:09] Starting evaluation of /home/ellen/Documents/ASJProj/AsyncAnalysis/console_getStmtAndSets.ql
[2020-03-18 18:31:09] (0s) Start query execution
[2020-03-18 18:31:09] CSV_IMB_QUERIES: Query type,Query predicate,Query name,Stage,Success,Time,Number of results,Cumulative time in query
[2020-03-18 18:31:09] CSV_IMB_QUERIES: Stage,AST::ASTNode::getTopLevel_dispred#ff,console_getStmtAndSets.ql,1,NotRun,0.012,0,131
[2020-03-18 18:31:09] CSV_CACHE_DIFF: Operation,Overall time,NONE,LOAD_EXTENSIONAL,PAGE_RELATION,SORT_RELATION,NODUPS_RELATION,GLOBAL_DISK_SYNC,GLOBAL_TRIM_DISK,GLOBAL_TRIM_STRINGS,GLOBAL_EVICTOR,SCAN_DISK,IO_TRIMMING,IO_WRITING
[2020-03-18 18:31:09] CSV_CACHE_DIFF: NotRun-AST::ASTNode::getTopLevel_dispred#ff (console_getStmtAndSets.ql),0.012,0,0,0,0,0,0,0,0,0,0,0,0
[2020-03-18 18:31:09] CSV_IMB_QUERIES: Stage,JSDoc::Documentable::getDocumentation_dispred#ff,console_getStmtAndSets.ql,2,NotRun,0.001,0,134
[2020-03-18 18:31:09] CSV_CACHE_DIFF: NotRun-JSDoc::Documentable::getDocumentation_dispred#ff (console_getStmtAndSets.ql),0.001,0,0,0,0,0,0,0,0,0,0,0,0
[2020-03-18 18:31:09] CSV_IMB_QUERIES: Stage,BasicBlocks::Internal::bbLength#ff BasicBlocks::Internal::useAt#ffff BasicBlocks::Internal::defAt#ffff BasicBlocks::Internal::reachableBB#f BasicBlocks::Internal::bbIndex#fff,console_getStmtAndSets.ql,3,NotRun,0.003,0,138
[2020-03-18 18:31:09] CSV_CACHE_DIFF: NotRun-BasicBlocks::Internal::bbLength#ff BasicBlocks::Internal::useAt#ffff BasicBlocks::Internal::defAt#ffff BasicBlocks::Internal::reachableBB#f BasicBlocks::Internal::bbIndex#fff (console_getStmtAndSets.ql),0.003,0,0,0,0,0,0,0,0,0,0,0,0
[2020-03-18 18:31:09] CSV_IMB_QUERIES: Stage,CFG::ControlFlowNode::getContainer_dispred#ff,console_getStmtAndSets.ql,4,NotRun,0.001,0,140
[2020-03-18 18:31:09] CSV_CACHE_DIFF: NotRun-CFG::ControlFlowNode::getContainer_dispred#ff (console_getStmtAndSets.ql),0.001,0,0,0,0,0,0,0,0,0,0,0,0
[2020-03-18 18:31:09] CSV_IMB_QUERIES: Stage,AST::StmtContainer::getEnclosingContainer_dispred#ff,console_getStmtAndSets.ql,5,NotRun,0.001,0,141
[2020-03-18 18:31:09] CSV_CACHE_DIFF: NotRun-AST::StmtContainer::getEnclosingContainer_dispred#ff (console_getStmtAndSets.ql),0.001,0,0,0,0,0,0,0,0,0,0,0,0
[2020-03-18 18:31:09] CSV_IMB_QUERIES: Stage,BasicBlocks::bbIDominates#ff,console_getStmtAndSets.ql,6,NotRun,0.001,0,143
[2020-03-18 18:31:09] CSV_CACHE_DIFF: NotRun-BasicBlocks::bbIDominates#ff (console_getStmtAndSets.ql),0.001,0,0,0,0,0,0,0,0,0,0,0,0
[2020-03-18 18:31:09] CSV_IMB_QUERIES: Stage,SSA::Internal::getDefReachingEndOf#fff SSA::Internal::getDefinition#ffff SSA::Internal::TCapture#ffff SSA::Internal::TImplicitInit#fff SSA::Internal::TExplicitDef#fffff SSA::Internal::TSsaDefinition#f SSA::Internal::TPhi#fff SSA::Internal::TRefinement#fffff SSA::Internal::Read#f SSA::Internal::Write#f SSA::Internal::RefKind#f,console_getStmtAndSets.ql,7,NotRun,0.005,0,149
[2020-03-18 18:31:09] CSV_CACHE_DIFF: NotRun-SSA::Internal::getDefReachingEndOf#fff SSA::Internal::getDefinition#ffff SSA::Internal::TCapture#ffff SSA::Internal::TImplicitInit#fff SSA::Internal::TExplicitDef#fffff SSA::Internal::TSsaDefinition#f SSA::Internal::TPhi#fff SSA::Internal::TRefinement#fffff SSA::Internal::Read#f SSA::Internal::Write#f SSA::Internal::RefKind#f (console_getStmtAndSets.ql),0.005,0,0,0,0,0,0,0,0,0,0,0,0
[2020-03-18 18:31:09] CSV_IMB_QUERIES: Stage,DataFlow::DataFlow::TValueNode#ff DataFlow::DataFlow::TSsaDefNode#ff DataFlow::DataFlow::TPropNode#ff DataFlow::DataFlow::TRestPatternNode#fff DataFlow::DataFlow::TDestructuringPatternNode#ff DataFlow::DataFlow::TElementPatternNode#fff DataFlow::DataFlow::TElementNode#fff DataFlow::DataFlow::TReflectiveCallNode#fff DataFlow::DataFlow::TThisNode#ff DataFlow::DataFlow::TUnusedParameterNode#ff DataFlow::DataFlow::TDestructuredModuleImportNode#ff DataFlow::DataFlow::THtmlAttributeNode#ff DataFlow::DataFlow::TExceptionalFunctionReturnNode#ff DataFlow::DataFlow::TExceptionalInvocationReturnNode#ff DataFlow::DataFlow::TGlobalAccessPathRoot#f DataFlow::DataFlow::TNode#f,console_getStmtAndSets.ql,8,NotRun,0.007,0,157
[2020-03-18 18:31:09] CSV_CACHE_DIFF: NotRun-DataFlow::DataFlow::TValueNode#ff DataFlow::DataFlow::TSsaDefNode#ff DataFlow::DataFlow::TPropNode#ff DataFlow::DataFlow::TRestPatternNode#fff DataFlow::DataFlow::TDestructuringPatternNode#ff DataFlow::DataFlow::TElementPatternNode#fff DataFlow::DataFlow::TElementNode#fff DataFlow::DataFlow::TReflectiveCallNode#fff DataFlow::DataFlow::TThisNode#ff DataFlow::DataFlow::TUnusedParameterNode#ff DataFlow::DataFlow::TDestructuredModuleImportNode#ff DataFlow::DataFlow::THtmlAttributeNode#ff DataFlow::DataFlow::TExceptionalFunctionReturnNode#ff DataFlow::DataFlow::TExceptionalInvocationReturnNode#ff DataFlow::DataFlow::TGlobalAccessPathRoot#f DataFlow::DataFlow::TNode#f (console_getStmtAndSets.ql),0.007,0,0,0,0,0,0,0,0,0,0,0,0
[2020-03-18 18:31:09] CSV_IMB_QUERIES: Stage,NodeJS::Require#f,console_getStmtAndSets.ql,9,NotRun,0,0,158
[2020-03-18 18:31:09] CSV_CACHE_DIFF: NotRun-NodeJS::Require#f (console_getStmtAndSets.ql),0,0,0,0,0,0,0,0,0,0,0,0,0
[2020-03-18 18:31:09] CSV_IMB_QUERIES: Stage,Sources::SourceNode::flowsTo_dispred#ff Sources::SourceNode::Range#class#f DataFlow::DataFlow::localFlowStep#ff,console_getStmtAndSets.ql,10,NotRun,0.003,0,161
[2020-03-18 18:31:09] CSV_CACHE_DIFF: NotRun-Sources::SourceNode::flowsTo_dispred#ff Sources::SourceNode::Range#class#f DataFlow::DataFlow::localFlowStep#ff (console_getStmtAndSets.ql),0.003,0,0,0,0,0,0,0,0,0,0,0,0
[2020-03-18 18:31:09] (0s) Prepared IMB program for execution: took 0ms
[2020-03-18 18:31:09] (0s) Beginning execution of program...
[2020-03-18 18:31:09] (0s)  >>> Wrote relation hasLocation with 439344 rows and 2 columns.
[2020-03-18 18:31:09] (0s)  >>> Wrote relation typeexprs with 3046 rows and 5 columns.
[2020-03-18 18:31:09] (0s) Starting to evaluate predicate typeexprs_0#antijoin_rhs/1@c0e2bb
[2020-03-18 18:31:09] (0s)  >>> Wrote relation typeexprs_0#antijoin_rhs with 3046 rows and 1 columns.
[2020-03-18 18:31:09] (0s)  >>> Wrote relation properties with 4339 rows and 5 columns.
[2020-03-18 18:31:09] (0s)  >>> Wrote relation exprs with 121399 rows and 5 columns.
[2020-03-18 18:31:09] (0s) Starting to evaluate predicate exprs_0#antijoin_rhs/1@7d20bb
[2020-03-18 18:31:09] (0s)  >>> Wrote relation exprs_0#antijoin_rhs with 121399 rows and 1 columns.
[2020-03-18 18:31:09] (0s)  >>> Wrote relation stmts with 24676 rows and 5 columns.
[2020-03-18 18:31:09] (0s) Starting to evaluate predicate stmts_0#antijoin_rhs/1@8b19d6
[2020-03-18 18:31:09] (0s)  >>> Wrote relation stmts_0#antijoin_rhs with 24676 rows and 1 columns.
[2020-03-18 18:31:09] (0s)  >>> Wrote relation toplevels with 395 rows and 2 columns.
[2020-03-18 18:31:09] (0s) Starting to evaluate predicate AST::ASTNode#class#b/1@36cf31
[2020-03-18 18:31:09] (0s)  >>> Wrote relation AST::ASTNode#class#b with 153855 rows and 1 columns.
[2020-03-18 18:31:09] (0s) Starting to evaluate predicate AST::ASTNode::getLocation_dispred#bf/2@c3c106
[2020-03-18 18:31:09] (0s)  >>> Wrote relation AST::ASTNode::getLocation_dispred#bf with 153855 rows and 2 columns.
[2020-03-18 18:31:09] (0s)  >>> Wrote relation files with 404 rows and 5 columns.
[2020-03-18 18:31:09] (0s)  >>> Wrote relation locations_default with 354422 rows and 6 columns.
[2020-03-18 18:31:09] (0s) Starting to evaluate predicate exprs_10#join_rhs/2@265842
[2020-03-18 18:31:09] (0s)  >>> Wrote relation exprs_10#join_rhs with 121399 rows and 2 columns.
[2020-03-18 18:31:09] (0s) Starting to evaluate predicate exprs_230#join_rhs/3@f7a3ae
[2020-03-18 18:31:09] (0s)  >>> Wrote relation exprs_230#join_rhs with 121399 rows and 3 columns.
[2020-03-18 18:31:09] (0s) Starting to evaluate predicate Expr::PropAccess#class#f/1@0bce47
[2020-03-18 18:31:09] (0s)  >>> Wrote relation Expr::PropAccess#class#f with 26415 rows and 1 columns.
[2020-03-18 18:31:09] (0s) Starting to evaluate predicate exprs_032#join_rhs/3@6d0b98
[2020-03-18 18:31:09] (0s)  >>> Wrote relation exprs_032#join_rhs with 121399 rows and 3 columns.
[2020-03-18 18:31:09] (0s) Starting to evaluate predicate m#Expr::Expr::stripParens_dispred#bf#join_rhs/1@bb1502
[2020-03-18 18:31:09] (0s)  >>> Wrote relation m#Expr::Expr::stripParens_dispred#bf#join_rhs with 531 rows and 1 columns.
[2020-03-18 18:31:09] (0s) Starting to evaluate predicate m#Expr::Expr::stripParens_dispred#bf#cur_delta/1[1]@ce2138 (iteration 1)
[2020-03-18 18:31:09] (0s) 			 - m#Expr::Expr::stripParens_dispred#bf_delta has 7010 rows (order for disjuncts: delta=<standard>).
[2020-03-18 18:31:09] (0s) Starting to evaluate predicate m#Expr::Expr::stripParens_dispred#bf#cur_delta/1[2]@ffbf98 (iteration 2)
[2020-03-18 18:31:09] (0s) Empty delta for m#Expr::Expr::stripParens_dispred#bf_delta (order for disjuncts: delta=10000).
[2020-03-18 18:31:09] (0s) Accumulating deltas
[2020-03-18 18:31:09] (0s)  >>> Wrote relation m#Expr::Expr::stripParens_dispred#bf with 7010 rows and 1 columns.
[2020-03-18 18:31:09] (0s) Starting to evaluate predicate Expr::Expr::stripParens_dispred#bf#join_rhs/2@f04f7d
[2020-03-18 18:31:09] (0s)  >>> Wrote relation Expr::Expr::stripParens_dispred#bf#join_rhs with 0 rows and 2 columns.
[2020-03-18 18:31:09] (0s) Starting to evaluate predicate Expr::Expr::stripParens_dispred#bf#cur_delta/2[1]@b59bda (iteration 1)
[2020-03-18 18:31:09] (0s) 			 - Expr::Expr::stripParens_dispred#bf_delta has 7010 rows (order for disjuncts: delta=<standard>).
[2020-03-18 18:31:09] (0s) Starting to evaluate predicate Expr::Expr::stripParens_dispred#bf#cur_delta/2[2]@917b87 (iteration 2)
[2020-03-18 18:31:09] (0s) Empty delta for Expr::Expr::stripParens_dispred#bf_delta (order for disjuncts: delta=10000).
[2020-03-18 18:31:09] (0s) Accumulating deltas
[2020-03-18 18:31:09] (0s)  >>> Wrote relation Expr::Expr::stripParens_dispred#bf with 7010 rows and 2 columns.
[2020-03-18 18:31:09] (0s) Starting to evaluate predicate Expr::MethodCallExpr#class#f/1@3bf8e3
[2020-03-18 18:31:10] (0s)  >>> Wrote relation Expr::MethodCallExpr#class#f with 3893 rows and 1 columns.
[2020-03-18 18:31:10] (0s) Starting to evaluate predicate DataFlow::DataFlow::Impl::ExplicitMethodCallNode#class#ff/2@76ce1f
[2020-03-18 18:31:10] (0s)  >>> Wrote relation DataFlow::DataFlow::Impl::ExplicitMethodCallNode#class#ff with 3893 rows and 2 columns.
[2020-03-18 18:31:10] (0s) Starting to evaluate predicate Nodes::InvokeNode#bf/2@7e9f31
[2020-03-18 18:31:10] (0s)  >>> Wrote relation Nodes::InvokeNode#bf with 3893 rows and 2 columns.
[2020-03-18 18:31:10] (0s) Starting to evaluate predicate Nodes::MethodCallNode#class#ff/2@879739
[2020-03-18 18:31:10] (0s)  >>> Wrote relation Nodes::MethodCallNode#class#ff with 3893 rows and 2 columns.
[2020-03-18 18:31:10] (0s) Starting to evaluate predicate DataFlow::DataFlow::Node::asExpr_dispred#bf/2@1c1ab7
[2020-03-18 18:31:10] (0s)  >>> Wrote relation DataFlow::DataFlow::Node::asExpr_dispred#bf with 121399 rows and 2 columns.
[2020-03-18 18:31:10] (0s) Starting to evaluate predicate m#Expr::ExprOrType::getEnclosingStmt_dispred#bf/1@319012
[2020-03-18 18:31:10] (0s)  >>> Wrote relation m#Expr::ExprOrType::getEnclosingStmt_dispred#bf with 3893 rows and 1 columns.
[2020-03-18 18:31:10] (0s)  >>> Wrote relation enclosingStmt with 113456 rows and 2 columns.
[2020-03-18 18:31:10] (0s) Starting to evaluate predicate Expr::ExprOrType::getEnclosingStmt_dispred#bf#antijoin_rhs#1/1@3db8fb
[2020-03-18 18:31:10] (0s)  >>> Wrote relation Expr::ExprOrType::getEnclosingStmt_dispred#bf#antijoin_rhs#1 with 3450 rows and 1 columns.
[2020-03-18 18:31:10] (0s) Starting to evaluate predicate Expr::ExprOrType::getEnclosingStmt_dispred#bf#antijoin_rhs/1@e46852
[2020-03-18 18:31:10] (0s)  >>> Wrote relation Expr::ExprOrType::getEnclosingStmt_dispred#bf#antijoin_rhs with 1575 rows and 1 columns.
[2020-03-18 18:31:10] (0s) Starting to evaluate predicate Expr::ExprOrType::getEnclosingStmt_dispred#bf/2@4014fe
[2020-03-18 18:31:10] (0s)  >>> Wrote relation Expr::ExprOrType::getEnclosingStmt_dispred#bf with 3519 rows and 2 columns.
[2020-03-18 18:31:10] (0s) Starting to evaluate predicate Locations::Locatable::getFile_dispred#bf/2@d3e271
[2020-03-18 18:31:10] (0s)  >>> Wrote relation Locations::Locatable::getFile_dispred#bf with 3068 rows and 2 columns.
[2020-03-18 18:31:10] (0s) Starting to evaluate predicate Locations::Locatable::getFile_dispred#bf_10#join_rhs/2@00d09c
[2020-03-18 18:31:10] (0s)  >>> Wrote relation Locations::Locatable::getFile_dispred#bf_10#join_rhs with 3068 rows and 2 columns.
[2020-03-18 18:31:10] (0s) Starting to evaluate predicate stmts_10#join_rhs/2@3adef4
[2020-03-18 18:31:10] (0s)  >>> Wrote relation stmts_10#join_rhs with 24676 rows and 2 columns.
[2020-03-18 18:31:10] (0s) Starting to evaluate predicate Stmt::ExprStmt::getExpr_dispred#ff/2@649658
[2020-03-18 18:31:10] (0s)  >>> Wrote relation Stmt::ExprStmt::getExpr_dispred#ff with 13486 rows and 2 columns.
[2020-03-18 18:31:10] (0s) Starting to evaluate predicate locations_default_02#join_rhs/2@2de5c4
[2020-03-18 18:31:10] (0s)  >>> Wrote relation locations_default_02#join_rhs with 354422 rows and 2 columns.
[2020-03-18 18:31:10] (0s) Starting to evaluate predicate Expr::ExprOrType::getEnclosingStmt_dispred#bf_10#join_rhs/2@a2e4dd
[2020-03-18 18:31:10] (0s)  >>> Wrote relation Expr::ExprOrType::getEnclosingStmt_dispred#bf_10#join_rhs with 3519 rows and 2 columns.
[2020-03-18 18:31:10] (0s) Starting to evaluate predicate DataFlow::DataFlow::Node::asExpr_dispred#bf_10#join_rhs/2@29e893
[2020-03-18 18:31:10] (0s)  >>> Wrote relation DataFlow::DataFlow::Node::asExpr_dispred#bf_10#join_rhs with 121399 rows and 2 columns.
[2020-03-18 18:31:10] (0s) Starting to evaluate predicate TypeScript::TypeAssertion#class#f/1@972b9c
[2020-03-18 18:31:10] (0s)  >>> Wrote relation TypeScript::TypeAssertion#class#f with 509 rows and 1 columns.
[2020-03-18 18:31:10] (0s) Starting to evaluate predicate typeexprs_230#join_rhs/3@f652cb
[2020-03-18 18:31:10] (0s)  >>> Wrote relation typeexprs_230#join_rhs with 3046 rows and 3 columns.
[2020-03-18 18:31:10] (0s) Starting to evaluate predicate #AST::ASTNode::getAChildExpr_dispred#fbPlus#cur_delta/2[1]@16bc6d (iteration 1)
[2020-03-18 18:31:10] (0s) 			 - #AST::ASTNode::getAChildExpr_dispred#fbPlus_delta has 509 rows (order for disjuncts: delta=<standard>).
[2020-03-18 18:31:10] (0s) Starting to evaluate predicate #AST::ASTNode::getAChildExpr_dispred#fbPlus#cur_delta/2[2]@b66a5e (iteration 2)
[2020-03-18 18:31:10] (0s) 			 - #AST::ASTNode::getAChildExpr_dispred#fbPlus_delta has 501 rows (order for disjuncts: delta=100).
[2020-03-18 18:31:10] (0s) Starting to evaluate predicate #AST::ASTNode::getAChildExpr_dispred#fbPlus#cur_delta/2[3]@122c0b (iteration 3)
[2020-03-18 18:31:10] (0s) 			 - #AST::ASTNode::getAChildExpr_dispred#fbPlus_delta has 379 rows (order for disjuncts: delta=100).
[2020-03-18 18:31:10] (0s) Starting to evaluate predicate #AST::ASTNode::getAChildExpr_dispred#fbPlus#cur_delta/2[4]@3b8303 (iteration 4)
[2020-03-18 18:31:10] (0s) 			 - #AST::ASTNode::getAChildExpr_dispred#fbPlus_delta has 325 rows (order for disjuncts: delta=100).
[2020-03-18 18:31:10] (0s) Starting to evaluate predicate #AST::ASTNode::getAChildExpr_dispred#fbPlus#cur_delta/2[5]@e147e1 (iteration 5)
[2020-03-18 18:31:10] (0s) 			 - #AST::ASTNode::getAChildExpr_dispred#fbPlus_delta has 96 rows (order for disjuncts: delta=100).
[2020-03-18 18:31:10] (0s) Starting to evaluate predicate #AST::ASTNode::getAChildExpr_dispred#fbPlus#cur_delta/2[6]@c30dd8 (iteration 6)
[2020-03-18 18:31:10] (0s) 			 - #AST::ASTNode::getAChildExpr_dispred#fbPlus_delta has 68 rows (order for disjuncts: delta=100).
[2020-03-18 18:31:10] (0s) Starting to evaluate predicate #AST::ASTNode::getAChildExpr_dispred#fbPlus#cur_delta/2[7]@3f7576 (iteration 7)
[2020-03-18 18:31:10] (0s) 			 - #AST::ASTNode::getAChildExpr_dispred#fbPlus_delta has 42 rows (order for disjuncts: delta=100).
[2020-03-18 18:31:10] (0s) Starting to evaluate predicate #AST::ASTNode::getAChildExpr_dispred#fbPlus#cur_delta/2[8]@a4b75d (iteration 8)
[2020-03-18 18:31:10] (0s) 			 - #AST::ASTNode::getAChildExpr_dispred#fbPlus_delta has 12 rows (order for disjuncts: delta=100).
[2020-03-18 18:31:10] (0s) Starting to evaluate predicate #AST::ASTNode::getAChildExpr_dispred#fbPlus#cur_delta/2[9]@a74115 (iteration 9)
[2020-03-18 18:31:10] (0s) 			 - #AST::ASTNode::getAChildExpr_dispred#fbPlus_delta has 11 rows (order for disjuncts: delta=100).
[2020-03-18 18:31:10] (0s) Starting to evaluate predicate #AST::ASTNode::getAChildExpr_dispred#fbPlus#cur_delta/2[10]@9b15a3 (iteration 10)
[2020-03-18 18:31:10] (0s) 			 - #AST::ASTNode::getAChildExpr_dispred#fbPlus_delta has 1 rows (order for disjuncts: delta=100).
[2020-03-18 18:31:10] (0s) Starting to evaluate predicate #AST::ASTNode::getAChildExpr_dispred#fbPlus#cur_delta/2[11]@6b1b6c (iteration 11)
[2020-03-18 18:31:10] (0s) Empty delta for #AST::ASTNode::getAChildExpr_dispred#fbPlus_delta (order for disjuncts: delta=100).
[2020-03-18 18:31:10] (0s) Accumulating deltas
[2020-03-18 18:31:10] (0s)  >>> Wrote relation #AST::ASTNode::getAChildExpr_dispred#fbPlus with 1944 rows and 2 columns.
[2020-03-18 18:31:10] (0s) Starting to evaluate predicate #select#ffff/4@f5750f
[2020-03-18 18:31:10] (0s)  >>> Wrote relation #select#ffff with 1 rows and 4 columns.
[2020-03-18 18:31:10] (0s) Starting to evaluate predicate let0#shared/7@a03074
[2020-03-18 18:31:10] (0s)  >>> Wrote relation let0#shared with 1 rows and 7 columns.
[2020-03-18 18:31:10] (0s) Starting to evaluate predicate let0#shared#1/7@2ba661
[2020-03-18 18:31:10] (0s)  >>> Wrote relation let0#shared#1 with 0 rows and 7 columns.
[2020-03-18 18:31:10] (0s) Starting to evaluate predicate let0#shared#2/9@05969f
[2020-03-18 18:31:10] (0s)  >>> Wrote relation let0#shared#2 with 1 rows and 9 columns.
[2020-03-18 18:31:10] (0s) Starting to evaluate predicate project##select#ffff#3/1@8dabee
[2020-03-18 18:31:10] (0s)  >>> Wrote relation project##select#ffff#3 with 1 rows and 1 columns.
[2020-03-18 18:31:10] (0s) Starting to evaluate predicate project##select#ffff#2/1@c66852
[2020-03-18 18:31:10] (0s)  >>> Wrote relation project##select#ffff#2 with 1 rows and 1 columns.
[2020-03-18 18:31:10] (0s) Starting to evaluate predicate project##select#ffff/1@ca5382
[2020-03-18 18:31:10] (0s)  >>> Wrote relation project##select#ffff with 1 rows and 1 columns.
[2020-03-18 18:31:10] (0s) Starting to evaluate predicate m#Locations::Location::hasLocationInfo_dispred#bfffff/1@f6a933
[2020-03-18 18:31:10] (0s)  >>> Wrote relation m#Locations::Location::hasLocationInfo_dispred#bfffff with 3 rows and 1 columns.
[2020-03-18 18:31:10] (0s) Starting to evaluate predicate Locations::Location::hasLocationInfo_dispred#bfffff/6@74f911
[2020-03-18 18:31:10] (0s)  >>> Wrote relation Locations::Location::hasLocationInfo_dispred#bfffff with 3 rows and 6 columns.
[2020-03-18 18:31:10] (0s) Starting to evaluate predicate let0#antijoin_rhs/8@3294c3
[2020-03-18 18:31:10] (0s)  >>> Wrote relation let0#antijoin_rhs with 1 rows and 8 columns.
[2020-03-18 18:31:10] (0s) Starting to evaluate predicate let0#shared#3/13@965b4e
[2020-03-18 18:31:10] (0s)  >>> Wrote relation let0#shared#3 with 1 rows and 13 columns.
[2020-03-18 18:31:10] (0s) Starting to evaluate predicate let0#shared#4/14@e1a0c0
[2020-03-18 18:31:10] (0s)  >>> Wrote relation let0#shared#4 with 1 rows and 14 columns.
[2020-03-18 18:31:10] (0s) Starting to evaluate predicate let0#antijoin_rhs#1/13@f8d49a
[2020-03-18 18:31:10] (0s)  >>> Wrote relation let0#antijoin_rhs#1 with 1 rows and 13 columns.
[2020-03-18 18:31:10] (0s) Starting to evaluate predicate let0/18@91f423
[2020-03-18 18:31:10] (0s)  >>> Wrote relation let0 with 1 rows and 18 columns.
[2020-03-18 18:31:10] (0s) Starting to evaluate predicate #select#query#ffffffffffffffffffffffffffff#shared/19@6745aa
[2020-03-18 18:31:10] (0s)  >>> Wrote relation #select#query#ffffffffffffffffffffffffffff#shared with 1 rows and 19 columns.
[2020-03-18 18:31:10] (0s) Starting to evaluate predicate #select#query#ffffffffffffffffffffffffffff#antijoin_rhs/18@682b42
[2020-03-18 18:31:10] (0s)  >>> Wrote relation #select#query#ffffffffffffffffffffffffffff#antijoin_rhs with 1 rows and 18 columns.
[2020-03-18 18:31:10] (0s) Starting to evaluate predicate #select#query#ffffffffffffffffffffffffffff#shared#1/18@162c18
[2020-03-18 18:31:10] (0s)  >>> Wrote relation #select#query#ffffffffffffffffffffffffffff#shared#1 with 0 rows and 18 columns.
[2020-03-18 18:31:10] (0s) Starting to evaluate predicate #select#query#ffffffffffffffffffffffffffff#shared#2/24@a468bb
[2020-03-18 18:31:10] (0s)  >>> Wrote relation #select#query#ffffffffffffffffffffffffffff#shared#2 with 1 rows and 24 columns.
[2020-03-18 18:31:10] (0s) Starting to evaluate predicate #select#query#ffffffffffffffffffffffffffff#antijoin_rhs#1/23@9b29f4
[2020-03-18 18:31:10] (0s)  >>> Wrote relation #select#query#ffffffffffffffffffffffffffff#antijoin_rhs#1 with 1 rows and 23 columns.
[2020-03-18 18:31:10] (0s) Starting to evaluate predicate #select#query#ffffffffffffffffffffffffffff/28@7c34de
[2020-03-18 18:31:10] (0s)  >>> Wrote relation #select#query#ffffffffffffffffffffffffffff with 1 rows and 28 columns.
[2020-03-18 18:31:10] (0s) Query done
[2020-03-18 18:31:10] CSV_CACHE_DIFF: #select#query#ffffffffffffffffffffffffffff (console_getStmtAndSets.ql),0.759,0.403,0.205,0.077,0.047,0.017,0,0,0,0,0,0,0
[2020-03-18 18:31:10] (0s) Sequence stamp origin is -6748206845159889098
[2020-03-18 18:31:10] (0s) Stopped the world to sync to disk at sequence stamp o+0
[2020-03-18 18:31:10] (0s) Starting the world again
[2020-03-18 18:31:10] CSV_IMB_QUERIES: Query,#select#query#ffffffffffffffffffffffffffff,console_getStmtAndSets.ql,11,Success,0.759,1,925
[2020-03-18 18:31:10] Evaluation of /home/ellen/Documents/ASJProj/AsyncAnalysis/console_getStmtAndSets.ql produced BQRS results
[2020-03-18 18:31:10] [PROGRESS] execute queries> [1/1] Evaluation done (934ms); writing results to /home/ellen/Documents/ASJProj/AsyncAnalysis/temp_swaps.bqrs.
[2020-03-18 18:31:10] [PROGRESS] execute queries> Shutting down query evaluator.
[2020-03-18 18:31:10] Stopped the world to close the cache at sequence stamp o+1
[2020-03-18 18:31:10] The disk cache is freshly trimmed; leave it be.
[2020-03-18 18:31:10] Starting the world again
[2020-03-18 18:31:10] Terminating normally.
