[2020-03-18 13:20:50] This is codeql execute queries -J-Xmx12800M --off-heap-ram=12800 --verbosity=progress --logdir=/home/ellen/Documents/ASJProj/TESTING_reordering/QLDBs/fiddle/log --warnings=show --output=/home/ellen/Documents/ASJProj/AsyncAnalysis/temp_swaps.bqrs -- /home/ellen/Documents/ASJProj/TESTING_reordering/QLDBs/fiddle/db-javascript /home/ellen/Documents/ASJProj/AsyncAnalysis/console_getStmtAndSets.ql
[2020-03-18 13:20:50] Creating executor with 1 threads.
[2020-03-18 13:20:51] Calling plumbing command: codeql resolve library-path --query=/home/ellen/Documents/ASJProj/AsyncAnalysis/console_getStmtAndSets.ql --format=json
[2020-03-18 13:20:51] [DETAILS] resolve library-path> Resolving query at normalized path /home/ellen/Documents/ASJProj/AsyncAnalysis/console_getStmtAndSets.ql.
[2020-03-18 13:20:51] [DETAILS] resolve library-path> Found enclosing pack 'await-reordering-analysis' at /home/ellen/Documents/ASJProj/AsyncAnalysis.
[2020-03-18 13:20:51] [DETAILS] resolve library-path> Adding compilation cache at /home/ellen/Documents/ASJProj/AsyncAnalysis/.cache.
[2020-03-18 13:20:51] [DETAILS] resolve library-path> Resolving library dependencies from /home/ellen/Documents/ASJProj/AsyncAnalysis/qlpack.yml.
[2020-03-18 13:20:51] [SPAMMIER] resolve library-path> Recursing into /home/ellen/codeql_home.
[2020-03-18 13:20:51] [SPAMMIER] resolve library-path> Recursing into /home/ellen/codeql_home/ql.
[2020-03-18 13:20:51] [SPAMMIER] resolve library-path> Recursing into /home/ellen/codeql_home/ql/misc/legacy-support.
[2020-03-18 13:20:51] [DETAILS] resolve library-path> QL pack dependencies for /home/ellen/Documents/ASJProj/AsyncAnalysis resolved OK.
[2020-03-18 13:20:51] [DETAILS] resolve library-path> Found dbscheme through QL packs: /home/ellen/codeql_home/ql/javascript/ql/src/semmlecode.javascript.dbscheme.
[2020-03-18 13:20:51] Plumbing command codeql resolve library-path completed:
                      {
                        "libraryPath" : [
                          "/home/ellen/Documents/ASJProj/AsyncAnalysis",
                          "/home/ellen/codeql_home/ql/javascript/ql/src"
                        ],
                        "dbscheme" : "/home/ellen/codeql_home/ql/javascript/ql/src/semmlecode.javascript.dbscheme",
                        "compilationCache" : [
                          "/home/ellen/Documents/ASJProj/AsyncAnalysis/.cache"
                        ],
                        "relativeName" : "await-reordering-analysis/console_getStmtAndSets.ql"
                      }
[2020-03-18 13:20:51] [PROGRESS] execute queries> Compiling query plan for /home/ellen/Documents/ASJProj/AsyncAnalysis/console_getStmtAndSets.ql.
[2020-03-18 13:20:51] [DETAILS] execute queries> Resolving imports for /home/ellen/Documents/ASJProj/AsyncAnalysis/console_getStmtAndSets.ql.
[2020-03-18 13:20:51] Resolved file set for /home/ellen/Documents/ASJProj/AsyncAnalysis/console_getStmtAndSets.ql hashes to f57231767d025820e0ffb1c688db46074afc192b.
[2020-03-18 13:20:51] [DETAILS] execute queries> Checking QL for /home/ellen/Documents/ASJProj/AsyncAnalysis/console_getStmtAndSets.ql.
[2020-03-18 13:20:52] ExternalModuleBindingPass ...
[2020-03-18 13:20:52] ExternalModuleBindingPass time: 00:00.733
[2020-03-18 13:20:52] QLPredicateSynthesiser ...
[2020-03-18 13:20:52] QLPredicateSynthesiser time: 00:00.038
[2020-03-18 13:20:52] DeclarationBindingPass ...
[2020-03-18 13:20:53] DeclarationBindingPass time: 00:00.075
[2020-03-18 13:20:54] ReferenceBindingCheck ...
[2020-03-18 13:20:54] ReferenceBindingCheck time: 00:00.150
[2020-03-18 13:20:54] PredicateBodyBindingPass ...
[2020-03-18 13:20:55] PredicateBodyBindingPass time: 00:00.480
[2020-03-18 13:20:55] LanguagePragmaPropagationPass ...
[2020-03-18 13:20:55] LanguagePragmaPropagationPass time: 00:00.019
[2020-03-18 13:20:55] Ambiguity checks ...
[2020-03-18 13:20:55] Ambiguity checks time: 00:00.044
[2020-03-18 13:20:55] Ql checks ...
[2020-03-18 13:20:56] Ql checks time: 00:00.617
[2020-03-18 13:20:57] Compilation pipeline
[2020-03-18 13:20:57] Type Inference ...
[2020-03-18 13:20:58] CSV_TYPE_HIERARCHY: Best number of iterations,Maximum number of runs,Number of BDD variables,Size of BDD for typefacts
[2020-03-18 13:20:58] CSV_TYPE_HIERARCHY: 0,0,1,1
[2020-03-18 13:20:58] CSV_TYPE_HIERARCHY: 0,0,0,0
[2020-03-18 13:20:58] CSV_TYPE_HIERARCHY: 0,0,73,79
[2020-03-18 13:20:58] CSV_TYPE_HIERARCHY: 0,0,1,1
[2020-03-18 13:20:58] CSV_TYPE_HIERARCHY: 0,0,0,0
[2020-03-18 13:20:58] CSV_TYPE_HIERARCHY: 0,0,750,3877
[2020-03-18 13:20:58] CSV_TYPE_HIERARCHY: 0,0,573,2043
[2020-03-18 13:20:58] CSV_TYPE_HIERARCHY: 0,0,2,2
[2020-03-18 13:20:58] CSV_TYPE_HIERARCHY: 0,0,9,9
[2020-03-18 13:20:58] CSV_TYPE_HIERARCHY: 0,0,26,26
[2020-03-18 13:20:58] CSV_TYPE_HIERARCHY: 0,0,5,5
[2020-03-18 13:20:58] CSV_TYPE_HIERARCHY: 0,0,17,19
[2020-03-18 13:20:58] CSV_TYPE_HIERARCHY: 0,0,6,6
[2020-03-18 13:20:58] CSV_TYPE_HIERARCHY: 0,0,11,15
[2020-03-18 13:20:58] CSV_TYPE_HIERARCHY: 0,0,2,2
[2020-03-18 13:20:58] CSV_TYPE_HIERARCHY: 0,0,12,12
[2020-03-18 13:20:58] CSV_TYPE_HIERARCHY: 0,0,2,2
[2020-03-18 13:20:58] CSV_TYPE_HIERARCHY: 0,0,1,1
[2020-03-18 13:20:58] CSV_TYPE_HIERARCHY: 0,0,12,15
[2020-03-18 13:20:58] CSV_TYPE_HIERARCHY: 0,0,4,4
[2020-03-18 13:20:58] CSV_TYPE_HIERARCHY: 0,0,7,10
[2020-03-18 13:20:58] CSV_TYPE_HIERARCHY: 0,0,2,2
[2020-03-18 13:20:58] CSV_TYPE_HIERARCHY: 0,0,2,2
[2020-03-18 13:20:58] CSV_TYPE_HIERARCHY: 0,0,2,2
[2020-03-18 13:20:58] CSV_TYPE_HIERARCHY: 0,0,2,2
[2020-03-18 13:20:58] CSV_TYPE_HIERARCHY: 0,0,6,7
[2020-03-18 13:20:58] CSV_TYPE_HIERARCHY: 0,0,4,4
[2020-03-18 13:20:58] CSV_TYPE_HIERARCHY: 0,0,6,6
[2020-03-18 13:20:58] CSV_TYPE_HIERARCHY: 0,0,4,4
[2020-03-18 13:20:58] CSV_TYPE_HIERARCHY: 0,0,2,2
[2020-03-18 13:20:58] CSV_TYPE_HIERARCHY: 0,0,6,7
[2020-03-18 13:20:58] CSV_TYPE_HIERARCHY: 0,0,2,2
[2020-03-18 13:20:58] CSV_TYPE_HIERARCHY: 0,0,2,2
[2020-03-18 13:20:58] CSV_TYPE_HIERARCHY: 0,0,10,13
[2020-03-18 13:20:58] CSV_TYPE_HIERARCHY: 0,0,3,3
[2020-03-18 13:20:58] CSV_TYPE_HIERARCHY: 0,0,12,12
[2020-03-18 13:20:58] CSV_TYPE_HIERARCHY: 0,0,2,2
[2020-03-18 13:20:58] CSV_TYPE_HIERARCHY: 0,0,4,4
[2020-03-18 13:20:58] CSV_TYPE_HIERARCHY: 0,0,2,2
[2020-03-18 13:20:58] CSV_TYPE_HIERARCHY: 0,0,0,0
[2020-03-18 13:20:58] CSV_TYPE_HIERARCHY: 0,0,0,0
[2020-03-18 13:20:58] CSV_TYPE_HIERARCHY: 0,0,0,0
[2020-03-18 13:20:58] CSV_TYPE_HIERARCHY: 0,0,0,0
[2020-03-18 13:20:58] CSV_TYPE_HIERARCHY: 0,0,0,0
[2020-03-18 13:20:58] CSV_TYPE_HIERARCHY: 0,0,0,0
[2020-03-18 13:20:58] CSV_TYPE_HIERARCHY: 0,0,0,0
[2020-03-18 13:20:58] CSV_TYPE_HIERARCHY: 0,0,0,0
[2020-03-18 13:20:58] CSV_TYPE_HIERARCHY: 0,0,0,0
[2020-03-18 13:20:58] CSV_TYPE_HIERARCHY: 0,0,0,0
[2020-03-18 13:20:58] CSV_TYPE_HIERARCHY: 0,0,0,0
[2020-03-18 13:20:58] CSV_TYPE_HIERARCHY: 0,0,0,0
[2020-03-18 13:20:58] CSV_TYPE_HIERARCHY: 0,0,0,0
[2020-03-18 13:20:58] CSV_TYPE_HIERARCHY: 0,0,0,0
[2020-03-18 13:20:58] CSV_TYPE_HIERARCHY: 0,0,0,0
[2020-03-18 13:20:58] CSV_TYPE_HIERARCHY: 0,0,0,0
[2020-03-18 13:20:58] CSV_TYPE_HIERARCHY: 0,0,0,0
[2020-03-18 13:20:58] CSV_TYPE_HIERARCHY: 0,0,0,0
[2020-03-18 13:20:58] CSV_TYPE_HIERARCHY: 0,0,0,0
[2020-03-18 13:20:58] CSV_TYPE_HIERARCHY: 0,0,0,0
[2020-03-18 13:20:58] CSV_TYPE_HIERARCHY: 0,0,0,0
[2020-03-18 13:20:58] CSV_TYPE_HIERARCHY: 0,0,0,0
[2020-03-18 13:20:58] CSV_TYPE_HIERARCHY: 0,0,0,0
[2020-03-18 13:20:58] CSV_TYPE_HIERARCHY: 0,0,0,0
[2020-03-18 13:21:00] Type Inference time: 00:03.000
[2020-03-18 13:21:01] Binding Checks ...
[2020-03-18 13:21:01] Binding Checks time: 00:00.574
[2020-03-18 13:21:03] [DETAILS] execute queries> Optimizing /home/ellen/Documents/ASJProj/AsyncAnalysis/console_getStmtAndSets.ql.
[2020-03-18 13:21:03] Processing compilation pipeline
[2020-03-18 13:21:03] Started compiling a query
[2020-03-18 13:21:03] Initialising compiler...
[2020-03-18 13:21:03] 	 ... compiler initialised
[2020-03-18 13:21:03] About to start query optimisation
[2020-03-18 13:21:04] Compilation cache hit - skipping compilation.
[2020-03-18 13:21:04] Compilation cache hit - skipping compilation.
[2020-03-18 13:21:05] Compilation cache hit - skipping compilation.
[2020-03-18 13:21:06] Compilation cache hit - skipping compilation.
[2020-03-18 13:21:06] Compilation cache hit - skipping compilation.
[2020-03-18 13:21:07] Compilation cache hit - skipping compilation.
[2020-03-18 13:21:07] Compilation cache hit - skipping compilation.
[2020-03-18 13:21:08] Compilation cache hit - skipping compilation.
[2020-03-18 13:21:08] Compilation cache hit - skipping compilation.
[2020-03-18 13:21:09] Compilation cache hit - skipping compilation.
[2020-03-18 13:21:10] Compilation cache hit - skipping compilation.
[2020-03-18 13:21:10] Compilation cache hit - skipping compilation.
[2020-03-18 13:21:11] Compilation cache hit - skipping compilation.
[2020-03-18 13:21:12] Compilation cache hit - skipping compilation.
[2020-03-18 13:21:14] Compilation cache hit - skipping compilation.
[2020-03-18 13:21:15] Compilation cache hit - skipping compilation.
[2020-03-18 13:21:16] Compilation cache hit - skipping compilation.
[2020-03-18 13:21:17] Compilation cache hit - skipping compilation.
[2020-03-18 13:21:19] Compilation cache hit - skipping compilation.
[2020-03-18 13:21:19] Compilation cache miss for 7c04c82450a991c4d5efc4fbd25efd07f8555a4b.
[2020-03-18 13:21:22] Stored compiled program for 7c04c82450a991c4d5efc4fbd25efd07f8555a4b.
[2020-03-18 13:21:23] CSV_COMPILATION: NONE,MISC,RA_TRANSLATION,OPTIMISATIONS
[2020-03-18 13:21:23] CSV_COMPILATION: 6114,10772,989,2007
[2020-03-18 13:21:23] [PROGRESS] execute queries> [1/1] Compiled /home/ellen/Documents/ASJProj/AsyncAnalysis/console_getStmtAndSets.ql (32.4s).
[2020-03-18 13:21:23] Of 8122 predicates, 0 are used in more than one query.
[2020-03-18 13:21:23] [PROGRESS] execute queries> Starting evaluation of await-reordering-analysis/console_getStmtAndSets.ql.
[2020-03-18 13:21:23] Starting evaluation of /home/ellen/Documents/ASJProj/AsyncAnalysis/console_getStmtAndSets.ql
[2020-03-18 13:21:23] (0s) Start query execution
[2020-03-18 13:21:24] CSV_IMB_QUERIES: Query type,Query predicate,Query name,Stage,Success,Time,Number of results,Cumulative time in query
[2020-03-18 13:21:24] CSV_IMB_QUERIES: Stage,AST::ASTNode::getTopLevel_dispred#ff,console_getStmtAndSets.ql,1,NotRun,0.017,0,864
[2020-03-18 13:21:24] CSV_CACHE_DIFF: Operation,Overall time,NONE,LOAD_EXTENSIONAL,PAGE_RELATION,SORT_RELATION,NODUPS_RELATION,GLOBAL_DISK_SYNC,GLOBAL_TRIM_DISK,GLOBAL_TRIM_STRINGS,GLOBAL_EVICTOR,SCAN_DISK,IO_TRIMMING,IO_WRITING
[2020-03-18 13:21:24] CSV_CACHE_DIFF: NotRun-AST::ASTNode::getTopLevel_dispred#ff (console_getStmtAndSets.ql),0.017,0,0,0,0,0,0,0,0,0,0,0,0
[2020-03-18 13:21:24] CSV_IMB_QUERIES: Stage,JSDoc::Documentable::getDocumentation_dispred#ff,console_getStmtAndSets.ql,2,NotRun,0.001,0,868
[2020-03-18 13:21:24] CSV_CACHE_DIFF: NotRun-JSDoc::Documentable::getDocumentation_dispred#ff (console_getStmtAndSets.ql),0.001,0,0,0,0,0,0,0,0,0,0,0,0
[2020-03-18 13:21:24] CSV_IMB_QUERIES: Stage,BasicBlocks::Internal::bbLength#ff BasicBlocks::Internal::useAt#ffff BasicBlocks::Internal::defAt#ffff BasicBlocks::Internal::reachableBB#f BasicBlocks::Internal::bbIndex#fff,console_getStmtAndSets.ql,3,NotRun,0.004,0,872
[2020-03-18 13:21:24] CSV_CACHE_DIFF: NotRun-BasicBlocks::Internal::bbLength#ff BasicBlocks::Internal::useAt#ffff BasicBlocks::Internal::defAt#ffff BasicBlocks::Internal::reachableBB#f BasicBlocks::Internal::bbIndex#fff (console_getStmtAndSets.ql),0.004,0,0,0,0,0,0,0,0,0,0,0,0
[2020-03-18 13:21:24] CSV_IMB_QUERIES: Stage,CFG::ControlFlowNode::getContainer_dispred#ff,console_getStmtAndSets.ql,4,NotRun,0.001,0,874
[2020-03-18 13:21:24] CSV_CACHE_DIFF: NotRun-CFG::ControlFlowNode::getContainer_dispred#ff (console_getStmtAndSets.ql),0.001,0,0,0,0,0,0,0,0,0,0,0,0
[2020-03-18 13:21:24] CSV_IMB_QUERIES: Stage,AST::StmtContainer::getEnclosingContainer_dispred#ff,console_getStmtAndSets.ql,5,NotRun,0.001,0,876
[2020-03-18 13:21:24] CSV_CACHE_DIFF: NotRun-AST::StmtContainer::getEnclosingContainer_dispred#ff (console_getStmtAndSets.ql),0.001,0,0,0,0,0,0,0,0,0,0,0,0
[2020-03-18 13:21:24] CSV_IMB_QUERIES: Stage,BasicBlocks::bbIDominates#ff,console_getStmtAndSets.ql,6,NotRun,0.001,0,877
[2020-03-18 13:21:24] CSV_CACHE_DIFF: NotRun-BasicBlocks::bbIDominates#ff (console_getStmtAndSets.ql),0.001,0,0,0,0,0,0,0,0,0,0,0,0
[2020-03-18 13:21:24] CSV_IMB_QUERIES: Stage,SSA::Internal::getDefReachingEndOf#fff SSA::Internal::getDefinition#ffff SSA::Internal::TCapture#ffff SSA::Internal::TImplicitInit#fff SSA::Internal::TExplicitDef#fffff SSA::Internal::TSsaDefinition#f SSA::Internal::TPhi#fff SSA::Internal::TRefinement#fffff SSA::Internal::Read#f SSA::Internal::Write#f SSA::Internal::RefKind#f,console_getStmtAndSets.ql,7,NotRun,0.007,0,885
[2020-03-18 13:21:24] CSV_CACHE_DIFF: NotRun-SSA::Internal::getDefReachingEndOf#fff SSA::Internal::getDefinition#ffff SSA::Internal::TCapture#ffff SSA::Internal::TImplicitInit#fff SSA::Internal::TExplicitDef#fffff SSA::Internal::TSsaDefinition#f SSA::Internal::TPhi#fff SSA::Internal::TRefinement#fffff SSA::Internal::Read#f SSA::Internal::Write#f SSA::Internal::RefKind#f (console_getStmtAndSets.ql),0.007,0,0,0,0,0,0,0,0,0,0,0,0
[2020-03-18 13:21:24] CSV_IMB_QUERIES: Stage,AbstractValuesImpl::TAbstractNull#f AbstractValuesImpl::TAbstractUndefined#f AbstractValuesImpl::TAbstractBoolean#ff AbstractValuesImpl::TAbstractZero#f AbstractValuesImpl::TAbstractNonZero#f AbstractValuesImpl::TAbstractEmpty#f AbstractValuesImpl::TAbstractNumString#f AbstractValuesImpl::TAbstractOtherString#f AbstractValuesImpl::TAbstractRegExp#f AbstractValuesImpl::TAbstractDate#f AbstractValuesImpl::TAbstractArguments#ff AbstractValuesImpl::TAbstractGlobalObject#f AbstractValuesImpl::TAbstractModuleObject#ff AbstractValuesImpl::TAbstractExportsObject#ff AbstractValuesImpl::TAbstractObjectLiteral#ff AbstractValuesImpl::TAbstractFunction#ff AbstractValuesImpl::TAbstractClass#ff AbstractValuesImpl::TAbstractInstance#ff AbstractValuesImpl::TAbstractOtherObject#f AbstractValuesImpl::TIndefiniteFunctionOrClass#ff AbstractValuesImpl::TIndefiniteObject#ff AbstractValuesImpl::TIndefiniteAbstractValue#ff AbstractValuesImpl::TCustomAbstractValue#ff AbstractValuesImpl::TCustomAbstractValueFromDefinition#ff AbstractValuesImpl::TAbstractValue#f,console_getStmtAndSets.ql,8,NotRun,0.014,0,900
[2020-03-18 13:21:24] CSV_CACHE_DIFF: NotRun-AbstractValuesImpl::TAbstractNull#f AbstractValuesImpl::TAbstractUndefined#f AbstractValuesImpl::TAbstractBoolean#ff AbstractValuesImpl::TAbstractZero#f AbstractValuesImpl::TAbstractNonZero#f AbstractValuesImpl::TAbstractEmpty#f AbstractValuesImpl::TAbstractNumString#f AbstractValuesImpl::TAbstractOtherString#f AbstractValuesImpl::TAbstractRegExp#f AbstractValuesImpl::TAbstractDate#f AbstractValuesImpl::TAbstractArguments#ff AbstractValuesImpl::TAbstractGlobalObject#f AbstractValuesImpl::TAbstractModuleObject#ff AbstractValuesImpl::TAbstractExportsObject#ff AbstractValuesImpl::TAbstractObjectLiteral#ff AbstractValuesImpl::TAbstractFunction#ff AbstractValuesImpl::TAbstractClass#ff AbstractValuesImpl::TAbstractInstance#ff AbstractValuesImpl::TAbstractOtherObject#f AbstractValuesImpl::TIndefiniteFunctionOrClass#ff AbstractValuesImpl::TIndefiniteObject#ff AbstractValuesImpl::TIndefiniteAbstractValue#ff AbstractValuesImpl::TCustomAbstractValue#ff AbstractValuesImpl::TCustomAbstractValueFromDefinition#ff AbstractValuesImpl::TAbstractValue#f (console_getStmtAndSets.ql),0.014,0,0,0,0,0,0,0,0,0,0,0,0
[2020-03-18 13:21:24] CSV_IMB_QUERIES: Stage,DataFlow::DataFlow::TValueNode#ff DataFlow::DataFlow::TSsaDefNode#ff DataFlow::DataFlow::TPropNode#ff DataFlow::DataFlow::TRestPatternNode#fff DataFlow::DataFlow::TDestructuringPatternNode#ff DataFlow::DataFlow::TElementPatternNode#fff DataFlow::DataFlow::TElementNode#fff DataFlow::DataFlow::TReflectiveCallNode#fff DataFlow::DataFlow::TThisNode#ff DataFlow::DataFlow::TUnusedParameterNode#ff DataFlow::DataFlow::TDestructuredModuleImportNode#ff DataFlow::DataFlow::THtmlAttributeNode#ff DataFlow::DataFlow::TExceptionalFunctionReturnNode#ff DataFlow::DataFlow::TExceptionalInvocationReturnNode#ff DataFlow::DataFlow::TGlobalAccessPathRoot#f DataFlow::DataFlow::TNode#f,console_getStmtAndSets.ql,9,NotRun,0.007,0,907
[2020-03-18 13:21:24] CSV_CACHE_DIFF: NotRun-DataFlow::DataFlow::TValueNode#ff DataFlow::DataFlow::TSsaDefNode#ff DataFlow::DataFlow::TPropNode#ff DataFlow::DataFlow::TRestPatternNode#fff DataFlow::DataFlow::TDestructuringPatternNode#ff DataFlow::DataFlow::TElementPatternNode#fff DataFlow::DataFlow::TElementNode#fff DataFlow::DataFlow::TReflectiveCallNode#fff DataFlow::DataFlow::TThisNode#ff DataFlow::DataFlow::TUnusedParameterNode#ff DataFlow::DataFlow::TDestructuredModuleImportNode#ff DataFlow::DataFlow::THtmlAttributeNode#ff DataFlow::DataFlow::TExceptionalFunctionReturnNode#ff DataFlow::DataFlow::TExceptionalInvocationReturnNode#ff DataFlow::DataFlow::TGlobalAccessPathRoot#f DataFlow::DataFlow::TNode#f (console_getStmtAndSets.ql),0.007,0,0,0,0,0,0,0,0,0,0,0,0
[2020-03-18 13:21:24] CSV_IMB_QUERIES: Stage,NodeJS::Require#f,console_getStmtAndSets.ql,10,NotRun,0,0,909
[2020-03-18 13:21:24] CSV_CACHE_DIFF: NotRun-NodeJS::Require#f (console_getStmtAndSets.ql),0,0,0,0,0,0,0,0,0,0,0,0,0
[2020-03-18 13:21:24] CSV_IMB_QUERIES: Stage,DataFlow::DataFlow::localFlowStep#ff Sources::SourceNode::flowsTo_dispred#ff Sources::SourceNode::Range#class#f,console_getStmtAndSets.ql,11,NotRun,0.004,0,913
[2020-03-18 13:21:24] CSV_CACHE_DIFF: NotRun-DataFlow::DataFlow::localFlowStep#ff Sources::SourceNode::flowsTo_dispred#ff Sources::SourceNode::Range#class#f (console_getStmtAndSets.ql),0.004,0,0,0,0,0,0,0,0,0,0,0,0
[2020-03-18 13:21:24] CSV_IMB_QUERIES: Stage,DataFlow::DataFlow::Node::getImmediatePredecessor_dispred#ff,console_getStmtAndSets.ql,12,NotRun,0.001,0,915
[2020-03-18 13:21:24] CSV_CACHE_DIFF: NotRun-DataFlow::DataFlow::Node::getImmediatePredecessor_dispred#ff (console_getStmtAndSets.ql),0.001,0,0,0,0,0,0,0,0,0,0,0,0
[2020-03-18 13:21:24] CSV_IMB_QUERIES: Stage,GlobalAccessPaths::AccessPath::fromReference#fff,console_getStmtAndSets.ql,13,NotRun,0.003,0,919
[2020-03-18 13:21:24] CSV_CACHE_DIFF: NotRun-GlobalAccessPaths::AccessPath::fromReference#fff (console_getStmtAndSets.ql),0.003,0,0,0,0,0,0,0,0,0,0,0,0
[2020-03-18 13:21:24] CSV_IMB_QUERIES: Stage,GlobalAccessPaths::AccessPath::fromRhs#fff,console_getStmtAndSets.ql,14,NotRun,0.003,0,923
[2020-03-18 13:21:24] CSV_CACHE_DIFF: NotRun-GlobalAccessPaths::AccessPath::fromRhs#fff (console_getStmtAndSets.ql),0.003,0,0,0,0,0,0,0,0,0,0,0,0
[2020-03-18 13:21:24] CSV_IMB_QUERIES: Stage,TypeInference::AnalyzedNode::getALocalValue_dispred#ff,console_getStmtAndSets.ql,15,NotRun,0.011,0,935
[2020-03-18 13:21:24] CSV_CACHE_DIFF: NotRun-TypeInference::AnalyzedNode::getALocalValue_dispred#ff (console_getStmtAndSets.ql),0.011,0,0,0,0,0,0,0,0,0,0,0,0
[2020-03-18 13:21:24] CSV_IMB_QUERIES: Stage,TypeInference::AnalyzedNode::getAValue_dispred#ff,console_getStmtAndSets.ql,16,NotRun,0.006,0,941
[2020-03-18 13:21:24] CSV_CACHE_DIFF: NotRun-TypeInference::AnalyzedNode::getAValue_dispred#ff (console_getStmtAndSets.ql),0.006,0,0,0,0,0,0,0,0,0,0,0,0
[2020-03-18 13:21:24] CSV_IMB_QUERIES: Stage,JSDoc::JSDocNamedTypeExpr::resolvedName_dispred#ff,console_getStmtAndSets.ql,17,NotRun,0.002,0,944
[2020-03-18 13:21:24] CSV_CACHE_DIFF: NotRun-JSDoc::JSDocNamedTypeExpr::resolvedName_dispred#ff (console_getStmtAndSets.ql),0.002,0,0,0,0,0,0,0,0,0,0,0,0
[2020-03-18 13:21:24] CSV_IMB_QUERIES: Stage,TypeTracking::TypeTracker::append_dispred#fff,console_getStmtAndSets.ql,18,NotRun,0.003,0,947
[2020-03-18 13:21:24] CSV_CACHE_DIFF: NotRun-TypeTracking::TypeTracker::append_dispred#fff (console_getStmtAndSets.ql),0.003,0,0,0,0,0,0,0,0,0,0,0,0
[2020-03-18 13:21:24] CSV_IMB_QUERIES: Stage,CallGraphs::CallGraph::getAFunctionReference#fff Nodes::ClassNode::getAClassReference_dispred#ff FlowSteps::CachedSteps::captures#fff FlowSteps::CachedSteps::exploratoryBoundInvokeStep#ff FlowSteps::CachedSteps::returnStep#ff FlowSteps::CachedSteps::globalFlowStep#ff FlowSteps::CachedSteps::basicStoreStep#fff FlowSteps::CachedSteps::basicLoadStep#fff FlowSteps::CachedSteps::callsBound#fff FlowSteps::CachedSteps::calls#ff FlowSteps::CachedSteps::argumentPassing#ffff FlowSteps::CachedSteps::callStep#ff FlowSteps::CachedSteps::callback#ff FlowSteps::CachedSteps::returnedPropWrite#ffff FlowSteps::CachedSteps::receiverPropWrite#fff FlowSteps::CachedSteps::propertyFlowStep#ff TypeTracking::StepSummary::step#fff CallGraphs::CallGraph::isIndefiniteGlobal#f CallGraphs::CallGraph::getAFunctionValue#ff CallGraphs::CallGraph::getABoundFunctionReference#ffff CallGraphs::CallGraph::getACallee#fff,console_getStmtAndSets.ql,19,NotRun,0.02,0,968
[2020-03-18 13:21:24] CSV_CACHE_DIFF: NotRun-CallGraphs::CallGraph::getAFunctionReference#fff Nodes::ClassNode::getAClassReference_dispred#ff FlowSteps::CachedSteps::captures#fff FlowSteps::CachedSteps::exploratoryBoundInvokeStep#ff FlowSteps::CachedSteps::returnStep#ff FlowSteps::CachedSteps::globalFlowStep#ff FlowSteps::CachedSteps::basicStoreStep#fff FlowSteps::CachedSteps::basicLoadStep#fff FlowSteps::CachedSteps::callsBound#fff FlowSteps::CachedSteps::calls#ff FlowSteps::CachedSteps::argumentPassing#ffff FlowSteps::CachedSteps::callStep#ff FlowSteps::CachedSteps::callback#ff FlowSteps::CachedSteps::returnedPropWrite#ffff FlowSteps::CachedSteps::receiverPropWrite#fff FlowSteps::CachedSteps::propertyFlowStep#ff TypeTracking::StepSummary::step#fff CallGraphs::CallGraph::isIndefiniteGlobal#f CallGraphs::CallGraph::getAFunctionValue#ff CallGraphs::CallGraph::getABoundFunctionReference#ffff CallGraphs::CallGraph::getACallee#fff (console_getStmtAndSets.ql),0.02,0,0,0,0,0,0,0,0,0,0,0,0
[2020-03-18 13:21:24] (0s) Prepared IMB program for execution: took 0ms
[2020-03-18 13:21:24] (0s) Beginning execution of program...
[2020-03-18 13:21:24] (1s)  >>> Wrote relation locations_default with 354422 rows and 6 columns.
[2020-03-18 13:21:24] (1s)  >>> Wrote relation files with 404 rows and 5 columns.
[2020-03-18 13:21:25] (1s)  >>> Wrote relation hasLocation with 439344 rows and 2 columns.
[2020-03-18 13:21:25] (1s)  >>> Wrote relation typeexprs with 3046 rows and 5 columns.
[2020-03-18 13:21:25] (1s) Starting to evaluate predicate typeexprs_0#antijoin_rhs/1@c0e2bb
[2020-03-18 13:21:25] (1s)  >>> Wrote relation typeexprs_0#antijoin_rhs with 3046 rows and 1 columns.
[2020-03-18 13:21:25] (1s)  >>> Wrote relation properties with 4339 rows and 5 columns.
[2020-03-18 13:21:25] (1s)  >>> Wrote relation exprs with 121399 rows and 5 columns.
[2020-03-18 13:21:25] (1s)  >>> Wrote relation stmts with 24676 rows and 5 columns.
[2020-03-18 13:21:25] (1s) Starting to evaluate predicate stmts_0#antijoin_rhs/1@8b19d6
[2020-03-18 13:21:25] (1s)  >>> Wrote relation stmts_0#antijoin_rhs with 24676 rows and 1 columns.
[2020-03-18 13:21:25] (1s)  >>> Wrote relation toplevels with 395 rows and 2 columns.
[2020-03-18 13:21:25] (1s) Starting to evaluate predicate AST::ASTNode#class#b/1@c55a1c
[2020-03-18 13:21:25] (1s)  >>> Wrote relation AST::ASTNode#class#b with 153855 rows and 1 columns.
[2020-03-18 13:21:25] (1s) Starting to evaluate predicate AST::ASTNode::getLocation_dispred#bf/2@2abe72
[2020-03-18 13:21:25] (1s)  >>> Wrote relation AST::ASTNode::getLocation_dispred#bf with 153855 rows and 2 columns.
[2020-03-18 13:21:25] (1s)  >>> Wrote relation enclosingStmt with 113456 rows and 2 columns.
[2020-03-18 13:21:25] (1s) Starting to evaluate predicate exprs_10#join_rhs/2@265842
[2020-03-18 13:21:25] (2s)  >>> Wrote relation exprs_10#join_rhs with 121399 rows and 2 columns.
[2020-03-18 13:21:25] (2s) Starting to evaluate predicate Expr::ExprOrType_not_ArrowFunctionExpr_FunctionExpr_TypeExpr#f#antijoin_rhs#1/1@e46852
[2020-03-18 13:21:25] (2s)  >>> Wrote relation Expr::ExprOrType_not_ArrowFunctionExpr_FunctionExpr_TypeExpr#f#antijoin_rhs#1 with 1575 rows and 1 columns.
[2020-03-18 13:21:25] (2s) Starting to evaluate predicate Expr::ExprOrType_not_ArrowFunctionExpr_FunctionExpr_TypeExpr#f#antijoin_rhs/1@3db8fb
[2020-03-18 13:21:25] (2s)  >>> Wrote relation Expr::ExprOrType_not_ArrowFunctionExpr_FunctionExpr_TypeExpr#f#antijoin_rhs with 3450 rows and 1 columns.
[2020-03-18 13:21:25] (2s) Starting to evaluate predicate Expr::ExprOrType#class#f/1@ec3f76
[2020-03-18 13:21:25] (2s)  >>> Wrote relation Expr::ExprOrType#class#f with 124445 rows and 1 columns.
[2020-03-18 13:21:25] (2s) Starting to evaluate predicate Expr::ExprOrType_not_ArrowFunctionExpr_FunctionExpr_TypeExpr#f/1@338c1b
[2020-03-18 13:21:25] (2s)  >>> Wrote relation Expr::ExprOrType_not_ArrowFunctionExpr_FunctionExpr_TypeExpr#f with 116374 rows and 1 columns.
[2020-03-18 13:21:25] (2s) Starting to evaluate predicate Expr::ExprOrType::getEnclosingStmt_dispred#ff/2@c6eda2
[2020-03-18 13:21:25] (2s)  >>> Wrote relation Expr::ExprOrType::getEnclosingStmt_dispred#ff with 111598 rows and 2 columns.
[2020-03-18 13:21:25] (2s) Starting to evaluate predicate Stmt::Stmt::nestedIn#ff#join_rhs/2@643738
[2020-03-18 13:21:25] (2s)  >>> Wrote relation Stmt::Stmt::nestedIn#ff#join_rhs with 10863 rows and 2 columns.
[2020-03-18 13:21:25] (2s) Starting to evaluate predicate Stmt::Stmt::getParentStmt_dispred#ff/2@ca5d4e
[2020-03-18 13:21:25] (2s)  >>> Wrote relation Stmt::Stmt::getParentStmt_dispred#ff with 8219 rows and 2 columns.
[2020-03-18 13:21:25] (2s) Starting to evaluate predicate #Stmt::Stmt::getParentStmt_dispred#ffPlus/2@adb158 = HOP fastTC(8219)
[2020-03-18 13:21:26] (2s)  >>> Relation #Stmt::Stmt::getParentStmt_dispred#ffPlus: 12758 rows using 0 MB
[2020-03-18 13:21:26] (2s) Starting to evaluate predicate Stmt::Stmt::nestedIn#ff#cur_delta/2[1]@30b270 (iteration 1)
[2020-03-18 13:21:26] (2s) 			 - Stmt::Stmt::nestedIn#ff_delta has 12758 rows (order for disjuncts: delta=<standard>).
[2020-03-18 13:21:26] (2s) Starting to evaluate predicate Stmt::Stmt::nestedIn#ff#cur_delta/2[2]@e6654c (iteration 2)
[2020-03-18 13:21:26] (2s) 			 - Stmt::Stmt::nestedIn#ff_delta has 7372 rows (order for disjuncts: delta=10000).
[2020-03-18 13:21:26] (2s) Starting to evaluate predicate Stmt::Stmt::nestedIn#ff#cur_delta/2[3]@e82e70 (iteration 3)
[2020-03-18 13:21:26] (2s) 			 - Stmt::Stmt::nestedIn#ff_delta has 2904 rows (order for disjuncts: delta=10000).
[2020-03-18 13:21:26] (2s) Starting to evaluate predicate Stmt::Stmt::nestedIn#ff#cur_delta/2[4]@ebe7cf (iteration 4)
[2020-03-18 13:21:26] (2s) 			 - Stmt::Stmt::nestedIn#ff_delta has 375 rows (order for disjuncts: delta=1000).
[2020-03-18 13:21:26] (2s) Starting to evaluate predicate Stmt::Stmt::nestedIn#ff#cur_delta/2[5]@4af815 (iteration 5)
[2020-03-18 13:21:26] (2s) 			 - Stmt::Stmt::nestedIn#ff_delta has 38 rows (order for disjuncts: delta=100).
[2020-03-18 13:21:26] (2s) Starting to evaluate predicate Stmt::Stmt::nestedIn#ff#cur_delta/2[6]@359138 (iteration 6)
[2020-03-18 13:21:26] (2s) Empty delta for Stmt::Stmt::nestedIn#ff_delta (order for disjuncts: delta=100).
[2020-03-18 13:21:26] (2s) Accumulating deltas
[2020-03-18 13:21:26] (2s)  >>> Wrote relation Stmt::Stmt::nestedIn#ff with 23447 rows and 2 columns.
[2020-03-18 13:21:26] (2s) Starting to evaluate predicate Expr::InvokeExpr#class#f/1@518887
[2020-03-18 13:21:26] (2s)  >>> Wrote relation Expr::InvokeExpr#class#f with 7225 rows and 1 columns.
[2020-03-18 13:21:26] (2s) Starting to evaluate predicate DataFlow::DataFlow::Impl::ExplicitInvokeNode#class#ff/2@2c357c
[2020-03-18 13:21:26] (2s)  >>> Wrote relation DataFlow::DataFlow::Impl::ExplicitInvokeNode#class#ff with 7225 rows and 2 columns.
[2020-03-18 13:21:26] (2s) Starting to evaluate predicate exprs_230#join_rhs/3@f7a3ae
[2020-03-18 13:21:26] (2s)  >>> Wrote relation exprs_230#join_rhs with 121399 rows and 3 columns.
[2020-03-18 13:21:26] (2s) Starting to evaluate predicate Expr::InvokeExpr::getCallee_dispred#ff/2@28dbf8
[2020-03-18 13:21:26] (2s)  >>> Wrote relation Expr::InvokeExpr::getCallee_dispred#ff with 7225 rows and 2 columns.
[2020-03-18 13:21:26] (2s) Starting to evaluate predicate Expr::InvokeExpr::getCallee_dispred#ff_10#join_rhs/2@035eba
[2020-03-18 13:21:26] (2s)  >>> Wrote relation Expr::InvokeExpr::getCallee_dispred#ff_10#join_rhs with 7225 rows and 2 columns.
[2020-03-18 13:21:26] (2s) Starting to evaluate predicate Expr::PropAccess#class#f/1@0bce47
[2020-03-18 13:21:26] (2s)  >>> Wrote relation Expr::PropAccess#class#f with 26415 rows and 1 columns.
[2020-03-18 13:21:26] (2s) Starting to evaluate predicate Expr::MethodCallExpr#class#f#join_rhs/2@f718ec
[2020-03-18 13:21:26] (2s)  >>> Wrote relation Expr::MethodCallExpr#class#f#join_rhs with 7010 rows and 2 columns.
[2020-03-18 13:21:26] (2s) Starting to evaluate predicate Expr::ParExpr::getExpression_dispred#ff/2@3759e5
[2020-03-18 13:21:26] (2s)  >>> Wrote relation Expr::ParExpr::getExpression_dispred#ff with 531 rows and 2 columns.
[2020-03-18 13:21:26] (2s) Starting to evaluate predicate Expr::ParExpr::getExpression_dispred#ff_10#join_rhs/2@d6d2a1
[2020-03-18 13:21:26] (2s)  >>> Wrote relation Expr::ParExpr::getExpression_dispred#ff_10#join_rhs with 531 rows and 2 columns.
[2020-03-18 13:21:26] (2s) Starting to evaluate predicate Expr::Expr::stripParens_dispred#bf#antijoin_rhs/1@bb1502
[2020-03-18 13:21:26] (2s)  >>> Wrote relation Expr::Expr::stripParens_dispred#bf#antijoin_rhs with 531 rows and 1 columns.
[2020-03-18 13:21:26] (2s) Starting to evaluate predicate Expr::Expr::stripParens_dispred#bf#cur_delta/2[1]@f403c0 (iteration 1)
[2020-03-18 13:21:26] (2s) Empty delta for Expr::Expr::stripParens_dispred#bf_delta (order for disjuncts: delta=<standard>).
[2020-03-18 13:21:26] (2s) Starting to evaluate predicate Expr::MethodCallExpr#class#f#cur_delta/1[1]@122156 (iteration 1)
[2020-03-18 13:21:26] (2s) Empty delta for Expr::MethodCallExpr#class#f_delta (order for disjuncts: delta=<standard>).
[2020-03-18 13:21:26] (2s) Starting to evaluate predicate m#Expr::Expr::stripParens_dispred#bf#cur_delta/1[1]@f90235 (iteration 1)
[2020-03-18 13:21:26] (2s) 			 - m#Expr::Expr::stripParens_dispred#bf_delta has 7010 rows (order for disjuncts: delta=<standard>).
[2020-03-18 13:21:26] (2s) Starting to evaluate predicate Expr::Expr::stripParens_dispred#bf#cur_delta/2[2]@39b433 (iteration 2)
[2020-03-18 13:21:26] (2s) 			 - Expr::Expr::stripParens_dispred#bf_delta has 7010 rows (order for disjuncts: delta=10000).
[2020-03-18 13:21:26] (2s) Empty delta for Expr::MethodCallExpr#class#f_delta (order for disjuncts: delta=<standard>).
[2020-03-18 13:21:26] (2s) Starting to evaluate predicate m#Expr::Expr::stripParens_dispred#bf#cur_delta/1[2]@129a8d (iteration 2)
[2020-03-18 13:21:26] (2s) Empty delta for m#Expr::Expr::stripParens_dispred#bf_delta (order for disjuncts: delta=10000).
[2020-03-18 13:21:26] (2s) Starting to evaluate predicate Expr::Expr::stripParens_dispred#bf#cur_delta/2[3]@157629 (iteration 3)
[2020-03-18 13:21:26] (2s) Empty delta for Expr::Expr::stripParens_dispred#bf_delta (order for disjuncts: delta=10000).
[2020-03-18 13:21:26] (2s) Starting to evaluate predicate Expr::MethodCallExpr#class#f#cur_delta/1[3]@0dd795 (iteration 3)
[2020-03-18 13:21:26] (2s) 			 - Expr::MethodCallExpr#class#f_delta has 3893 rows (order for disjuncts: delta=10000).
[2020-03-18 13:21:26] (2s) Empty delta for m#Expr::Expr::stripParens_dispred#bf_delta (order for disjuncts: delta=10000).
[2020-03-18 13:21:26] (2s) Empty delta for Expr::Expr::stripParens_dispred#bf_delta (order for disjuncts: delta=10000).
[2020-03-18 13:21:26] (2s) Starting to evaluate predicate Expr::MethodCallExpr#class#f#cur_delta/1[4]@1b3e1a (iteration 4)
[2020-03-18 13:21:26] (2s) Empty delta for Expr::MethodCallExpr#class#f_delta (order for disjuncts: delta=100).
[2020-03-18 13:21:26] (2s) Starting to evaluate predicate m#Expr::Expr::stripParens_dispred#bf#cur_delta/1[4]@0812a0 (iteration 4)
[2020-03-18 13:21:26] (2s) Empty delta for m#Expr::Expr::stripParens_dispred#bf_delta (order for disjuncts: delta=1000).
[2020-03-18 13:21:26] (2s) Accumulating deltas
[2020-03-18 13:21:26] (2s)  >>> Wrote relation Expr::Expr::stripParens_dispred#bf with 7010 rows and 2 columns.
[2020-03-18 13:21:26] (2s)  >>> Wrote relation Expr::MethodCallExpr#class#f with 3893 rows and 1 columns.
[2020-03-18 13:21:26] (2s)  >>> Wrote relation m#Expr::Expr::stripParens_dispred#bf with 7010 rows and 1 columns.
[2020-03-18 13:21:26] (2s) Starting to evaluate predicate DataFlow::DataFlow::Impl::ExplicitMethodCallNode#class#ff/2@f343ec
[2020-03-18 13:21:26] (2s)  >>> Wrote relation DataFlow::DataFlow::Impl::ExplicitMethodCallNode#class#ff with 3893 rows and 2 columns.
[2020-03-18 13:21:26] (2s) Starting to evaluate predicate DataFlow::DataFlow::Impl::CallNodeDef#class#f/1@e011bc
[2020-03-18 13:21:26] (2s)  >>> Wrote relation DataFlow::DataFlow::Impl::CallNodeDef#class#f with 7010 rows and 1 columns.
[2020-03-18 13:21:26] (2s) Starting to evaluate predicate DataFlow::DataFlow::Impl::InvokeNodeDef#class#f/1@524980
[2020-03-18 13:21:26] (2s)  >>> Wrote relation DataFlow::DataFlow::Impl::InvokeNodeDef#class#f with 7225 rows and 1 columns.
[2020-03-18 13:21:26] (2s) Starting to evaluate predicate Nodes::InvokeNode#ff/2@19f877
[2020-03-18 13:21:26] (2s)  >>> Wrote relation Nodes::InvokeNode#ff with 7225 rows and 2 columns.
[2020-03-18 13:21:26] (2s) Starting to evaluate predicate DataFlow::DataFlow::Impl::ExplicitInvokeNode#class#ff_10#join_rhs/2@7d18d3
[2020-03-18 13:21:26] (2s)  >>> Wrote relation DataFlow::DataFlow::Impl::ExplicitInvokeNode#class#ff_10#join_rhs with 7225 rows and 2 columns.
[2020-03-18 13:21:26] (2s) Starting to evaluate predicate Expr::InvokeExpr::getArgument_dispred#fff/3@5d1dc4
[2020-03-18 13:21:26] (2s)  >>> Wrote relation Expr::InvokeExpr::getArgument_dispred#fff with 7310 rows and 3 columns.
[2020-03-18 13:21:26] (2s) Starting to evaluate predicate DataFlow::DataFlow::Impl::InvokeNodeDef::getAnArgument_dispred#fb#antijoin_rhs/1@577bd8
[2020-03-18 13:21:26] (2s)  >>> Wrote relation DataFlow::DataFlow::Impl::InvokeNodeDef::getAnArgument_dispred#fb#antijoin_rhs with 93 rows and 1 columns.
[2020-03-18 13:21:26] (2s) Starting to evaluate predicate DataFlow::DataFlow::Impl::InvokeNodeDef::getAnArgument_dispred#fb/2@0cf1d0
[2020-03-18 13:21:26] (2s)  >>> Wrote relation DataFlow::DataFlow::Impl::InvokeNodeDef::getAnArgument_dispred#fb with 7283 rows and 2 columns.
[2020-03-18 13:21:26] (3s) Starting to evaluate predicate Nodes::InvokeNode::getAnArgument_dispred#fb/2@c67ace
[2020-03-18 13:21:26] (3s)  >>> Wrote relation Nodes::InvokeNode::getAnArgument_dispred#fb with 7283 rows and 2 columns.
[2020-03-18 13:21:26] (3s) Starting to evaluate predicate Nodes::InvokeNode::getAnArgument_dispred#fb_10#join_rhs/2@291ed0
[2020-03-18 13:21:26] (3s)  >>> Wrote relation Nodes::InvokeNode::getAnArgument_dispred#fb_10#join_rhs with 7283 rows and 2 columns.
[2020-03-18 13:21:26] (3s) Starting to evaluate predicate stmts_10#join_rhs/2@3adef4
[2020-03-18 13:21:26] (3s)  >>> Wrote relation stmts_10#join_rhs with 24676 rows and 2 columns.
[2020-03-18 13:21:26] (3s) Starting to evaluate predicate Functions::Function#class#f/1@a24c9b
[2020-03-18 13:21:26] (3s)  >>> Wrote relation Functions::Function#class#f with 5962 rows and 1 columns.
[2020-03-18 13:21:26] (3s) Starting to evaluate predicate Nodes::FunctionNode::getFunction_dispred#ff/2@f74aab
[2020-03-18 13:21:26] (3s)  >>> Wrote relation Nodes::FunctionNode::getFunction_dispred#ff with 5962 rows and 2 columns.
[2020-03-18 13:21:26] (3s) Starting to evaluate predicate CallGraphs::CallGraph::getACallee#fff_120#join_rhs/3@cc76a0
[2020-03-18 13:21:26] (3s)  >>> Wrote relation CallGraphs::CallGraph::getACallee#fff_120#join_rhs with 7563 rows and 3 columns.
[2020-03-18 13:21:26] (3s) Starting to evaluate predicate Nodes::InvokeNode::getACallee_dispred#2#ff/2@6ee47a
[2020-03-18 13:21:26] (3s)  >>> Wrote relation Nodes::InvokeNode::getACallee_dispred#2#ff with 3199 rows and 2 columns.
[2020-03-18 13:21:26] (3s) Starting to evaluate predicate Nodes::InvokeNode::getACallee_dispred#2#ff_10#join_rhs/2@4f967d
[2020-03-18 13:21:26] (3s)  >>> Wrote relation Nodes::InvokeNode::getACallee_dispred#2#ff_10#join_rhs with 3199 rows and 2 columns.
[2020-03-18 13:21:26] (3s) Starting to evaluate predicate Nodes::MethodCallNode#class#ff/2@cc0ff0
[2020-03-18 13:21:26] (3s)  >>> Wrote relation Nodes::MethodCallNode#class#ff with 3893 rows and 2 columns.
[2020-03-18 13:21:26] (3s) Starting to evaluate predicate Nodes::CallNode#class#bf/2@52d283
[2020-03-18 13:21:26] (3s)  >>> Wrote relation Nodes::CallNode#class#bf with 3893 rows and 2 columns.
[2020-03-18 13:21:26] (3s) Starting to evaluate predicate m#Nodes::InvokeNode::getCalleeName_dispred#fb/1@954e68
[2020-03-18 13:21:26] (3s)  >>> Wrote relation m#Nodes::InvokeNode::getCalleeName_dispred#fb with 6 rows and 1 columns.
[2020-03-18 13:21:26] (3s) Starting to evaluate predicate TypeScript::TypeAssertion#class#f/1@972b9c
[2020-03-18 13:21:26] (3s)  >>> Wrote relation TypeScript::TypeAssertion#class#f with 509 rows and 1 columns.
[2020-03-18 13:21:26] (3s) Starting to evaluate predicate exprs_032#join_rhs/3@6d0b98
[2020-03-18 13:21:26] (3s)  >>> Wrote relation exprs_032#join_rhs with 121399 rows and 3 columns.
[2020-03-18 13:21:26] (3s) Starting to evaluate predicate Expr::SeqExpr::getOperand_dispred#fff#antijoin_rhs/1@5410b8
[2020-03-18 13:21:26] (3s)  >>> Wrote relation Expr::SeqExpr::getOperand_dispred#fff#antijoin_rhs with 0 rows and 1 columns.
[2020-03-18 13:21:26] (3s) Inferred that non-rec relation Expr::SeqExpr::getLastOperand_dispred#bf/2 is empty
[2020-03-18 13:21:26] (3s)  >>> Wrote relation Expr::SeqExpr::getLastOperand_dispred#bf with 0 rows and 2 columns.
[2020-03-18 13:21:26] (3s) Inferred that non-rec relation Expr::SeqExpr::getLastOperand_dispred#bf_10#join_rhs/2 is empty
[2020-03-18 13:21:26] (3s)  >>> Wrote relation Expr::SeqExpr::getLastOperand_dispred#bf_10#join_rhs with 0 rows and 2 columns.
[2020-03-18 13:21:26] (3s) Starting to evaluate predicate m#Expr::ExprOrType::getUnderlyingValue_dispred#bf#join_rhs/1@65eb3d
[2020-03-18 13:21:26] (3s)  >>> Wrote relation m#Expr::ExprOrType::getUnderlyingValue_dispred#bf#join_rhs with 4753 rows and 1 columns.
[2020-03-18 13:21:26] (3s) Starting to evaluate predicate m#Expr::ExprOrType::getUnderlyingValue_dispred#bf#cur_delta/1[1]@ab2305 (iteration 1)
[2020-03-18 13:21:26] (3s) 			 - m#Expr::ExprOrType::getUnderlyingValue_dispred#bf_delta has 7225 rows (order for disjuncts: delta=<standard>).
[2020-03-18 13:21:26] (3s) Starting to evaluate predicate m#Expr::ExprOrType::getUnderlyingValue_dispred#bf#cur_delta/1[2]@a8f781 (iteration 2)
[2020-03-18 13:21:26] (3s) Empty delta for m#Expr::ExprOrType::getUnderlyingValue_dispred#bf_delta (order for disjuncts: delta=10000).
[2020-03-18 13:21:26] (3s) Accumulating deltas
[2020-03-18 13:21:26] (3s)  >>> Wrote relation m#Expr::ExprOrType::getUnderlyingValue_dispred#bf with 7225 rows and 1 columns.
[2020-03-18 13:21:26] (3s) Starting to evaluate predicate Expr::ExprOrType::getUnderlyingValue_dispred#bf#join_rhs#3/2@eb41ae
[2020-03-18 13:21:26] (3s)  >>> Wrote relation Expr::ExprOrType::getUnderlyingValue_dispred#bf#join_rhs#3 with 0 rows and 2 columns.
[2020-03-18 13:21:26] (3s) Starting to evaluate predicate Expr::ExprOrType::getUnderlyingValue_dispred#bf#join_rhs#2/2@1e4cc1
[2020-03-18 13:21:26] (3s)  >>> Wrote relation Expr::ExprOrType::getUnderlyingValue_dispred#bf#join_rhs#2 with 0 rows and 2 columns.
[2020-03-18 13:21:26] (3s) Inferred that non-rec relation Expr::ExprOrType::getUnderlyingValue_dispred#bf#join_rhs#1/2 is empty
[2020-03-18 13:21:26] (3s)  >>> Wrote relation Expr::ExprOrType::getUnderlyingValue_dispred#bf#join_rhs#1 with 0 rows and 2 columns.
[2020-03-18 13:21:26] (3s) Starting to evaluate predicate Expr::ExprOrType::getUnderlyingValue_dispred#bf#join_rhs/2@38ec38
[2020-03-18 13:21:26] (3s)  >>> Wrote relation Expr::ExprOrType::getUnderlyingValue_dispred#bf#join_rhs with 0 rows and 2 columns.
[2020-03-18 13:21:26] (3s) Starting to evaluate predicate Expr::ExprOrType_not_AssignExpr_ParExpr_SeqExpr_TypeAssertion#b/1@3c9d8e
[2020-03-18 13:21:26] (3s)  >>> Wrote relation Expr::ExprOrType_not_AssignExpr_ParExpr_SeqExpr_TypeAssertion#b with 7225 rows and 1 columns.
[2020-03-18 13:21:26] (3s) Starting to evaluate predicate Expr::ExprOrType::getUnderlyingValue_dispred#bf#cur_delta/2[1]@d85394 (iteration 1)
[2020-03-18 13:21:26] (3s) 			 - Expr::ExprOrType::getUnderlyingValue_dispred#bf_delta has 7225 rows (order for disjuncts: delta=<standard>).
[2020-03-18 13:21:26] (3s) Starting to evaluate predicate Expr::ExprOrType::getUnderlyingValue_dispred#bf#cur_delta/2[2]@634681 (iteration 2)
[2020-03-18 13:21:26] (3s) Empty delta for Expr::ExprOrType::getUnderlyingValue_dispred#bf_delta (order for disjuncts: delta=10000).
[2020-03-18 13:21:26] (3s) Accumulating deltas
[2020-03-18 13:21:26] (3s)  >>> Wrote relation Expr::ExprOrType::getUnderlyingValue_dispred#bf with 7225 rows and 2 columns.
[2020-03-18 13:21:26] (3s)  >>> Wrote relation literals with 71220 rows and 3 columns.
[2020-03-18 13:21:26] (3s) Starting to evaluate predicate literals_20#join_rhs/2@a9f2af
[2020-03-18 13:21:26] (3s)  >>> Wrote relation literals_20#join_rhs with 71220 rows and 2 columns.
[2020-03-18 13:21:26] (3s) Starting to evaluate predicate Expr::Literal#class#b/1@15ba84
[2020-03-18 13:21:26] (3s)  >>> Wrote relation Expr::Literal#class#b with 244 rows and 1 columns.
[2020-03-18 13:21:26] (3s) Starting to evaluate predicate @varref#f/1@69ec91
[2020-03-18 13:21:26] (3s)  >>> Wrote relation @varref#f with 30593 rows and 1 columns.
[2020-03-18 13:21:26] (3s) Starting to evaluate predicate Expr::Identifier#class#f/1@fb5f36
[2020-03-18 13:21:26] (3s)  >>> Wrote relation Expr::Identifier#class#f with 61906 rows and 1 columns.
[2020-03-18 13:21:26] (3s) Starting to evaluate predicate Expr::Identifier::getName#ff/2@d5ee58
[2020-03-18 13:21:26] (3s)  >>> Wrote relation Expr::Identifier::getName#ff with 61906 rows and 2 columns.
[2020-03-18 13:21:26] (3s) Starting to evaluate predicate Expr::Identifier::getName_dispred#bb/2@1439c7
[2020-03-18 13:21:26] (3s)  >>> Wrote relation Expr::Identifier::getName_dispred#bb with 1113 rows and 2 columns.
[2020-03-18 13:21:26] (3s) Starting to evaluate predicate Expr::PropAccess::getPropertyName_dispred#fb/2@38c2a8
[2020-03-18 13:21:27] (3s)  >>> Wrote relation Expr::PropAccess::getPropertyName_dispred#fb with 161 rows and 2 columns.
[2020-03-18 13:21:27] (3s) Starting to evaluate predicate Expr::InvokeExpr::getCalleeName_dispred#fb/2@0db28c
[2020-03-18 13:21:27] (3s)  >>> Wrote relation Expr::InvokeExpr::getCalleeName_dispred#fb with 1075 rows and 2 columns.
[2020-03-18 13:21:27] (3s) Starting to evaluate predicate Nodes::InvokeNode::getCalleeName_dispred#fb/2@c9f77e
[2020-03-18 13:21:27] (3s)  >>> Wrote relation Nodes::InvokeNode::getCalleeName_dispred#fb with 1075 rows and 2 columns.
[2020-03-18 13:21:27] (3s) Starting to evaluate predicate Expr::MethodCallExpr::getMethodRef_dispred#ff/2@398961
[2020-03-18 13:21:27] (3s)  >>> Wrote relation Expr::MethodCallExpr::getMethodRef_dispred#ff with 3893 rows and 2 columns.
[2020-03-18 13:21:27] (3s) Starting to evaluate predicate DataFlow::DataFlow::Impl::CallNodeDef::getReceiver_dispred#ff/2@805a96
[2020-03-18 13:21:27] (3s)  >>> Wrote relation DataFlow::DataFlow::Impl::CallNodeDef::getReceiver_dispred#ff with 3893 rows and 2 columns.
[2020-03-18 13:21:27] (3s) Starting to evaluate predicate ReorderingUtils::testGlobalSideEffect#f/1@d40633
[2020-03-18 13:21:27] (3s)  >>> Wrote relation ReorderingUtils::testGlobalSideEffect#f with 103 rows and 1 columns.
[2020-03-18 13:21:27] (3s) Starting to evaluate predicate DataFlow::DataFlow::Node::asExpr_dispred#ff/2@b85bc7
[2020-03-18 13:21:27] (3s)  >>> Wrote relation DataFlow::DataFlow::Node::asExpr_dispred#ff with 121399 rows and 2 columns.
[2020-03-18 13:21:27] (3s) Starting to evaluate predicate DataFlow::DataFlow::Node::asExpr_dispred#ff_10#join_rhs/2@e67415
[2020-03-18 13:21:27] (3s)  >>> Wrote relation DataFlow::DataFlow::Node::asExpr_dispred#ff_10#join_rhs with 121399 rows and 2 columns.
[2020-03-18 13:21:27] (3s) Starting to evaluate predicate Nodes::FunctionNode::getFunction_dispred#ff_10#join_rhs/2@5fdf51
[2020-03-18 13:21:27] (3s)  >>> Wrote relation Nodes::FunctionNode::getFunction_dispred#ff_10#join_rhs with 5962 rows and 2 columns.
[2020-03-18 13:21:27] (3s) Starting to evaluate predicate Nodes::InvokeNode::getCalleeName_dispred#fb_10#join_rhs/2@56dcdd
[2020-03-18 13:21:27] (3s)  >>> Wrote relation Nodes::InvokeNode::getCalleeName_dispred#fb_10#join_rhs with 1075 rows and 2 columns.
[2020-03-18 13:21:27] (3s) Starting to evaluate predicate ReorderingUtils::argHasGlobalSideEffect#f#shared/1@1bcec9
[2020-03-18 13:21:27] (3s)  >>> Wrote relation ReorderingUtils::argHasGlobalSideEffect#f#shared with 41 rows and 1 columns.
[2020-03-18 13:21:27] (3s) Starting to evaluate predicate ReorderingUtils::argHasGlobalSideEffect#f#cur_delta/1[1]@d998a8 (iteration 1)
[2020-03-18 13:21:27] (3s) Empty delta for ReorderingUtils::argHasGlobalSideEffect#f_delta (order for disjuncts: delta=<standard>).
[2020-03-18 13:21:27] (3s) Starting to evaluate predicate ReorderingUtils::fctHasGlobalSideEffectsForPkg#f#cur_delta/1[1]@e0c0b9 (iteration 1)
[2020-03-18 13:21:27] (3s) Empty delta for ReorderingUtils::fctHasGlobalSideEffectsForPkg#f_delta (order for disjuncts: delta=<standard>).
[2020-03-18 13:21:27] (3s) Starting to evaluate predicate ReorderingUtils::stmtHasGlobalSideEffects#f#cur_delta/1[1]@5f8bde (iteration 1)
[2020-03-18 13:21:27] (3s) 			 - ReorderingUtils::stmtHasGlobalSideEffects#f_delta has 143 rows (order for disjuncts: delta=<standard>).
[2020-03-18 13:21:27] (3s) Empty delta for ReorderingUtils::argHasGlobalSideEffect#f_delta (order for disjuncts: delta=<standard>).
[2020-03-18 13:21:27] (3s) Starting to evaluate predicate ReorderingUtils::fctHasGlobalSideEffectsForPkg#f#cur_delta/1[2]@afc241 (iteration 2)
[2020-03-18 13:21:27] (3s) 			 - ReorderingUtils::fctHasGlobalSideEffectsForPkg#f_delta has 118 rows (order for disjuncts: delta=100).
[2020-03-18 13:21:27] (3s) Starting to evaluate predicate ReorderingUtils::stmtHasGlobalSideEffects#f#cur_delta/1[2]@8c9ebc (iteration 2)
[2020-03-18 13:21:27] (3s) 			 - ReorderingUtils::stmtHasGlobalSideEffects#f_delta has 245 rows (order for disjuncts: delta=100).
[2020-03-18 13:21:27] (3s) Starting to evaluate predicate ReorderingUtils::argHasGlobalSideEffect#f#cur_delta/1[3]@2953f8 (iteration 3)
[2020-03-18 13:21:27] (3s) 			 - ReorderingUtils::argHasGlobalSideEffect#f_delta has 1 rows (order for disjuncts: delta=100).
[2020-03-18 13:21:27] (3s) Starting to evaluate predicate ReorderingUtils::fctHasGlobalSideEffectsForPkg#f#cur_delta/1[3]@5bb81c (iteration 3)
[2020-03-18 13:21:27] (3s) 			 - ReorderingUtils::fctHasGlobalSideEffectsForPkg#f_delta has 89 rows (order for disjuncts: delta=100).
[2020-03-18 13:21:27] (3s) Starting to evaluate predicate ReorderingUtils::stmtHasGlobalSideEffects#f#cur_delta/1[3]@aa4242 (iteration 3)
[2020-03-18 13:21:27] (3s) 			 - ReorderingUtils::stmtHasGlobalSideEffects#f_delta has 27 rows (order for disjuncts: delta=100).
[2020-03-18 13:21:27] (3s) Starting to evaluate predicate ReorderingUtils::argHasGlobalSideEffect#f#cur_delta/1[4]@491e52 (iteration 4)
[2020-03-18 13:21:27] (3s) Empty delta for ReorderingUtils::argHasGlobalSideEffect#f_delta (order for disjuncts: delta=100).
[2020-03-18 13:21:27] (3s) Starting to evaluate predicate ReorderingUtils::fctHasGlobalSideEffectsForPkg#f#cur_delta/1[4]@22d718 (iteration 4)
[2020-03-18 13:21:27] (3s) 			 - ReorderingUtils::fctHasGlobalSideEffectsForPkg#f_delta has 17 rows (order for disjuncts: delta=100).
[2020-03-18 13:21:27] (3s) Starting to evaluate predicate ReorderingUtils::stmtHasGlobalSideEffects#f#cur_delta/1[4]@34bbd6 (iteration 4)
[2020-03-18 13:21:27] (3s) 			 - ReorderingUtils::stmtHasGlobalSideEffects#f_delta has 34 rows (order for disjuncts: delta=100).
[2020-03-18 13:21:27] (3s) Starting to evaluate predicate ReorderingUtils::argHasGlobalSideEffect#f#cur_delta/1[5]@30172a (iteration 5)
[2020-03-18 13:21:27] (3s) Empty delta for ReorderingUtils::argHasGlobalSideEffect#f_delta (order for disjuncts: delta=100).
[2020-03-18 13:21:27] (3s) Starting to evaluate predicate ReorderingUtils::fctHasGlobalSideEffectsForPkg#f#cur_delta/1[5]@5f8794 (iteration 5)
[2020-03-18 13:21:27] (3s) 			 - ReorderingUtils::fctHasGlobalSideEffectsForPkg#f_delta has 5 rows (order for disjuncts: delta=100).
[2020-03-18 13:21:27] (3s) Starting to evaluate predicate ReorderingUtils::stmtHasGlobalSideEffects#f#cur_delta/1[5]@69d800 (iteration 5)
[2020-03-18 13:21:27] (3s) 			 - ReorderingUtils::stmtHasGlobalSideEffects#f_delta has 32 rows (order for disjuncts: delta=100).
[2020-03-18 13:21:27] (3s) Starting to evaluate predicate ReorderingUtils::argHasGlobalSideEffect#f#cur_delta/1[6]@957d09 (iteration 6)
[2020-03-18 13:21:27] (3s) Empty delta for ReorderingUtils::argHasGlobalSideEffect#f_delta (order for disjuncts: delta=100).
[2020-03-18 13:21:27] (3s) Starting to evaluate predicate ReorderingUtils::fctHasGlobalSideEffectsForPkg#f#cur_delta/1[6]@4fcf90 (iteration 6)
[2020-03-18 13:21:27] (3s) 			 - ReorderingUtils::fctHasGlobalSideEffectsForPkg#f_delta has 23 rows (order for disjuncts: delta=100).
[2020-03-18 13:21:27] (3s) Starting to evaluate predicate ReorderingUtils::stmtHasGlobalSideEffects#f#cur_delta/1[6]@b05a18 (iteration 6)
[2020-03-18 13:21:27] (3s) 			 - ReorderingUtils::stmtHasGlobalSideEffects#f_delta has 34 rows (order for disjuncts: delta=100).
[2020-03-18 13:21:27] (3s) Starting to evaluate predicate ReorderingUtils::argHasGlobalSideEffect#f#cur_delta/1[7]@f9827e (iteration 7)
[2020-03-18 13:21:27] (3s) 			 - ReorderingUtils::argHasGlobalSideEffect#f_delta has 1 rows (order for disjuncts: delta=100).
[2020-03-18 13:21:27] (3s) Starting to evaluate predicate ReorderingUtils::fctHasGlobalSideEffectsForPkg#f#cur_delta/1[7]@148dbc (iteration 7)
[2020-03-18 13:21:27] (3s) 			 - ReorderingUtils::fctHasGlobalSideEffectsForPkg#f_delta has 6 rows (order for disjuncts: delta=100).
[2020-03-18 13:21:27] (3s) Starting to evaluate predicate ReorderingUtils::stmtHasGlobalSideEffects#f#cur_delta/1[7]@4f458c (iteration 7)
[2020-03-18 13:21:27] (3s) 			 - ReorderingUtils::stmtHasGlobalSideEffects#f_delta has 28 rows (order for disjuncts: delta=100).
[2020-03-18 13:21:27] (3s) Starting to evaluate predicate ReorderingUtils::argHasGlobalSideEffect#f#cur_delta/1[8]@c4cf42 (iteration 8)
[2020-03-18 13:21:27] (3s) Empty delta for ReorderingUtils::argHasGlobalSideEffect#f_delta (order for disjuncts: delta=100).
[2020-03-18 13:21:27] (3s) Starting to evaluate predicate ReorderingUtils::fctHasGlobalSideEffectsForPkg#f#cur_delta/1[8]@171bee (iteration 8)
[2020-03-18 13:21:27] (3s) 			 - ReorderingUtils::fctHasGlobalSideEffectsForPkg#f_delta has 21 rows (order for disjuncts: delta=100).
[2020-03-18 13:21:27] (3s) Starting to evaluate predicate ReorderingUtils::stmtHasGlobalSideEffects#f#cur_delta/1[8]@321823 (iteration 8)
[2020-03-18 13:21:27] (3s) 			 - ReorderingUtils::stmtHasGlobalSideEffects#f_delta has 32 rows (order for disjuncts: delta=100).
[2020-03-18 13:21:27] (3s) Starting to evaluate predicate ReorderingUtils::argHasGlobalSideEffect#f#cur_delta/1[9]@b588b8 (iteration 9)
[2020-03-18 13:21:27] (3s) 			 - ReorderingUtils::argHasGlobalSideEffect#f_delta has 1 rows (order for disjuncts: delta=100).
[2020-03-18 13:21:27] (3s) Starting to evaluate predicate ReorderingUtils::fctHasGlobalSideEffectsForPkg#f#cur_delta/1[9]@c62c8c (iteration 9)
[2020-03-18 13:21:27] (3s) 			 - ReorderingUtils::fctHasGlobalSideEffectsForPkg#f_delta has 6 rows (order for disjuncts: delta=100).
[2020-03-18 13:21:27] (3s) Starting to evaluate predicate ReorderingUtils::stmtHasGlobalSideEffects#f#cur_delta/1[9]@07b015 (iteration 9)
[2020-03-18 13:21:27] (3s) 			 - ReorderingUtils::stmtHasGlobalSideEffects#f_delta has 8 rows (order for disjuncts: delta=100).
[2020-03-18 13:21:27] (3s) Starting to evaluate predicate ReorderingUtils::argHasGlobalSideEffect#f#cur_delta/1[10]@6a8c01 (iteration 10)
[2020-03-18 13:21:27] (3s) Empty delta for ReorderingUtils::argHasGlobalSideEffect#f_delta (order for disjuncts: delta=100).
[2020-03-18 13:21:27] (3s) Starting to evaluate predicate ReorderingUtils::fctHasGlobalSideEffectsForPkg#f#cur_delta/1[10]@034a9d (iteration 10)
[2020-03-18 13:21:27] (3s) 			 - ReorderingUtils::fctHasGlobalSideEffectsForPkg#f_delta has 4 rows (order for disjuncts: delta=100).
[2020-03-18 13:21:27] (3s) Starting to evaluate predicate ReorderingUtils::stmtHasGlobalSideEffects#f#cur_delta/1[10]@de7680 (iteration 10)
[2020-03-18 13:21:27] (3s) 			 - ReorderingUtils::stmtHasGlobalSideEffects#f_delta has 10 rows (order for disjuncts: delta=100).
[2020-03-18 13:21:27] (3s) Starting to evaluate predicate ReorderingUtils::argHasGlobalSideEffect#f#cur_delta/1[11]@5b7c24 (iteration 11)
[2020-03-18 13:21:27] (3s) Empty delta for ReorderingUtils::argHasGlobalSideEffect#f_delta (order for disjuncts: delta=100).
[2020-03-18 13:21:27] (3s) Starting to evaluate predicate ReorderingUtils::fctHasGlobalSideEffectsForPkg#f#cur_delta/1[11]@e26584 (iteration 11)
[2020-03-18 13:21:27] (3s) 			 - ReorderingUtils::fctHasGlobalSideEffectsForPkg#f_delta has 1 rows (order for disjuncts: delta=100).
[2020-03-18 13:21:27] (3s) Starting to evaluate predicate ReorderingUtils::stmtHasGlobalSideEffects#f#cur_delta/1[11]@46e4f4 (iteration 11)
[2020-03-18 13:21:27] (3s) 			 - ReorderingUtils::stmtHasGlobalSideEffects#f_delta has 4 rows (order for disjuncts: delta=100).
[2020-03-18 13:21:27] (3s) Starting to evaluate predicate ReorderingUtils::argHasGlobalSideEffect#f#cur_delta/1[12]@fee1d6 (iteration 12)
[2020-03-18 13:21:27] (3s) Empty delta for ReorderingUtils::argHasGlobalSideEffect#f_delta (order for disjuncts: delta=100).
[2020-03-18 13:21:27] (3s) Starting to evaluate predicate ReorderingUtils::fctHasGlobalSideEffectsForPkg#f#cur_delta/1[12]@83d5bd (iteration 12)
[2020-03-18 13:21:27] (3s) 			 - ReorderingUtils::fctHasGlobalSideEffectsForPkg#f_delta has 4 rows (order for disjuncts: delta=100).
[2020-03-18 13:21:27] (3s) Starting to evaluate predicate ReorderingUtils::stmtHasGlobalSideEffects#f#cur_delta/1[12]@9c8086 (iteration 12)
[2020-03-18 13:21:27] (3s) 			 - ReorderingUtils::stmtHasGlobalSideEffects#f_delta has 9 rows (order for disjuncts: delta=100).
[2020-03-18 13:21:27] (3s) Starting to evaluate predicate ReorderingUtils::argHasGlobalSideEffect#f#cur_delta/1[13]@0ef50a (iteration 13)
[2020-03-18 13:21:27] (3s) Empty delta for ReorderingUtils::argHasGlobalSideEffect#f_delta (order for disjuncts: delta=100).
[2020-03-18 13:21:27] (3s) Starting to evaluate predicate ReorderingUtils::fctHasGlobalSideEffectsForPkg#f#cur_delta/1[13]@33300e (iteration 13)
[2020-03-18 13:21:27] (3s) 			 - ReorderingUtils::fctHasGlobalSideEffectsForPkg#f_delta has 1 rows (order for disjuncts: delta=100).
[2020-03-18 13:21:27] (3s) Starting to evaluate predicate ReorderingUtils::stmtHasGlobalSideEffects#f#cur_delta/1[13]@09d631 (iteration 13)
[2020-03-18 13:21:27] (3s) 			 - ReorderingUtils::stmtHasGlobalSideEffects#f_delta has 4 rows (order for disjuncts: delta=100).
[2020-03-18 13:21:27] (3s) Starting to evaluate predicate ReorderingUtils::argHasGlobalSideEffect#f#cur_delta/1[14]@0764ed (iteration 14)
[2020-03-18 13:21:27] (3s) Empty delta for ReorderingUtils::argHasGlobalSideEffect#f_delta (order for disjuncts: delta=100).
[2020-03-18 13:21:27] (3s) Starting to evaluate predicate ReorderingUtils::fctHasGlobalSideEffectsForPkg#f#cur_delta/1[14]@45648f (iteration 14)
[2020-03-18 13:21:27] (3s) 			 - ReorderingUtils::fctHasGlobalSideEffectsForPkg#f_delta has 4 rows (order for disjuncts: delta=100).
[2020-03-18 13:21:27] (3s) Starting to evaluate predicate ReorderingUtils::stmtHasGlobalSideEffects#f#cur_delta/1[14]@cbc0e0 (iteration 14)
[2020-03-18 13:21:27] (3s) 			 - ReorderingUtils::stmtHasGlobalSideEffects#f_delta has 5 rows (order for disjuncts: delta=100).
[2020-03-18 13:21:27] (3s) Starting to evaluate predicate ReorderingUtils::argHasGlobalSideEffect#f#cur_delta/1[15]@9cb5e6 (iteration 15)
[2020-03-18 13:21:27] (3s) Empty delta for ReorderingUtils::argHasGlobalSideEffect#f_delta (order for disjuncts: delta=100).
[2020-03-18 13:21:27] (3s) Starting to evaluate predicate ReorderingUtils::fctHasGlobalSideEffectsForPkg#f#cur_delta/1[15]@3ffb21 (iteration 15)
[2020-03-18 13:21:27] (3s) 			 - ReorderingUtils::fctHasGlobalSideEffectsForPkg#f_delta has 1 rows (order for disjuncts: delta=100).
[2020-03-18 13:21:27] (3s) Starting to evaluate predicate ReorderingUtils::stmtHasGlobalSideEffects#f#cur_delta/1[15]@c90e44 (iteration 15)
[2020-03-18 13:21:27] (3s) 			 - ReorderingUtils::stmtHasGlobalSideEffects#f_delta has 2 rows (order for disjuncts: delta=100).
[2020-03-18 13:21:27] (3s) Starting to evaluate predicate ReorderingUtils::argHasGlobalSideEffect#f#cur_delta/1[16]@f13ecf (iteration 16)
[2020-03-18 13:21:27] (3s) Empty delta for ReorderingUtils::argHasGlobalSideEffect#f_delta (order for disjuncts: delta=100).
[2020-03-18 13:21:27] (3s) Starting to evaluate predicate ReorderingUtils::fctHasGlobalSideEffectsForPkg#f#cur_delta/1[16]@6ab942 (iteration 16)
[2020-03-18 13:21:27] (3s) 			 - ReorderingUtils::fctHasGlobalSideEffectsForPkg#f_delta has 1 rows (order for disjuncts: delta=100).
[2020-03-18 13:21:27] (3s) Starting to evaluate predicate ReorderingUtils::stmtHasGlobalSideEffects#f#cur_delta/1[16]@fb35c4 (iteration 16)
[2020-03-18 13:21:27] (3s) 			 - ReorderingUtils::stmtHasGlobalSideEffects#f_delta has 1 rows (order for disjuncts: delta=100).
[2020-03-18 13:21:27] (3s) Starting to evaluate predicate ReorderingUtils::argHasGlobalSideEffect#f#cur_delta/1[17]@59ad09 (iteration 17)
[2020-03-18 13:21:27] (3s) Empty delta for ReorderingUtils::argHasGlobalSideEffect#f_delta (order for disjuncts: delta=100).
[2020-03-18 13:21:27] (3s) Starting to evaluate predicate ReorderingUtils::fctHasGlobalSideEffectsForPkg#f#cur_delta/1[17]@b637bb (iteration 17)
[2020-03-18 13:21:27] (3s) Empty delta for ReorderingUtils::fctHasGlobalSideEffectsForPkg#f_delta (order for disjuncts: delta=100).
[2020-03-18 13:21:27] (3s) Starting to evaluate predicate ReorderingUtils::stmtHasGlobalSideEffects#f#cur_delta/1[17]@e97acf (iteration 17)
[2020-03-18 13:21:27] (3s) Empty delta for ReorderingUtils::stmtHasGlobalSideEffects#f_delta (order for disjuncts: delta=100).
[2020-03-18 13:21:27] (3s) Accumulating deltas
[2020-03-18 13:21:27] (3s)  >>> Wrote relation ReorderingUtils::argHasGlobalSideEffect#f with 3 rows and 1 columns.
[2020-03-18 13:21:27] (3s)  >>> Wrote relation ReorderingUtils::fctHasGlobalSideEffectsForPkg#f with 301 rows and 1 columns.
[2020-03-18 13:21:27] (3s)  >>> Wrote relation ReorderingUtils::stmtHasGlobalSideEffects#f with 618 rows and 1 columns.
[2020-03-18 13:21:27] (3s) Starting to evaluate predicate #select#f/1@32d19f
[2020-03-18 13:21:27] (3s)  >>> Wrote relation #select#f with 10 rows and 1 columns.
[2020-03-18 13:21:27] (3s) Starting to evaluate predicate #select#query#fffffff#shared/2@dc10f4
[2020-03-18 13:21:27] (3s)  >>> Wrote relation #select#query#fffffff#shared with 10 rows and 2 columns.
[2020-03-18 13:21:27] (3s) Starting to evaluate predicate #select#query#fffffff#shared#1/3@088b4b
[2020-03-18 13:21:27] (3s)  >>> Wrote relation #select#query#fffffff#shared#1 with 10 rows and 3 columns.
[2020-03-18 13:21:27] (3s) Starting to evaluate predicate Locations::Location::hasLocationInfo_dispred#bfffff/6@e850a7
[2020-03-18 13:21:27] (3s)  >>> Wrote relation Locations::Location::hasLocationInfo_dispred#bfffff with 10 rows and 6 columns.
[2020-03-18 13:21:27] (3s) Starting to evaluate predicate #select#query#fffffff#antijoin_rhs/2@79d1ed
[2020-03-18 13:21:27] (3s)  >>> Wrote relation #select#query#fffffff#antijoin_rhs with 10 rows and 2 columns.
[2020-03-18 13:21:27] (3s) Starting to evaluate predicate #select#query#fffffff/7@ed18a5
[2020-03-18 13:21:27] (3s)  >>> Wrote relation #select#query#fffffff with 10 rows and 7 columns.
[2020-03-18 13:21:27] (3s) Query done
[2020-03-18 13:21:27] CSV_CACHE_DIFF: #select#query#fffffff (console_getStmtAndSets.ql),2.702,1.725,0.535,0.242,0.131,0.045,0,0,0,0,0,0,0
[2020-03-18 13:21:27] (3s) Sequence stamp origin is -6748286756105308220
[2020-03-18 13:21:27] (3s) Stopped the world to sync to disk at sequence stamp o+0
[2020-03-18 13:21:27] (3s) Starting the world again
[2020-03-18 13:21:27] CSV_IMB_QUERIES: Query,#select#query#fffffff,console_getStmtAndSets.ql,20,Success,2.702,10,3681
[2020-03-18 13:21:27] Evaluation of /home/ellen/Documents/ASJProj/AsyncAnalysis/console_getStmtAndSets.ql produced BQRS results
[2020-03-18 13:21:27] [PROGRESS] execute queries> [1/1] Evaluation done (3.7s); writing results to /home/ellen/Documents/ASJProj/AsyncAnalysis/temp_swaps.bqrs.
[2020-03-18 13:21:27] [PROGRESS] execute queries> Shutting down query evaluator.
[2020-03-18 13:21:27] Stopped the world to close the cache at sequence stamp o+1
[2020-03-18 13:21:27] The disk cache is freshly trimmed; leave it be.
[2020-03-18 13:21:27] Starting the world again
[2020-03-18 13:21:27] Terminating normally.
