[2020-06-24 23:09:45] This is codeql execute queries -J-Xmx12800M --off-heap-ram=12800 --verbosity=progress --logdir=/home/ellen/Documents/ASJProj/TESTING_reordering/QLDBs/fiddle/log --ml-model-path= --native-library-path= --warnings=show --output=/home/ellen/Documents/APIModellingProj/JSEventBasedAPILearning/data/temp.bqrs -- /home/ellen/Documents/ASJProj/TESTING_reordering/QLDBs/fiddle/db-javascript /home/ellen/Documents/APIModellingProj/JSEventBasedAPILearning/data/analyse.ql
[2020-06-24 23:09:45] Creating executor with 1 threads.
[2020-06-24 23:09:46] Calling plumbing command: codeql resolve library-path --query=/home/ellen/Documents/APIModellingProj/JSEventBasedAPILearning/data/analyse.ql --format=json
[2020-06-24 23:09:46] [DETAILS] resolve library-path> Resolving query at normalized path /home/ellen/Documents/APIModellingProj/JSEventBasedAPILearning/data/analyse.ql.
[2020-06-24 23:09:46] [DETAILS] resolve library-path> Found enclosing pack 'api-modelling-analysis' at /home/ellen/Documents/APIModellingProj/JSEventBasedAPILearning/data.
[2020-06-24 23:09:46] [DETAILS] resolve library-path> Adding compilation cache at /home/ellen/Documents/APIModellingProj/JSEventBasedAPILearning/data/.cache.
[2020-06-24 23:09:46] [DETAILS] resolve library-path> Resolving library dependencies from /home/ellen/Documents/APIModellingProj/JSEventBasedAPILearning/data/qlpack.yml.
[2020-06-24 23:09:46] [SPAMMIER] resolve library-path> Recursing into /home/ellen/codeql_home.
[2020-06-24 23:09:46] [SPAMMIER] resolve library-path> Recursing into /home/ellen/codeql_home/ql.
[2020-06-24 23:09:46] [SPAMMIER] resolve library-path> Recursing into /home/ellen/codeql_home/ql/misc/legacy-support.
[2020-06-24 23:09:46] [DETAILS] resolve library-path> QL pack dependencies for /home/ellen/Documents/APIModellingProj/JSEventBasedAPILearning/data resolved OK.
[2020-06-24 23:09:46] [DETAILS] resolve library-path> Found dbscheme through QL packs: /home/ellen/codeql_home/ql/javascript/ql/src/semmlecode.javascript.dbscheme.
[2020-06-24 23:09:46] Plumbing command codeql resolve library-path completed:
                      {
                        "libraryPath" : [
                          "/home/ellen/Documents/APIModellingProj/JSEventBasedAPILearning/data",
                          "/home/ellen/codeql_home/ql/javascript/ql/src"
                        ],
                        "dbscheme" : "/home/ellen/codeql_home/ql/javascript/ql/src/semmlecode.javascript.dbscheme",
                        "compilationCache" : [
                          "/home/ellen/Documents/APIModellingProj/JSEventBasedAPILearning/data/.cache"
                        ],
                        "relativeName" : "api-modelling-analysis/analyse.ql"
                      }
[2020-06-24 23:09:46] [PROGRESS] execute queries> Compiling query plan for /home/ellen/Documents/APIModellingProj/JSEventBasedAPILearning/data/analyse.ql.
[2020-06-24 23:09:46] [DETAILS] execute queries> Resolving imports for /home/ellen/Documents/APIModellingProj/JSEventBasedAPILearning/data/analyse.ql.
[2020-06-24 23:09:47] Resolved file set for /home/ellen/Documents/APIModellingProj/JSEventBasedAPILearning/data/analyse.ql hashes to 7858f153aefd8c87e2a1390c183861d9c2225276.
[2020-06-24 23:09:47] [DETAILS] execute queries> Checking QL for /home/ellen/Documents/APIModellingProj/JSEventBasedAPILearning/data/analyse.ql.
[2020-06-24 23:09:48] ExternalModuleBindingPass ...
[2020-06-24 23:09:52] ExternalModuleBindingPass time: 00:04.082
[2020-06-24 23:09:52] QLPredicateSynthesiser ...
[2020-06-24 23:09:52] QLPredicateSynthesiser time: 00:00.061
[2020-06-24 23:09:52] DeclarationBindingPass ...
[2020-06-24 23:09:52] DeclarationBindingPass time: 00:00.389
[2020-06-24 23:09:52] Fixed point time ...
[2020-06-24 23:09:53] Fixed point time time: 00:00.440
[2020-06-24 23:09:53] ReferenceBindingPass ...
[2020-06-24 23:09:53] ReferenceBindingPass time: 00:00.094
[2020-06-24 23:09:53] EntityTypeUpdateBindingPass ...
[2020-06-24 23:09:53] EntityTypeUpdateBindingPass time: 00:00.088
[2020-06-24 23:09:53] ReferenceBindingCheck ...
[2020-06-24 23:09:53] ReferenceBindingCheck time: 00:00.081
[2020-06-24 23:09:53] PredicateBodyBindingPass ...
[2020-06-24 23:09:54] PredicateBodyBindingPass time: 00:00.528
[2020-06-24 23:09:54] LanguagePragmaPropagationPass ...
[2020-06-24 23:09:54] LanguagePragmaPropagationPass time: 00:00.062
[2020-06-24 23:09:54] Ambiguity checks ...
[2020-06-24 23:09:54] Ambiguity checks time: 00:00.058
[2020-06-24 23:09:54] Ql checks ...
[2020-06-24 23:09:55] Ql checks time: 00:00.881
[2020-06-24 23:09:55] [ERROR] execute queries> ERROR: unexpected input ')' expecting one of: 'any', 'avg', 'boolean', 'count', 'date', 'exists', 'false', 'float', 'forall', 'forex', 'if', 'int', 'max', 'min', 'not', 'none', 'rank', 'result', 'strictcount', 'strictsum', 'strictconcat', 'concat', 'string', 'sum', 'super', 'this', 'true', '-', '(', '[', '+', Lowerid, Upperid, Atlowerid, Integer, Float, String (/home/ellen/Documents/APIModellingProj/JSEventBasedAPILearning/data/analyse.ql:268,3-4)
[2020-06-24 23:09:55] [ERROR] execute queries> ERROR: unexpected input ')' expecting one of: 'any', 'avg', 'boolean', 'count', 'date', 'exists', 'false', 'float', 'forall', 'forex', 'if', 'int', 'max', 'min', 'not', 'none', 'rank', 'result', 'strictcount', 'strictsum', 'strictconcat', 'concat', 'string', 'sum', 'super', 'this', 'true', '-', '(', '[', '+', Lowerid, Upperid, Atlowerid, Integer, Float, String (/home/ellen/Documents/APIModellingProj/JSEventBasedAPILearning/data/analyse.ql:276,3-4)
[2020-06-24 23:09:55] [WARN] execute queries> WARNING: Unused predicate incorrect (/home/ellen/Documents/APIModellingProj/JSEventBasedAPILearning/data/analyse.ql:924,11-20)
[2020-06-24 23:09:55] [WARN] execute queries> WARNING: Unused predicate knownUnknown (/home/ellen/Documents/APIModellingProj/JSEventBasedAPILearning/data/analyse.ql:972,11-23)
[2020-06-24 23:09:55] Sequence stamp origin is -6711768646476500628
[2020-06-24 23:09:55] Stopped the world to close the cache at sequence stamp o+0
[2020-06-24 23:09:55] The disk cache is freshly trimmed; leave it be.
[2020-06-24 23:09:55] Starting the world again
[2020-06-24 23:09:55] Exiting with code 1
