[2020-06-24 23:18:39] This is codeql execute queries -J-Xmx12800M --off-heap-ram=12800 --verbosity=progress --logdir=/home/ellen/Documents/ASJProj/TESTING_reordering/QLDBs/fiddle/log --ml-model-path= --native-library-path= --warnings=show --output=/home/ellen/Documents/APIModellingProj/JSEventBasedAPILearning/data/temp.bqrs -- /home/ellen/Documents/ASJProj/TESTING_reordering/QLDBs/fiddle/db-javascript /home/ellen/Documents/APIModellingProj/JSEventBasedAPILearning/data/analyse.ql
[2020-06-24 23:18:39] Creating executor with 1 threads.
[2020-06-24 23:18:39] Calling plumbing command: codeql resolve library-path --query=/home/ellen/Documents/APIModellingProj/JSEventBasedAPILearning/data/analyse.ql --format=json
[2020-06-24 23:18:39] [DETAILS] resolve library-path> Resolving query at normalized path /home/ellen/Documents/APIModellingProj/JSEventBasedAPILearning/data/analyse.ql.
[2020-06-24 23:18:40] [DETAILS] resolve library-path> Found enclosing pack 'api-modelling-analysis' at /home/ellen/Documents/APIModellingProj/JSEventBasedAPILearning/data.
[2020-06-24 23:18:40] [DETAILS] resolve library-path> Adding compilation cache at /home/ellen/Documents/APIModellingProj/JSEventBasedAPILearning/data/.cache.
[2020-06-24 23:18:40] [DETAILS] resolve library-path> Resolving library dependencies from /home/ellen/Documents/APIModellingProj/JSEventBasedAPILearning/data/qlpack.yml.
[2020-06-24 23:18:40] [SPAMMIER] resolve library-path> Recursing into /home/ellen/codeql_home.
[2020-06-24 23:18:40] [SPAMMIER] resolve library-path> Recursing into /home/ellen/codeql_home/ql.
[2020-06-24 23:18:40] [SPAMMIER] resolve library-path> Recursing into /home/ellen/codeql_home/ql/misc/legacy-support.
[2020-06-24 23:18:40] [DETAILS] resolve library-path> QL pack dependencies for /home/ellen/Documents/APIModellingProj/JSEventBasedAPILearning/data resolved OK.
[2020-06-24 23:18:40] [DETAILS] resolve library-path> Found dbscheme through QL packs: /home/ellen/codeql_home/ql/javascript/ql/src/semmlecode.javascript.dbscheme.
[2020-06-24 23:18:40] Plumbing command codeql resolve library-path completed:
                      {
                        "libraryPath" : [
                          "/home/ellen/Documents/APIModellingProj/JSEventBasedAPILearning/data",
                          "/home/ellen/codeql_home/ql/javascript/ql/src"
                        ],
                        "dbscheme" : "/home/ellen/codeql_home/ql/javascript/ql/src/semmlecode.javascript.dbscheme",
                        "compilationCache" : [
                          "/home/ellen/Documents/APIModellingProj/JSEventBasedAPILearning/data/.cache"
                        ],
                        "relativeName" : "api-modelling-analysis/analyse.ql"
                      }
[2020-06-24 23:18:40] [PROGRESS] execute queries> Compiling query plan for /home/ellen/Documents/APIModellingProj/JSEventBasedAPILearning/data/analyse.ql.
[2020-06-24 23:18:40] [DETAILS] execute queries> Resolving imports for /home/ellen/Documents/APIModellingProj/JSEventBasedAPILearning/data/analyse.ql.
[2020-06-24 23:18:42] Resolved file set for /home/ellen/Documents/APIModellingProj/JSEventBasedAPILearning/data/analyse.ql hashes to e1a220ca31a99bfef44efa3603581afeecfa07e1.
[2020-06-24 23:18:42] [DETAILS] execute queries> Checking QL for /home/ellen/Documents/APIModellingProj/JSEventBasedAPILearning/data/analyse.ql.
[2020-06-24 23:18:43] ExternalModuleBindingPass ...
[2020-06-24 23:18:50] ExternalModuleBindingPass time: 00:06.733
[2020-06-24 23:18:50] QLPredicateSynthesiser ...
[2020-06-24 23:18:50] QLPredicateSynthesiser time: 00:00.112
[2020-06-24 23:18:50] DeclarationBindingPass ...
[2020-06-24 23:18:50] DeclarationBindingPass time: 00:00.479
[2020-06-24 23:18:50] Fixed point time ...
[2020-06-24 23:18:51] Fixed point time time: 00:00.381
[2020-06-24 23:18:51] ReferenceBindingPass ...
[2020-06-24 23:18:51] ReferenceBindingPass time: 00:00.149
[2020-06-24 23:18:51] EntityTypeUpdateBindingPass ...
[2020-06-24 23:18:51] EntityTypeUpdateBindingPass time: 00:00.172
[2020-06-24 23:18:51] ReferenceBindingCheck ...
[2020-06-24 23:18:51] ReferenceBindingCheck time: 00:00.125
[2020-06-24 23:18:51] PredicateBodyBindingPass ...
[2020-06-24 23:18:52] PredicateBodyBindingPass time: 00:00.988
[2020-06-24 23:18:52] LanguagePragmaPropagationPass ...
[2020-06-24 23:18:52] LanguagePragmaPropagationPass time: 00:00.115
[2020-06-24 23:18:52] Ambiguity checks ...
[2020-06-24 23:18:52] Ambiguity checks time: 00:00.091
[2020-06-24 23:18:52] Ql checks ...
[2020-06-24 23:18:54] Ql checks time: 00:01.604
[2020-06-24 23:18:57] Compilation pipeline
[2020-06-24 23:18:58] Type Inference ...
[2020-06-24 23:18:59] CSV_TYPE_HIERARCHY: Best number of iterations,Maximum number of runs,Number of BDD variables,Size of BDD for typefacts
[2020-06-24 23:18:59] CSV_TYPE_HIERARCHY: 0,0,1,1
[2020-06-24 23:18:59] CSV_TYPE_HIERARCHY: 0,0,0,0
[2020-06-24 23:18:59] CSV_TYPE_HIERARCHY: 0,0,79,85
[2020-06-24 23:18:59] CSV_TYPE_HIERARCHY: 0,0,1,1
[2020-06-24 23:18:59] CSV_TYPE_HIERARCHY: 0,0,0,0
[2020-06-24 23:19:00] CSV_TYPE_HIERARCHY: 0,0,749,3855
[2020-06-24 23:19:00] CSV_TYPE_HIERARCHY: 0,0,623,2259
[2020-06-24 23:19:00] CSV_TYPE_HIERARCHY: 0,0,9,9
[2020-06-24 23:19:00] CSV_TYPE_HIERARCHY: 0,0,7,7
[2020-06-24 23:19:00] CSV_TYPE_HIERARCHY: 0,0,2,2
[2020-06-24 23:19:00] CSV_TYPE_HIERARCHY: 0,0,26,26
[2020-06-24 23:19:00] CSV_TYPE_HIERARCHY: 0,0,17,19
[2020-06-24 23:19:00] CSV_TYPE_HIERARCHY: 0,0,6,6
[2020-06-24 23:19:00] CSV_TYPE_HIERARCHY: 0,0,2,2
[2020-06-24 23:19:00] CSV_TYPE_HIERARCHY: 0,0,12,12
[2020-06-24 23:19:00] CSV_TYPE_HIERARCHY: 0,0,2,2
[2020-06-24 23:19:00] CSV_TYPE_HIERARCHY: 0,0,2,2
[2020-06-24 23:19:00] CSV_TYPE_HIERARCHY: 0,0,7,10
[2020-06-24 23:19:00] CSV_TYPE_HIERARCHY: 0,0,4,4
[2020-06-24 23:19:00] CSV_TYPE_HIERARCHY: 0,0,2,2
[2020-06-24 23:19:00] CSV_TYPE_HIERARCHY: 0,0,1,1
[2020-06-24 23:19:00] CSV_TYPE_HIERARCHY: 0,0,12,15
[2020-06-24 23:19:00] CSV_TYPE_HIERARCHY: 0,0,2,2
[2020-06-24 23:19:00] CSV_TYPE_HIERARCHY: 0,0,2,2
[2020-06-24 23:19:00] CSV_TYPE_HIERARCHY: 0,0,6,7
[2020-06-24 23:19:00] CSV_TYPE_HIERARCHY: 0,0,4,4
[2020-06-24 23:19:00] CSV_TYPE_HIERARCHY: 0,0,6,6
[2020-06-24 23:19:00] CSV_TYPE_HIERARCHY: 0,0,4,4
[2020-06-24 23:19:00] CSV_TYPE_HIERARCHY: 0,0,2,2
[2020-06-24 23:19:00] CSV_TYPE_HIERARCHY: 0,0,6,7
[2020-06-24 23:19:00] CSV_TYPE_HIERARCHY: 0,0,2,2
[2020-06-24 23:19:00] CSV_TYPE_HIERARCHY: 0,0,2,2
[2020-06-24 23:19:00] CSV_TYPE_HIERARCHY: 0,0,10,13
[2020-06-24 23:19:00] CSV_TYPE_HIERARCHY: 0,0,3,3
[2020-06-24 23:19:00] CSV_TYPE_HIERARCHY: 0,0,2,2
[2020-06-24 23:19:00] CSV_TYPE_HIERARCHY: 0,0,4,4
[2020-06-24 23:19:00] CSV_TYPE_HIERARCHY: 0,0,0,0
[2020-06-24 23:19:00] CSV_TYPE_HIERARCHY: 0,0,0,0
[2020-06-24 23:19:00] CSV_TYPE_HIERARCHY: 0,0,0,0
[2020-06-24 23:19:00] CSV_TYPE_HIERARCHY: 0,0,0,0
[2020-06-24 23:19:00] CSV_TYPE_HIERARCHY: 0,0,0,0
[2020-06-24 23:19:00] CSV_TYPE_HIERARCHY: 0,0,0,0
[2020-06-24 23:19:00] CSV_TYPE_HIERARCHY: 0,0,0,0
[2020-06-24 23:19:00] CSV_TYPE_HIERARCHY: 0,0,0,0
[2020-06-24 23:19:00] CSV_TYPE_HIERARCHY: 0,0,0,0
[2020-06-24 23:19:00] CSV_TYPE_HIERARCHY: 0,0,0,0
[2020-06-24 23:19:00] CSV_TYPE_HIERARCHY: 0,0,0,0
[2020-06-24 23:19:00] CSV_TYPE_HIERARCHY: 0,0,0,0
[2020-06-24 23:19:00] CSV_TYPE_HIERARCHY: 0,0,0,0
[2020-06-24 23:19:00] CSV_TYPE_HIERARCHY: 0,0,0,0
[2020-06-24 23:19:00] CSV_TYPE_HIERARCHY: 0,0,0,0
[2020-06-24 23:19:00] CSV_TYPE_HIERARCHY: 0,0,0,0
[2020-06-24 23:19:00] CSV_TYPE_HIERARCHY: 0,0,0,0
[2020-06-24 23:19:00] CSV_TYPE_HIERARCHY: 0,0,0,0
[2020-06-24 23:19:00] CSV_TYPE_HIERARCHY: 0,0,0,0
[2020-06-24 23:19:00] CSV_TYPE_HIERARCHY: 0,0,0,0
[2020-06-24 23:19:00] CSV_TYPE_HIERARCHY: 0,0,0,0
[2020-06-24 23:19:00] CSV_TYPE_HIERARCHY: 0,0,0,0
[2020-06-24 23:19:00] CSV_TYPE_HIERARCHY: 0,0,0,0
[2020-06-24 23:19:02] Type Inference time: 00:03.901
[2020-06-24 23:19:02] Binding Checks ...
[2020-06-24 23:19:03] Binding Checks time: 00:00.722
[2020-06-24 23:19:05] [WARN] execute queries> WARNING: Unused predicate incorrect (/home/ellen/Documents/APIModellingProj/JSEventBasedAPILearning/data/analyse.ql:924,11-20)
[2020-06-24 23:19:05] [WARN] execute queries> WARNING: Unused predicate knownUnknown (/home/ellen/Documents/APIModellingProj/JSEventBasedAPILearning/data/analyse.ql:972,11-23)
[2020-06-24 23:19:05] [DETAILS] execute queries> Optimizing /home/ellen/Documents/APIModellingProj/JSEventBasedAPILearning/data/analyse.ql.
[2020-06-24 23:19:05] Processing compilation pipeline
[2020-06-24 23:19:05] Started compiling a query
[2020-06-24 23:19:05] Initialising compiler...
[2020-06-24 23:19:05] 	 ... compiler initialised
[2020-06-24 23:19:05] About to start query optimisation
[2020-06-24 23:19:06] Compilation cache miss for 57db431420aa014a634077b4ff1a595f66ef5d11.
[2020-06-24 23:19:30] Stored compiled program for 57db431420aa014a634077b4ff1a595f66ef5d11.
[2020-06-24 23:19:31] CSV_COMPILATION: NONE,MISC,RA_TRANSLATION,OPTIMISATIONS
[2020-06-24 23:19:31] CSV_COMPILATION: 3060,681,19429,2579
[2020-06-24 23:19:31] [PROGRESS] execute queries> [1/1] Compiled /home/ellen/Documents/APIModellingProj/JSEventBasedAPILearning/data/analyse.ql (51.6s).
[2020-06-24 23:19:31] Of 59 predicates, 0 are used in more than one query.
[2020-06-24 23:19:31] [PROGRESS] execute queries> Starting evaluation of api-modelling-analysis/analyse.ql.
[2020-06-24 23:19:31] Starting evaluation of /home/ellen/Documents/APIModellingProj/JSEventBasedAPILearning/data/analyse.ql
[2020-06-24 23:19:31] (0s) Start query execution
[2020-06-24 23:19:32] (0s) Prepared IMB program for execution: took 0ms
[2020-06-24 23:19:32] (0s) Beginning execution of program...
[2020-06-24 23:19:32] (0s) Starting to evaluate predicate #select#ff#join_rhs/1@a962b5
[2020-06-24 23:19:32] (0s)  >>> Wrote relation #select#ff#join_rhs with 37922 rows and 1 columns.
[2020-06-24 23:19:32] (0s) Starting to evaluate predicate analyse::hasEvent#ff#join_rhs#36/2@74a292
[2020-06-24 23:19:32] (0s)  >>> Wrote relation analyse::hasEvent#ff#join_rhs#36 with 1 rows and 2 columns.
[2020-06-24 23:19:32] (0s) Starting to evaluate predicate analyse::hasEvent#ff#join_rhs#35/2@cf41c4
[2020-06-24 23:19:32] (0s)  >>> Wrote relation analyse::hasEvent#ff#join_rhs#35 with 1 rows and 2 columns.
[2020-06-24 23:19:32] (0s) Starting to evaluate predicate analyse::hasEvent#ff#join_rhs#34/2@69161d
[2020-06-24 23:19:32] (0s)  >>> Wrote relation analyse::hasEvent#ff#join_rhs#34 with 1 rows and 2 columns.
[2020-06-24 23:19:32] (0s) Starting to evaluate predicate analyse::hasEvent#ff#join_rhs#33/2@153ad4
[2020-06-24 23:19:32] (0s)  >>> Wrote relation analyse::hasEvent#ff#join_rhs#33 with 1 rows and 2 columns.
[2020-06-24 23:19:32] (0s) Starting to evaluate predicate analyse::hasEvent#ff#join_rhs#32/2@b93e90
[2020-06-24 23:19:32] (0s)  >>> Wrote relation analyse::hasEvent#ff#join_rhs#32 with 1 rows and 2 columns.
[2020-06-24 23:19:32] (0s) Starting to evaluate predicate analyse::hasEvent#ff#join_rhs#31/2@e66b80
[2020-06-24 23:19:32] (0s)  >>> Wrote relation analyse::hasEvent#ff#join_rhs#31 with 1 rows and 2 columns.
[2020-06-24 23:19:32] (0s) Starting to evaluate predicate analyse::hasEvent#ff#join_rhs#30/2@8d69fa
[2020-06-24 23:19:32] (0s)  >>> Wrote relation analyse::hasEvent#ff#join_rhs#30 with 1 rows and 2 columns.
[2020-06-24 23:19:32] (0s) Starting to evaluate predicate analyse::hasEvent#ff#join_rhs#29/2@bd2e7e
[2020-06-24 23:19:32] (0s)  >>> Wrote relation analyse::hasEvent#ff#join_rhs#29 with 1 rows and 2 columns.
[2020-06-24 23:19:32] (0s) Starting to evaluate predicate analyse::hasEvent#ff#join_rhs#28/2@759c66
[2020-06-24 23:19:32] (0s)  >>> Wrote relation analyse::hasEvent#ff#join_rhs#28 with 1 rows and 2 columns.
[2020-06-24 23:19:32] (0s) Starting to evaluate predicate analyse::hasEvent#ff#join_rhs#27/2@0faf87
[2020-06-24 23:19:32] (0s)  >>> Wrote relation analyse::hasEvent#ff#join_rhs#27 with 1 rows and 2 columns.
[2020-06-24 23:19:32] (0s) Starting to evaluate predicate analyse::hasEvent#ff#join_rhs#26/2@bf1c13
[2020-06-24 23:19:32] (0s)  >>> Wrote relation analyse::hasEvent#ff#join_rhs#26 with 1 rows and 2 columns.
[2020-06-24 23:19:32] (0s) Starting to evaluate predicate analyse::hasEvent#ff#join_rhs#25/2@be1033
[2020-06-24 23:19:32] (0s)  >>> Wrote relation analyse::hasEvent#ff#join_rhs#25 with 1 rows and 2 columns.
[2020-06-24 23:19:32] (0s) Starting to evaluate predicate analyse::hasEvent#ff#join_rhs#24/2@9af2c8
[2020-06-24 23:19:32] (0s)  >>> Wrote relation analyse::hasEvent#ff#join_rhs#24 with 1 rows and 2 columns.
[2020-06-24 23:19:32] (0s) Starting to evaluate predicate analyse::hasEvent#ff#join_rhs#23/2@bca424
[2020-06-24 23:19:32] (0s)  >>> Wrote relation analyse::hasEvent#ff#join_rhs#23 with 1 rows and 2 columns.
[2020-06-24 23:19:32] (0s) Starting to evaluate predicate analyse::hasEvent#ff#join_rhs#22/2@17f945
[2020-06-24 23:19:32] (0s)  >>> Wrote relation analyse::hasEvent#ff#join_rhs#22 with 1 rows and 2 columns.
[2020-06-24 23:19:32] (0s) Starting to evaluate predicate analyse::hasEvent#ff#join_rhs#21/2@169b8c
[2020-06-24 23:19:32] (0s)  >>> Wrote relation analyse::hasEvent#ff#join_rhs#21 with 1 rows and 2 columns.
[2020-06-24 23:19:32] (0s) Starting to evaluate predicate analyse::hasEvent#ff#join_rhs#20/2@c535f0
[2020-06-24 23:19:32] (0s)  >>> Wrote relation analyse::hasEvent#ff#join_rhs#20 with 1 rows and 2 columns.
[2020-06-24 23:19:32] (0s) Starting to evaluate predicate analyse::hasEvent#ff#join_rhs#19/2@3b8813
[2020-06-24 23:19:32] (0s)  >>> Wrote relation analyse::hasEvent#ff#join_rhs#19 with 1 rows and 2 columns.
[2020-06-24 23:19:32] (0s) Starting to evaluate predicate analyse::hasEvent#ff#join_rhs#18/2@ba4619
[2020-06-24 23:19:32] (0s)  >>> Wrote relation analyse::hasEvent#ff#join_rhs#18 with 1 rows and 2 columns.
[2020-06-24 23:19:32] (0s) Starting to evaluate predicate analyse::hasEvent#ff#join_rhs#17/2@cb0392
[2020-06-24 23:19:32] (0s)  >>> Wrote relation analyse::hasEvent#ff#join_rhs#17 with 1 rows and 2 columns.
[2020-06-24 23:19:32] (0s) Starting to evaluate predicate analyse::hasEvent#ff#join_rhs#16/2@4da191
[2020-06-24 23:19:32] (0s)  >>> Wrote relation analyse::hasEvent#ff#join_rhs#16 with 1 rows and 2 columns.
[2020-06-24 23:19:32] (0s) Starting to evaluate predicate analyse::hasEvent#ff#join_rhs#15/2@ca042d
[2020-06-24 23:19:32] (0s)  >>> Wrote relation analyse::hasEvent#ff#join_rhs#15 with 1 rows and 2 columns.
[2020-06-24 23:19:32] (0s) Starting to evaluate predicate analyse::hasEvent#ff#join_rhs#14/2@51f63d
[2020-06-24 23:19:32] (0s)  >>> Wrote relation analyse::hasEvent#ff#join_rhs#14 with 1 rows and 2 columns.
[2020-06-24 23:19:32] (0s) Starting to evaluate predicate analyse::hasEvent#ff#join_rhs#13/2@42258e
[2020-06-24 23:19:32] (0s)  >>> Wrote relation analyse::hasEvent#ff#join_rhs#13 with 1 rows and 2 columns.
[2020-06-24 23:19:32] (0s) Starting to evaluate predicate analyse::hasEvent#ff#join_rhs#12/2@3e6778
[2020-06-24 23:19:32] (0s)  >>> Wrote relation analyse::hasEvent#ff#join_rhs#12 with 1 rows and 2 columns.
[2020-06-24 23:19:32] (0s) Starting to evaluate predicate analyse::hasEvent#ff#join_rhs#11/2@9949e2
[2020-06-24 23:19:32] (0s)  >>> Wrote relation analyse::hasEvent#ff#join_rhs#11 with 1 rows and 2 columns.
[2020-06-24 23:19:32] (0s) Starting to evaluate predicate analyse::hasEvent#ff#join_rhs#10/2@626ad0
[2020-06-24 23:19:32] (0s)  >>> Wrote relation analyse::hasEvent#ff#join_rhs#10 with 1 rows and 2 columns.
[2020-06-24 23:19:32] (0s) Starting to evaluate predicate analyse::hasEvent#ff#join_rhs#9/2@504276
[2020-06-24 23:19:32] (0s)  >>> Wrote relation analyse::hasEvent#ff#join_rhs#9 with 1 rows and 2 columns.
[2020-06-24 23:19:32] (0s) Starting to evaluate predicate analyse::hasEvent#ff#join_rhs#8/2@70a1a0
[2020-06-24 23:19:32] (0s)  >>> Wrote relation analyse::hasEvent#ff#join_rhs#8 with 1 rows and 2 columns.
[2020-06-24 23:19:32] (0s) Starting to evaluate predicate analyse::hasEvent#ff#join_rhs#7/2@c3a5ab
[2020-06-24 23:19:32] (0s)  >>> Wrote relation analyse::hasEvent#ff#join_rhs#7 with 1 rows and 2 columns.
[2020-06-24 23:19:32] (0s) Starting to evaluate predicate analyse::hasEvent#ff#join_rhs#6/2@dd199f
[2020-06-24 23:19:32] (0s)  >>> Wrote relation analyse::hasEvent#ff#join_rhs#6 with 1 rows and 2 columns.
[2020-06-24 23:19:32] (0s) Starting to evaluate predicate analyse::hasEvent#ff#join_rhs#5/2@98b832
[2020-06-24 23:19:32] (0s)  >>> Wrote relation analyse::hasEvent#ff#join_rhs#5 with 1 rows and 2 columns.
[2020-06-24 23:19:32] (0s) Starting to evaluate predicate analyse::hasEvent#ff#join_rhs#4/2@35c5f5
[2020-06-24 23:19:32] (0s)  >>> Wrote relation analyse::hasEvent#ff#join_rhs#4 with 1 rows and 2 columns.
[2020-06-24 23:19:32] (0s) Starting to evaluate predicate analyse::hasEvent#ff#join_rhs#3/2@27fc57
[2020-06-24 23:19:32] (0s)  >>> Wrote relation analyse::hasEvent#ff#join_rhs#3 with 1 rows and 2 columns.
[2020-06-24 23:19:32] (0s) Starting to evaluate predicate analyse::hasEvent#ff#join_rhs#2/2@0d0b14
[2020-06-24 23:19:32] (0s)  >>> Wrote relation analyse::hasEvent#ff#join_rhs#2 with 1 rows and 2 columns.
[2020-06-24 23:19:32] (0s) Starting to evaluate predicate analyse::hasEvent#ff#join_rhs#1/2@0e5372
[2020-06-24 23:19:32] (0s)  >>> Wrote relation analyse::hasEvent#ff#join_rhs#1 with 1 rows and 2 columns.
[2020-06-24 23:19:32] (0s) Starting to evaluate predicate analyse::hasEvent#ff#join_rhs/2@7a4b39
[2020-06-24 23:19:32] (0s)  >>> Wrote relation analyse::hasEvent#ff#join_rhs with 1 rows and 2 columns.
[2020-06-24 23:19:32] (0s) Starting to evaluate predicate analyse::hasEvent#ff#cur_delta/2[1]@b0ebd5 (iteration 1)
[2020-06-24 23:19:32] (0s) 			 - analyse::hasEvent#ff_delta has 184 rows (order for disjuncts: delta=<standard>).
[2020-06-24 23:19:32] (0s) Starting to evaluate predicate analyse::hasEvent#ff#cur_delta/2[2]@e0caff (iteration 2)
[2020-06-24 23:19:32] (0s) 			 - analyse::hasEvent#ff_delta has 127 rows (order for disjuncts: delta=100).
[2020-06-24 23:19:32] (0s) Starting to evaluate predicate analyse::hasEvent#ff#cur_delta/2[3]@3e85b4 (iteration 3)
[2020-06-24 23:19:32] (0s) 			 - analyse::hasEvent#ff_delta has 53 rows (order for disjuncts: delta=100).
[2020-06-24 23:19:32] (0s) Starting to evaluate predicate analyse::hasEvent#ff#cur_delta/2[4]@b1df56 (iteration 4)
[2020-06-24 23:19:32] (0s) 			 - analyse::hasEvent#ff_delta has 21 rows (order for disjuncts: delta=100).
[2020-06-24 23:19:32] (0s) Starting to evaluate predicate analyse::hasEvent#ff#cur_delta/2[5]@9f613a (iteration 5)
[2020-06-24 23:19:32] (0s) 			 - analyse::hasEvent#ff_delta has 4 rows (order for disjuncts: delta=100).
[2020-06-24 23:19:32] (0s) Starting to evaluate predicate analyse::hasEvent#ff#cur_delta/2[6]@aeeae9 (iteration 6)
[2020-06-24 23:19:32] (0s) Empty delta for analyse::hasEvent#ff_delta (order for disjuncts: delta=100).
[2020-06-24 23:19:32] (0s) Accumulating deltas
[2020-06-24 23:19:32] (0s)  >>> Wrote relation analyse::hasEvent#ff with 389 rows and 2 columns.
[2020-06-24 23:19:32] (0s) Starting to evaluate predicate analyse::method#fff#join_rhs/1@c15b8b
[2020-06-24 23:19:32] (0s)  >>> Wrote relation analyse::method#fff#join_rhs with 11 rows and 1 columns.
[2020-06-24 23:19:32] (0s) Starting to evaluate predicate project#analyse::hasEvent#ff/1@0706a8
[2020-06-24 23:19:32] (0s)  >>> Wrote relation project#analyse::hasEvent#ff with 36 rows and 1 columns.
[2020-06-24 23:19:32] (0s) Starting to evaluate predicate analyse::method#fff/3@9f3228
[2020-06-24 23:19:32] (0s)  >>> Wrote relation analyse::method#fff with 288 rows and 3 columns.
[2020-06-24 23:19:32] (0s) Starting to evaluate predicate project#analyse::method#fff/2@c83089
[2020-06-24 23:19:32] (0s)  >>> Wrote relation project#analyse::method#fff with 288 rows and 2 columns.
[2020-06-24 23:19:32] (0s) Starting to evaluate predicate project#analyse::method#fff_10#join_rhs/2@1f6d1f
[2020-06-24 23:19:32] (0s)  >>> Wrote relation project#analyse::method#fff_10#join_rhs with 288 rows and 2 columns.
[2020-06-24 23:19:32] (0s) Starting to evaluate predicate analyse::field#fff/3@27d21c
[2020-06-24 23:19:32] (0s)  >>> Wrote relation analyse::field#fff with 28 rows and 3 columns.
[2020-06-24 23:19:32] (0s) Starting to evaluate predicate project#analyse::field#fff/2@78450c
[2020-06-24 23:19:32] (0s)  >>> Wrote relation project#analyse::field#fff with 17 rows and 2 columns.
[2020-06-24 23:19:32] (0s) Starting to evaluate predicate project#analyse::field#fff_10#join_rhs/2@e96be1
[2020-06-24 23:19:32] (0s)  >>> Wrote relation project#analyse::field#fff_10#join_rhs with 17 rows and 2 columns.
[2020-06-24 23:19:32] (0s) Starting to evaluate predicate analyse::exportedClass#ff/2@3a0c2d
[2020-06-24 23:19:32] (0s)  >>> Wrote relation analyse::exportedClass#ff with 12 rows and 2 columns.
[2020-06-24 23:19:32] (0s) Starting to evaluate predicate analyse::exportedFn#fff/3@6bc098
[2020-06-24 23:19:32] (0s)  >>> Wrote relation analyse::exportedFn#fff with 28 rows and 3 columns.
[2020-06-24 23:19:32] (0s) Starting to evaluate predicate analyse::hasEvent#ff_10#join_rhs/2@c3d443
[2020-06-24 23:19:32] (0s)  >>> Wrote relation analyse::hasEvent#ff_10#join_rhs with 389 rows and 2 columns.
[2020-06-24 23:19:32] (0s) Starting to evaluate predicate #select#ff#join_rhs#2/1@d105f8
[2020-06-24 23:19:32] (0s)  >>> Wrote relation #select#ff#join_rhs#2 with 21249 rows and 1 columns.
[2020-06-24 23:19:32] (0s) Starting to evaluate predicate #select#ff#join_rhs#1/2@b97042
[2020-06-24 23:19:32] (0s)  >>> Wrote relation #select#ff#join_rhs#1 with 116636 rows and 2 columns.
[2020-06-24 23:19:32] (0s) Starting to evaluate predicate #select#ff/2@4be29f
