[2020-06-25 00:00:30] This is codeql execute queries -J-Xmx12800M --off-heap-ram=12800 --verbosity=progress --logdir=/home/ellen/Documents/ASJProj/TESTING_reordering/QLDBs/fiddle/log --ml-model-path= --native-library-path= --warnings=show --output=/home/ellen/Documents/APIModellingProj/JSEventBasedAPILearning/data/temp.bqrs -- /home/ellen/Documents/ASJProj/TESTING_reordering/QLDBs/fiddle/db-javascript /home/ellen/Documents/APIModellingProj/JSEventBasedAPILearning/data/analyse.ql
[2020-06-25 00:00:30] Creating executor with 1 threads.
[2020-06-25 00:00:30] Calling plumbing command: codeql resolve library-path --query=/home/ellen/Documents/APIModellingProj/JSEventBasedAPILearning/data/analyse.ql --format=json
[2020-06-25 00:00:30] [DETAILS] resolve library-path> Resolving query at normalized path /home/ellen/Documents/APIModellingProj/JSEventBasedAPILearning/data/analyse.ql.
[2020-06-25 00:00:30] [DETAILS] resolve library-path> Found enclosing pack 'api-modelling-analysis' at /home/ellen/Documents/APIModellingProj/JSEventBasedAPILearning/data.
[2020-06-25 00:00:30] [DETAILS] resolve library-path> Adding compilation cache at /home/ellen/Documents/APIModellingProj/JSEventBasedAPILearning/data/.cache.
[2020-06-25 00:00:30] [DETAILS] resolve library-path> Resolving library dependencies from /home/ellen/Documents/APIModellingProj/JSEventBasedAPILearning/data/qlpack.yml.
[2020-06-25 00:00:30] [SPAMMIER] resolve library-path> Recursing into /home/ellen/codeql_home.
[2020-06-25 00:00:30] [SPAMMIER] resolve library-path> Recursing into /home/ellen/codeql_home/ql.
[2020-06-25 00:00:30] [SPAMMIER] resolve library-path> Recursing into /home/ellen/codeql_home/ql/misc/legacy-support.
[2020-06-25 00:00:30] [DETAILS] resolve library-path> QL pack dependencies for /home/ellen/Documents/APIModellingProj/JSEventBasedAPILearning/data resolved OK.
[2020-06-25 00:00:30] [DETAILS] resolve library-path> Found dbscheme through QL packs: /home/ellen/codeql_home/ql/javascript/ql/src/semmlecode.javascript.dbscheme.
[2020-06-25 00:00:30] Plumbing command codeql resolve library-path completed:
                      {
                        "libraryPath" : [
                          "/home/ellen/Documents/APIModellingProj/JSEventBasedAPILearning/data",
                          "/home/ellen/codeql_home/ql/javascript/ql/src"
                        ],
                        "dbscheme" : "/home/ellen/codeql_home/ql/javascript/ql/src/semmlecode.javascript.dbscheme",
                        "compilationCache" : [
                          "/home/ellen/Documents/APIModellingProj/JSEventBasedAPILearning/data/.cache"
                        ],
                        "relativeName" : "api-modelling-analysis/analyse.ql"
                      }
[2020-06-25 00:00:30] [PROGRESS] execute queries> Compiling query plan for /home/ellen/Documents/APIModellingProj/JSEventBasedAPILearning/data/analyse.ql.
[2020-06-25 00:00:30] [DETAILS] execute queries> Resolving imports for /home/ellen/Documents/APIModellingProj/JSEventBasedAPILearning/data/analyse.ql.
[2020-06-25 00:00:33] Resolved file set for /home/ellen/Documents/APIModellingProj/JSEventBasedAPILearning/data/analyse.ql hashes to d90765409cfa9d37a9505ad9cd1ca4a99e0d6e12.
[2020-06-25 00:00:33] [DETAILS] execute queries> Checking QL for /home/ellen/Documents/APIModellingProj/JSEventBasedAPILearning/data/analyse.ql.
[2020-06-25 00:00:33] ExternalModuleBindingPass ...
[2020-06-25 00:00:39] ExternalModuleBindingPass time: 00:05.886
[2020-06-25 00:00:39] QLPredicateSynthesiser ...
[2020-06-25 00:00:39] QLPredicateSynthesiser time: 00:00.068
[2020-06-25 00:00:39] DeclarationBindingPass ...
[2020-06-25 00:00:40] DeclarationBindingPass time: 00:00.571
[2020-06-25 00:00:40] Fixed point time ...
[2020-06-25 00:00:40] Fixed point time time: 00:00.401
[2020-06-25 00:00:40] ReferenceBindingPass ...
[2020-06-25 00:00:41] ReferenceBindingPass time: 00:00.284
[2020-06-25 00:00:41] EntityTypeUpdateBindingPass ...
[2020-06-25 00:00:41] EntityTypeUpdateBindingPass time: 00:00.173
[2020-06-25 00:00:41] ReferenceBindingCheck ...
[2020-06-25 00:00:41] ReferenceBindingCheck time: 00:00.134
[2020-06-25 00:00:41] PredicateBodyBindingPass ...
[2020-06-25 00:00:42] PredicateBodyBindingPass time: 00:00.999
[2020-06-25 00:00:42] LanguagePragmaPropagationPass ...
[2020-06-25 00:00:42] LanguagePragmaPropagationPass time: 00:00.109
[2020-06-25 00:00:42] Ambiguity checks ...
[2020-06-25 00:00:42] Ambiguity checks time: 00:00.100
[2020-06-25 00:00:42] Ql checks ...
[2020-06-25 00:00:44] Ql checks time: 00:01.506
[2020-06-25 00:00:46] Compilation pipeline
[2020-06-25 00:00:47] Type Inference ...
[2020-06-25 00:00:47] CSV_TYPE_HIERARCHY: Best number of iterations,Maximum number of runs,Number of BDD variables,Size of BDD for typefacts
[2020-06-25 00:00:47] CSV_TYPE_HIERARCHY: 0,0,1,1
[2020-06-25 00:00:47] CSV_TYPE_HIERARCHY: 0,0,0,0
[2020-06-25 00:00:47] CSV_TYPE_HIERARCHY: 0,0,81,87
[2020-06-25 00:00:47] CSV_TYPE_HIERARCHY: 0,0,1,1
[2020-06-25 00:00:47] CSV_TYPE_HIERARCHY: 0,0,0,0
[2020-06-25 00:00:48] CSV_TYPE_HIERARCHY: 0,0,749,3855
[2020-06-25 00:00:48] CSV_TYPE_HIERARCHY: 0,0,623,2259
[2020-06-25 00:00:48] CSV_TYPE_HIERARCHY: 0,0,9,9
[2020-06-25 00:00:48] CSV_TYPE_HIERARCHY: 0,0,7,7
[2020-06-25 00:00:48] CSV_TYPE_HIERARCHY: 0,0,2,2
[2020-06-25 00:00:48] CSV_TYPE_HIERARCHY: 0,0,26,26
[2020-06-25 00:00:48] CSV_TYPE_HIERARCHY: 0,0,17,19
[2020-06-25 00:00:48] CSV_TYPE_HIERARCHY: 0,0,6,6
[2020-06-25 00:00:48] CSV_TYPE_HIERARCHY: 0,0,2,2
[2020-06-25 00:00:48] CSV_TYPE_HIERARCHY: 0,0,12,12
[2020-06-25 00:00:48] CSV_TYPE_HIERARCHY: 0,0,2,2
[2020-06-25 00:00:48] CSV_TYPE_HIERARCHY: 0,0,2,2
[2020-06-25 00:00:48] CSV_TYPE_HIERARCHY: 0,0,7,10
[2020-06-25 00:00:48] CSV_TYPE_HIERARCHY: 0,0,4,4
[2020-06-25 00:00:48] CSV_TYPE_HIERARCHY: 0,0,2,2
[2020-06-25 00:00:48] CSV_TYPE_HIERARCHY: 0,0,1,1
[2020-06-25 00:00:48] CSV_TYPE_HIERARCHY: 0,0,12,15
[2020-06-25 00:00:48] CSV_TYPE_HIERARCHY: 0,0,2,2
[2020-06-25 00:00:48] CSV_TYPE_HIERARCHY: 0,0,2,2
[2020-06-25 00:00:48] CSV_TYPE_HIERARCHY: 0,0,6,7
[2020-06-25 00:00:48] CSV_TYPE_HIERARCHY: 0,0,4,4
[2020-06-25 00:00:48] CSV_TYPE_HIERARCHY: 0,0,6,6
[2020-06-25 00:00:48] CSV_TYPE_HIERARCHY: 0,0,4,4
[2020-06-25 00:00:48] CSV_TYPE_HIERARCHY: 0,0,2,2
[2020-06-25 00:00:48] CSV_TYPE_HIERARCHY: 0,0,6,7
[2020-06-25 00:00:48] CSV_TYPE_HIERARCHY: 0,0,2,2
[2020-06-25 00:00:48] CSV_TYPE_HIERARCHY: 0,0,2,2
[2020-06-25 00:00:48] CSV_TYPE_HIERARCHY: 0,0,10,13
[2020-06-25 00:00:48] CSV_TYPE_HIERARCHY: 0,0,3,3
[2020-06-25 00:00:48] CSV_TYPE_HIERARCHY: 0,0,2,2
[2020-06-25 00:00:48] CSV_TYPE_HIERARCHY: 0,0,4,4
[2020-06-25 00:00:48] CSV_TYPE_HIERARCHY: 0,0,0,0
[2020-06-25 00:00:48] CSV_TYPE_HIERARCHY: 0,0,0,0
[2020-06-25 00:00:48] CSV_TYPE_HIERARCHY: 0,0,0,0
[2020-06-25 00:00:48] CSV_TYPE_HIERARCHY: 0,0,0,0
[2020-06-25 00:00:48] CSV_TYPE_HIERARCHY: 0,0,0,0
[2020-06-25 00:00:48] CSV_TYPE_HIERARCHY: 0,0,0,0
[2020-06-25 00:00:48] CSV_TYPE_HIERARCHY: 0,0,0,0
[2020-06-25 00:00:48] CSV_TYPE_HIERARCHY: 0,0,0,0
[2020-06-25 00:00:48] CSV_TYPE_HIERARCHY: 0,0,0,0
[2020-06-25 00:00:48] CSV_TYPE_HIERARCHY: 0,0,0,0
[2020-06-25 00:00:48] CSV_TYPE_HIERARCHY: 0,0,0,0
[2020-06-25 00:00:48] CSV_TYPE_HIERARCHY: 0,0,0,0
[2020-06-25 00:00:48] CSV_TYPE_HIERARCHY: 0,0,0,0
[2020-06-25 00:00:48] CSV_TYPE_HIERARCHY: 0,0,0,0
[2020-06-25 00:00:48] CSV_TYPE_HIERARCHY: 0,0,0,0
[2020-06-25 00:00:48] CSV_TYPE_HIERARCHY: 0,0,0,0
[2020-06-25 00:00:48] CSV_TYPE_HIERARCHY: 0,0,0,0
[2020-06-25 00:00:48] CSV_TYPE_HIERARCHY: 0,0,0,0
[2020-06-25 00:00:48] CSV_TYPE_HIERARCHY: 0,0,0,0
[2020-06-25 00:00:48] CSV_TYPE_HIERARCHY: 0,0,0,0
[2020-06-25 00:00:48] CSV_TYPE_HIERARCHY: 0,0,0,0
[2020-06-25 00:00:48] CSV_TYPE_HIERARCHY: 0,0,0,0
[2020-06-25 00:00:48] CSV_TYPE_HIERARCHY: 0,0,0,0
[2020-06-25 00:00:50] Type Inference time: 00:03.405
[2020-06-25 00:00:50] Binding Checks ...
[2020-06-25 00:00:51] Binding Checks time: 00:01.014
[2020-06-25 00:00:52] [WARN] execute queries> WARNING: Unused predicate incorrect (/home/ellen/Documents/APIModellingProj/JSEventBasedAPILearning/data/analyse.ql:958,11-20)
[2020-06-25 00:00:52] [WARN] execute queries> WARNING: Unused predicate correct (/home/ellen/Documents/APIModellingProj/JSEventBasedAPILearning/data/analyse.ql:993,11-18)
[2020-06-25 00:00:52] [WARN] execute queries> WARNING: Unused class AnalyzedPackageName (/home/ellen/Documents/APIModellingProj/JSEventBasedAPILearning/data/analyse.ql:925,7-26)
[2020-06-25 00:00:52] [ERROR] execute queries> ERROR: 'analyse::AnalyzedExtAPString::root' is not bound to a value. (/home/ellen/Documents/APIModellingProj/JSEventBasedAPILearning/data/analyse.ql:949,3-15)
[2020-06-25 00:00:52] [ERROR] execute queries> ERROR: call argument is not bound to a value. (/home/ellen/Documents/APIModellingProj/JSEventBasedAPILearning/data/analyse.ql:952,18-70)
[2020-06-25 00:00:52] [ERROR] execute queries> ERROR: 'analyse::AnalyzedExtAPString::root' is not bound to a value. (/home/ellen/Documents/APIModellingProj/JSEventBasedAPILearning/data/analyse.ql:952,60-64)
[2020-06-25 00:00:52] [ERROR] execute queries> ERROR: expression is not bound to a value. (/home/ellen/Documents/APIModellingProj/JSEventBasedAPILearning/data/analyse.ql:952,18-64)
[2020-06-25 00:00:52] [ERROR] execute queries> ERROR: expression is not bound to a value. (/home/ellen/Documents/APIModellingProj/JSEventBasedAPILearning/data/analyse.ql:952,18-64)
[2020-06-25 00:00:52] [ERROR] execute queries> ERROR: expression is not bound to a value. (/home/ellen/Documents/APIModellingProj/JSEventBasedAPILearning/data/analyse.ql:952,18-70)
[2020-06-25 00:00:52] Sequence stamp origin is -6711755570105331350
[2020-06-25 00:00:52] Stopped the world to close the cache at sequence stamp o+0
[2020-06-25 00:00:52] The disk cache is freshly trimmed; leave it be.
[2020-06-25 00:00:52] Starting the world again
[2020-06-25 00:00:52] Exiting with code 1
