[2020-03-18 15:34:31] This is codeql execute queries -J-Xmx12800M --off-heap-ram=12800 --verbosity=progress --logdir=/home/ellen/Documents/ASJProj/TESTING_reordering/QLDBs/fiddle/log --warnings=show --output=/home/ellen/Documents/ASJProj/AsyncAnalysis/temp_swaps.bqrs -- /home/ellen/Documents/ASJProj/TESTING_reordering/QLDBs/fiddle/db-javascript /home/ellen/Documents/ASJProj/AsyncAnalysis/console_getStmtAndSets.ql
[2020-03-18 15:34:31] Creating executor with 1 threads.
[2020-03-18 15:34:31] Calling plumbing command: codeql resolve library-path --query=/home/ellen/Documents/ASJProj/AsyncAnalysis/console_getStmtAndSets.ql --format=json
[2020-03-18 15:34:31] [DETAILS] resolve library-path> Resolving query at normalized path /home/ellen/Documents/ASJProj/AsyncAnalysis/console_getStmtAndSets.ql.
[2020-03-18 15:34:32] [DETAILS] resolve library-path> Found enclosing pack 'await-reordering-analysis' at /home/ellen/Documents/ASJProj/AsyncAnalysis.
[2020-03-18 15:34:32] [DETAILS] resolve library-path> Adding compilation cache at /home/ellen/Documents/ASJProj/AsyncAnalysis/.cache.
[2020-03-18 15:34:32] [DETAILS] resolve library-path> Resolving library dependencies from /home/ellen/Documents/ASJProj/AsyncAnalysis/qlpack.yml.
[2020-03-18 15:34:32] [SPAMMIER] resolve library-path> Recursing into /home/ellen/codeql_home.
[2020-03-18 15:34:32] [SPAMMIER] resolve library-path> Recursing into /home/ellen/codeql_home/ql.
[2020-03-18 15:34:32] [SPAMMIER] resolve library-path> Recursing into /home/ellen/codeql_home/ql/misc/legacy-support.
[2020-03-18 15:34:32] [DETAILS] resolve library-path> QL pack dependencies for /home/ellen/Documents/ASJProj/AsyncAnalysis resolved OK.
[2020-03-18 15:34:32] [DETAILS] resolve library-path> Found dbscheme through QL packs: /home/ellen/codeql_home/ql/javascript/ql/src/semmlecode.javascript.dbscheme.
[2020-03-18 15:34:32] Plumbing command codeql resolve library-path completed:
                      {
                        "libraryPath" : [
                          "/home/ellen/Documents/ASJProj/AsyncAnalysis",
                          "/home/ellen/codeql_home/ql/javascript/ql/src"
                        ],
                        "dbscheme" : "/home/ellen/codeql_home/ql/javascript/ql/src/semmlecode.javascript.dbscheme",
                        "compilationCache" : [
                          "/home/ellen/Documents/ASJProj/AsyncAnalysis/.cache"
                        ],
                        "relativeName" : "await-reordering-analysis/console_getStmtAndSets.ql"
                      }
[2020-03-18 15:34:32] [PROGRESS] execute queries> Compiling query plan for /home/ellen/Documents/ASJProj/AsyncAnalysis/console_getStmtAndSets.ql.
[2020-03-18 15:34:32] [DETAILS] execute queries> Resolving imports for /home/ellen/Documents/ASJProj/AsyncAnalysis/console_getStmtAndSets.ql.
[2020-03-18 15:34:32] Resolved file set for /home/ellen/Documents/ASJProj/AsyncAnalysis/console_getStmtAndSets.ql hashes to ddd364c559a575ec931d4c559642a492069e9e4e.
[2020-03-18 15:34:32] [DETAILS] execute queries> Checking QL for /home/ellen/Documents/ASJProj/AsyncAnalysis/console_getStmtAndSets.ql.
[2020-03-18 15:34:32] ExternalModuleBindingPass ...
[2020-03-18 15:34:33] ExternalModuleBindingPass time: 00:00.579
[2020-03-18 15:34:33] QLPredicateSynthesiser ...
[2020-03-18 15:34:33] QLPredicateSynthesiser time: 00:00.046
[2020-03-18 15:34:33] DeclarationBindingPass ...
[2020-03-18 15:34:33] DeclarationBindingPass time: 00:00.062
[2020-03-18 15:34:35] ReferenceBindingCheck ...
[2020-03-18 15:34:35] ReferenceBindingCheck time: 00:00.156
[2020-03-18 15:34:35] PredicateBodyBindingPass ...
[2020-03-18 15:34:35] PredicateBodyBindingPass time: 00:00.323
[2020-03-18 15:34:35] LanguagePragmaPropagationPass ...
[2020-03-18 15:34:35] LanguagePragmaPropagationPass time: 00:00.015
[2020-03-18 15:34:35] Ambiguity checks ...
[2020-03-18 15:34:35] Ambiguity checks time: 00:00.044
[2020-03-18 15:34:35] Ql checks ...
[2020-03-18 15:34:36] Ql checks time: 00:00.417
[2020-03-18 15:34:36] Compilation pipeline
[2020-03-18 15:34:37] Type Inference ...
[2020-03-18 15:34:37] CSV_TYPE_HIERARCHY: Best number of iterations,Maximum number of runs,Number of BDD variables,Size of BDD for typefacts
[2020-03-18 15:34:37] CSV_TYPE_HIERARCHY: 0,0,1,1
[2020-03-18 15:34:37] CSV_TYPE_HIERARCHY: 0,0,0,0
[2020-03-18 15:34:37] CSV_TYPE_HIERARCHY: 0,0,73,79
[2020-03-18 15:34:37] CSV_TYPE_HIERARCHY: 0,0,1,1
[2020-03-18 15:34:37] CSV_TYPE_HIERARCHY: 0,0,0,0
[2020-03-18 15:34:37] CSV_TYPE_HIERARCHY: 0,0,750,3877
[2020-03-18 15:34:37] CSV_TYPE_HIERARCHY: 0,0,573,2043
[2020-03-18 15:34:37] CSV_TYPE_HIERARCHY: 0,0,2,2
[2020-03-18 15:34:37] CSV_TYPE_HIERARCHY: 0,0,9,9
[2020-03-18 15:34:37] CSV_TYPE_HIERARCHY: 0,0,26,26
[2020-03-18 15:34:37] CSV_TYPE_HIERARCHY: 0,0,5,5
[2020-03-18 15:34:37] CSV_TYPE_HIERARCHY: 0,0,17,19
[2020-03-18 15:34:37] CSV_TYPE_HIERARCHY: 0,0,6,6
[2020-03-18 15:34:37] CSV_TYPE_HIERARCHY: 0,0,11,15
[2020-03-18 15:34:37] CSV_TYPE_HIERARCHY: 0,0,2,2
[2020-03-18 15:34:37] CSV_TYPE_HIERARCHY: 0,0,12,12
[2020-03-18 15:34:37] CSV_TYPE_HIERARCHY: 0,0,2,2
[2020-03-18 15:34:37] CSV_TYPE_HIERARCHY: 0,0,1,1
[2020-03-18 15:34:37] CSV_TYPE_HIERARCHY: 0,0,12,15
[2020-03-18 15:34:37] CSV_TYPE_HIERARCHY: 0,0,4,4
[2020-03-18 15:34:37] CSV_TYPE_HIERARCHY: 0,0,7,10
[2020-03-18 15:34:37] CSV_TYPE_HIERARCHY: 0,0,2,2
[2020-03-18 15:34:37] CSV_TYPE_HIERARCHY: 0,0,2,2
[2020-03-18 15:34:37] CSV_TYPE_HIERARCHY: 0,0,2,2
[2020-03-18 15:34:37] CSV_TYPE_HIERARCHY: 0,0,2,2
[2020-03-18 15:34:37] CSV_TYPE_HIERARCHY: 0,0,6,7
[2020-03-18 15:34:37] CSV_TYPE_HIERARCHY: 0,0,4,4
[2020-03-18 15:34:37] CSV_TYPE_HIERARCHY: 0,0,6,6
[2020-03-18 15:34:37] CSV_TYPE_HIERARCHY: 0,0,4,4
[2020-03-18 15:34:37] CSV_TYPE_HIERARCHY: 0,0,2,2
[2020-03-18 15:34:37] CSV_TYPE_HIERARCHY: 0,0,6,7
[2020-03-18 15:34:37] CSV_TYPE_HIERARCHY: 0,0,2,2
[2020-03-18 15:34:37] CSV_TYPE_HIERARCHY: 0,0,2,2
[2020-03-18 15:34:37] CSV_TYPE_HIERARCHY: 0,0,10,13
[2020-03-18 15:34:37] CSV_TYPE_HIERARCHY: 0,0,3,3
[2020-03-18 15:34:37] CSV_TYPE_HIERARCHY: 0,0,12,12
[2020-03-18 15:34:37] CSV_TYPE_HIERARCHY: 0,0,2,2
[2020-03-18 15:34:37] CSV_TYPE_HIERARCHY: 0,0,4,4
[2020-03-18 15:34:37] CSV_TYPE_HIERARCHY: 0,0,2,2
[2020-03-18 15:34:37] CSV_TYPE_HIERARCHY: 0,0,0,0
[2020-03-18 15:34:37] CSV_TYPE_HIERARCHY: 0,0,0,0
[2020-03-18 15:34:37] CSV_TYPE_HIERARCHY: 0,0,0,0
[2020-03-18 15:34:37] CSV_TYPE_HIERARCHY: 0,0,0,0
[2020-03-18 15:34:37] CSV_TYPE_HIERARCHY: 0,0,0,0
[2020-03-18 15:34:37] CSV_TYPE_HIERARCHY: 0,0,0,0
[2020-03-18 15:34:37] CSV_TYPE_HIERARCHY: 0,0,0,0
[2020-03-18 15:34:37] CSV_TYPE_HIERARCHY: 0,0,0,0
[2020-03-18 15:34:37] CSV_TYPE_HIERARCHY: 0,0,0,0
[2020-03-18 15:34:37] CSV_TYPE_HIERARCHY: 0,0,0,0
[2020-03-18 15:34:37] CSV_TYPE_HIERARCHY: 0,0,0,0
[2020-03-18 15:34:37] CSV_TYPE_HIERARCHY: 0,0,0,0
[2020-03-18 15:34:37] CSV_TYPE_HIERARCHY: 0,0,0,0
[2020-03-18 15:34:37] CSV_TYPE_HIERARCHY: 0,0,0,0
[2020-03-18 15:34:37] CSV_TYPE_HIERARCHY: 0,0,0,0
[2020-03-18 15:34:37] CSV_TYPE_HIERARCHY: 0,0,0,0
[2020-03-18 15:34:37] CSV_TYPE_HIERARCHY: 0,0,0,0
[2020-03-18 15:34:37] CSV_TYPE_HIERARCHY: 0,0,0,0
[2020-03-18 15:34:37] CSV_TYPE_HIERARCHY: 0,0,0,0
[2020-03-18 15:34:37] CSV_TYPE_HIERARCHY: 0,0,0,0
[2020-03-18 15:34:37] CSV_TYPE_HIERARCHY: 0,0,0,0
[2020-03-18 15:34:37] CSV_TYPE_HIERARCHY: 0,0,0,0
[2020-03-18 15:34:37] CSV_TYPE_HIERARCHY: 0,0,0,0
[2020-03-18 15:34:37] CSV_TYPE_HIERARCHY: 0,0,0,0
[2020-03-18 15:34:39] Type Inference time: 00:01.955
[2020-03-18 15:34:39] Binding Checks ...
[2020-03-18 15:34:39] Binding Checks time: 00:00.447
[2020-03-18 15:34:40] [DETAILS] execute queries> Optimizing /home/ellen/Documents/ASJProj/AsyncAnalysis/console_getStmtAndSets.ql.
[2020-03-18 15:34:40] Processing compilation pipeline
[2020-03-18 15:34:40] Started compiling a query
[2020-03-18 15:34:40] Initialising compiler...
[2020-03-18 15:34:40] 	 ... compiler initialised
[2020-03-18 15:34:40] About to start query optimisation
[2020-03-18 15:34:41] Compilation cache hit - skipping compilation.
[2020-03-18 15:34:41] Compilation cache hit - skipping compilation.
[2020-03-18 15:34:41] Compilation cache hit - skipping compilation.
[2020-03-18 15:34:42] Compilation cache hit - skipping compilation.
[2020-03-18 15:34:42] Compilation cache hit - skipping compilation.
[2020-03-18 15:34:42] Compilation cache hit - skipping compilation.
[2020-03-18 15:34:42] Compilation cache hit - skipping compilation.
[2020-03-18 15:34:43] Compilation cache hit - skipping compilation.
[2020-03-18 15:34:43] Compilation cache hit - skipping compilation.
