[2020-06-24 22:43:59] This is codeql execute queries -J-Xmx12800M --off-heap-ram=12800 --verbosity=progress --logdir=/home/ellen/Documents/ASJProj/TESTING_reordering/QLDBs/fiddle/log --ml-model-path= --native-library-path= --warnings=show --output=/home/ellen/Documents/APIModellingProj/JSEventBasedAPILearning/data/temp.bqrs -- /home/ellen/Documents/ASJProj/TESTING_reordering/QLDBs/fiddle/db-javascript /home/ellen/Documents/APIModellingProj/JSEventBasedAPILearning/data/analyse.ql
[2020-06-24 22:43:59] Creating executor with 1 threads.
[2020-06-24 22:43:59] Calling plumbing command: codeql resolve library-path --query=/home/ellen/Documents/APIModellingProj/JSEventBasedAPILearning/data/analyse.ql --format=json
[2020-06-24 22:43:59] [DETAILS] resolve library-path> Resolving query at normalized path /home/ellen/Documents/APIModellingProj/JSEventBasedAPILearning/data/analyse.ql.
[2020-06-24 22:43:59] [DETAILS] resolve library-path> Found enclosing pack 'api-modelling-analysis' at /home/ellen/Documents/APIModellingProj/JSEventBasedAPILearning/data.
[2020-06-24 22:43:59] [DETAILS] resolve library-path> Adding compilation cache at /home/ellen/Documents/APIModellingProj/JSEventBasedAPILearning/data/.cache.
[2020-06-24 22:43:59] [DETAILS] resolve library-path> Resolving library dependencies from /home/ellen/Documents/APIModellingProj/JSEventBasedAPILearning/data/qlpack.yml.
[2020-06-24 22:43:59] [SPAMMIER] resolve library-path> Recursing into /home/ellen/codeql_home.
[2020-06-24 22:43:59] [SPAMMIER] resolve library-path> Recursing into /home/ellen/codeql_home/ql.
[2020-06-24 22:43:59] [SPAMMIER] resolve library-path> Recursing into /home/ellen/codeql_home/ql/misc/legacy-support.
[2020-06-24 22:43:59] [DETAILS] resolve library-path> QL pack dependencies for /home/ellen/Documents/APIModellingProj/JSEventBasedAPILearning/data resolved OK.
[2020-06-24 22:43:59] [DETAILS] resolve library-path> Found dbscheme through QL packs: /home/ellen/codeql_home/ql/javascript/ql/src/semmlecode.javascript.dbscheme.
[2020-06-24 22:43:59] Plumbing command codeql resolve library-path completed:
                      {
                        "libraryPath" : [
                          "/home/ellen/Documents/APIModellingProj/JSEventBasedAPILearning/data",
                          "/home/ellen/codeql_home/ql/javascript/ql/src"
                        ],
                        "dbscheme" : "/home/ellen/codeql_home/ql/javascript/ql/src/semmlecode.javascript.dbscheme",
                        "compilationCache" : [
                          "/home/ellen/Documents/APIModellingProj/JSEventBasedAPILearning/data/.cache"
                        ],
                        "relativeName" : "api-modelling-analysis/analyse.ql"
                      }
[2020-06-24 22:43:59] [PROGRESS] execute queries> Compiling query plan for /home/ellen/Documents/APIModellingProj/JSEventBasedAPILearning/data/analyse.ql.
[2020-06-24 22:43:59] [DETAILS] execute queries> Resolving imports for /home/ellen/Documents/APIModellingProj/JSEventBasedAPILearning/data/analyse.ql.
[2020-06-24 22:44:00] Resolved file set for /home/ellen/Documents/APIModellingProj/JSEventBasedAPILearning/data/analyse.ql hashes to 91a9331acbc69a18f2d5a7e524507c74d5e3f723.
[2020-06-24 22:44:00] [DETAILS] execute queries> Checking QL for /home/ellen/Documents/APIModellingProj/JSEventBasedAPILearning/data/analyse.ql.
[2020-06-24 22:44:01] ExternalModuleBindingPass ...
[2020-06-24 22:44:03] ExternalModuleBindingPass time: 00:02.725
[2020-06-24 22:44:03] QLPredicateSynthesiser ...
[2020-06-24 22:44:03] QLPredicateSynthesiser time: 00:00.045
[2020-06-24 22:44:03] DeclarationBindingPass ...
[2020-06-24 22:44:04] DeclarationBindingPass time: 00:00.146
[2020-06-24 22:44:04] Fixed point time ...
[2020-06-24 22:44:04] Fixed point time time: 00:00.346
[2020-06-24 22:44:04] ReferenceBindingPass ...
[2020-06-24 22:44:04] ReferenceBindingPass time: 00:00.071
[2020-06-24 22:44:04] EntityTypeUpdateBindingPass ...
[2020-06-24 22:44:04] EntityTypeUpdateBindingPass time: 00:00.070
[2020-06-24 22:44:04] ReferenceBindingCheck ...
[2020-06-24 22:44:04] ReferenceBindingCheck time: 00:00.064
[2020-06-24 22:44:04] PredicateBodyBindingPass ...
[2020-06-24 22:44:05] PredicateBodyBindingPass time: 00:00.547
[2020-06-24 22:44:05] LanguagePragmaPropagationPass ...
[2020-06-24 22:44:05] LanguagePragmaPropagationPass time: 00:00.069
[2020-06-24 22:44:05] Ambiguity checks ...
[2020-06-24 22:44:05] Ambiguity checks time: 00:00.097
[2020-06-24 22:44:05] Ql checks ...
[2020-06-24 22:44:06] Ql checks time: 00:00.696
[2020-06-24 22:44:07] Compilation pipeline
[2020-06-24 22:44:08] Type Inference ...
[2020-06-24 22:44:08] CSV_TYPE_HIERARCHY: Best number of iterations,Maximum number of runs,Number of BDD variables,Size of BDD for typefacts
[2020-06-24 22:44:08] CSV_TYPE_HIERARCHY: 0,0,1,1
[2020-06-24 22:44:08] CSV_TYPE_HIERARCHY: 0,0,0,0
[2020-06-24 22:44:08] CSV_TYPE_HIERARCHY: 0,0,77,83
[2020-06-24 22:44:08] CSV_TYPE_HIERARCHY: 0,0,1,1
[2020-06-24 22:44:08] CSV_TYPE_HIERARCHY: 0,0,0,0
[2020-06-24 22:44:09] CSV_TYPE_HIERARCHY: 0,0,749,3855
[2020-06-24 22:44:09] CSV_TYPE_HIERARCHY: 0,0,623,2259
[2020-06-24 22:44:09] CSV_TYPE_HIERARCHY: 0,0,9,9
[2020-06-24 22:44:09] CSV_TYPE_HIERARCHY: 0,0,7,7
[2020-06-24 22:44:09] CSV_TYPE_HIERARCHY: 0,0,2,2
[2020-06-24 22:44:09] CSV_TYPE_HIERARCHY: 0,0,26,26
[2020-06-24 22:44:09] CSV_TYPE_HIERARCHY: 0,0,17,19
[2020-06-24 22:44:09] CSV_TYPE_HIERARCHY: 0,0,6,6
[2020-06-24 22:44:09] CSV_TYPE_HIERARCHY: 0,0,2,2
[2020-06-24 22:44:09] CSV_TYPE_HIERARCHY: 0,0,12,12
[2020-06-24 22:44:09] CSV_TYPE_HIERARCHY: 0,0,2,2
[2020-06-24 22:44:09] CSV_TYPE_HIERARCHY: 0,0,2,2
[2020-06-24 22:44:09] CSV_TYPE_HIERARCHY: 0,0,7,10
[2020-06-24 22:44:09] CSV_TYPE_HIERARCHY: 0,0,4,4
[2020-06-24 22:44:09] CSV_TYPE_HIERARCHY: 0,0,2,2
[2020-06-24 22:44:09] CSV_TYPE_HIERARCHY: 0,0,1,1
[2020-06-24 22:44:09] CSV_TYPE_HIERARCHY: 0,0,12,15
[2020-06-24 22:44:09] CSV_TYPE_HIERARCHY: 0,0,2,2
[2020-06-24 22:44:09] CSV_TYPE_HIERARCHY: 0,0,2,2
[2020-06-24 22:44:09] CSV_TYPE_HIERARCHY: 0,0,6,7
[2020-06-24 22:44:09] CSV_TYPE_HIERARCHY: 0,0,4,4
[2020-06-24 22:44:09] CSV_TYPE_HIERARCHY: 0,0,6,6
[2020-06-24 22:44:09] CSV_TYPE_HIERARCHY: 0,0,4,4
[2020-06-24 22:44:09] CSV_TYPE_HIERARCHY: 0,0,2,2
[2020-06-24 22:44:09] CSV_TYPE_HIERARCHY: 0,0,6,7
[2020-06-24 22:44:09] CSV_TYPE_HIERARCHY: 0,0,2,2
[2020-06-24 22:44:09] CSV_TYPE_HIERARCHY: 0,0,2,2
[2020-06-24 22:44:09] CSV_TYPE_HIERARCHY: 0,0,10,13
[2020-06-24 22:44:09] CSV_TYPE_HIERARCHY: 0,0,3,3
[2020-06-24 22:44:09] CSV_TYPE_HIERARCHY: 0,0,2,2
[2020-06-24 22:44:09] CSV_TYPE_HIERARCHY: 0,0,4,4
[2020-06-24 22:44:09] CSV_TYPE_HIERARCHY: 0,0,0,0
[2020-06-24 22:44:09] CSV_TYPE_HIERARCHY: 0,0,0,0
[2020-06-24 22:44:09] CSV_TYPE_HIERARCHY: 0,0,0,0
[2020-06-24 22:44:09] CSV_TYPE_HIERARCHY: 0,0,0,0
[2020-06-24 22:44:09] CSV_TYPE_HIERARCHY: 0,0,0,0
[2020-06-24 22:44:09] CSV_TYPE_HIERARCHY: 0,0,0,0
[2020-06-24 22:44:09] CSV_TYPE_HIERARCHY: 0,0,0,0
[2020-06-24 22:44:09] CSV_TYPE_HIERARCHY: 0,0,0,0
[2020-06-24 22:44:09] CSV_TYPE_HIERARCHY: 0,0,0,0
[2020-06-24 22:44:09] CSV_TYPE_HIERARCHY: 0,0,0,0
[2020-06-24 22:44:09] CSV_TYPE_HIERARCHY: 0,0,0,0
[2020-06-24 22:44:09] CSV_TYPE_HIERARCHY: 0,0,0,0
[2020-06-24 22:44:09] CSV_TYPE_HIERARCHY: 0,0,0,0
[2020-06-24 22:44:09] CSV_TYPE_HIERARCHY: 0,0,0,0
[2020-06-24 22:44:09] CSV_TYPE_HIERARCHY: 0,0,0,0
[2020-06-24 22:44:09] CSV_TYPE_HIERARCHY: 0,0,0,0
[2020-06-24 22:44:09] CSV_TYPE_HIERARCHY: 0,0,0,0
[2020-06-24 22:44:09] CSV_TYPE_HIERARCHY: 0,0,0,0
[2020-06-24 22:44:09] CSV_TYPE_HIERARCHY: 0,0,0,0
[2020-06-24 22:44:09] CSV_TYPE_HIERARCHY: 0,0,0,0
[2020-06-24 22:44:09] CSV_TYPE_HIERARCHY: 0,0,0,0
[2020-06-24 22:44:09] CSV_TYPE_HIERARCHY: 0,0,0,0
[2020-06-24 22:44:09] CSV_TYPE_HIERARCHY: 0,0,0,0
[2020-06-24 22:44:10] Type Inference time: 00:02.216
[2020-06-24 22:44:10] Binding Checks ...
[2020-06-24 22:44:11] Binding Checks time: 00:01.245
[2020-06-24 22:44:12] [WARN] execute queries> WARNING: Unused predicate incorrect (/home/ellen/Documents/APIModellingProj/JSEventBasedAPILearning/data/analyse.ql:921,11-20)
[2020-06-24 22:44:12] [WARN] execute queries> WARNING: Unused predicate knownUnknown (/home/ellen/Documents/APIModellingProj/JSEventBasedAPILearning/data/analyse.ql:965,11-23)
[2020-06-24 22:44:12] [ERROR] execute queries> ERROR: 'accessPath' is not bound to a value. (/home/ellen/Documents/APIModellingProj/JSEventBasedAPILearning/data/analyse.ql:965,24-41)
[2020-06-24 22:44:12] [ERROR] execute queries> ERROR: 'eventName' is not bound to a value. (/home/ellen/Documents/APIModellingProj/JSEventBasedAPILearning/data/analyse.ql:965,43-59)
[2020-06-24 22:44:12] [ERROR] execute queries> ERROR: call argument is not bound to a value. (/home/ellen/Documents/APIModellingProj/JSEventBasedAPILearning/data/analyse.ql:969,27-37)
[2020-06-24 22:44:12] [ERROR] execute queries> ERROR: call argument is not bound to a value. (/home/ellen/Documents/APIModellingProj/JSEventBasedAPILearning/data/analyse.ql:969,39-48)
[2020-06-24 22:44:12] [ERROR] execute queries> ERROR: call argument is not bound to a value. (/home/ellen/Documents/APIModellingProj/JSEventBasedAPILearning/data/analyse.ql:970,38-48)
[2020-06-24 22:44:12] [ERROR] execute queries> ERROR: 'extAccessPath' is not bound to a value. (/home/ellen/Documents/APIModellingProj/JSEventBasedAPILearning/data/analyse.ql:265,12-32)
[2020-06-24 22:44:12] [ERROR] execute queries> ERROR: call argument is not bound to a value. (/home/ellen/Documents/APIModellingProj/JSEventBasedAPILearning/data/analyse.ql:265,55-68)
[2020-06-24 22:44:12] [ERROR] execute queries> ERROR: 'extAccessPath' is not bound to a value. (/home/ellen/Documents/APIModellingProj/JSEventBasedAPILearning/data/analyse.ql:265,77-90)
[2020-06-24 22:44:12] [ERROR] execute queries> ERROR: call argument is not bound to a value. (/home/ellen/Documents/APIModellingProj/JSEventBasedAPILearning/data/analyse.ql:265,70-71)
[2020-06-24 22:44:12] [ERROR] execute queries> ERROR: 'extAccessPath' is not bound to a value. (/home/ellen/Documents/APIModellingProj/JSEventBasedAPILearning/data/analyse.ql:273,12-32)
[2020-06-24 22:44:12] [ERROR] execute queries> ERROR: call argument is not bound to a value. (/home/ellen/Documents/APIModellingProj/JSEventBasedAPILearning/data/analyse.ql:273,55-68)
[2020-06-24 22:44:12] [ERROR] execute queries> ERROR: 'extAccessPath' is not bound to a value. (/home/ellen/Documents/APIModellingProj/JSEventBasedAPILearning/data/analyse.ql:273,77-90)
[2020-06-24 22:44:12] [ERROR] execute queries> ERROR: call argument is not bound to a value. (/home/ellen/Documents/APIModellingProj/JSEventBasedAPILearning/data/analyse.ql:273,70-71)
[2020-06-24 22:44:12] [ERROR] execute queries> ERROR: 'accessPath' is not bound to a value. (/home/ellen/Documents/APIModellingProj/JSEventBasedAPILearning/data/analyse.ql:954,19-36)
[2020-06-24 22:44:12] [ERROR] execute queries> ERROR: 'd' is not bound to a value. (/home/ellen/Documents/APIModellingProj/JSEventBasedAPILearning/data/analyse.ql:959,15-23)
[2020-06-24 22:44:12] [ERROR] execute queries> ERROR: 'd' is not bound to a value. (/home/ellen/Documents/APIModellingProj/JSEventBasedAPILearning/data/analyse.ql:959,71-72)
[2020-06-24 22:44:12] [ERROR] execute queries> ERROR: expression is not bound to a value. (/home/ellen/Documents/APIModellingProj/JSEventBasedAPILearning/data/analyse.ql:959,39-72)
[2020-06-24 22:44:12] [ERROR] execute queries> ERROR: expression is not bound to a value. (/home/ellen/Documents/APIModellingProj/JSEventBasedAPILearning/data/analyse.ql:959,39-72)
[2020-06-24 22:44:12] [ERROR] execute queries> ERROR: expression is not bound to a value. (/home/ellen/Documents/APIModellingProj/JSEventBasedAPILearning/data/analyse.ql:959,39-79)
[2020-06-24 22:44:12] [ERROR] execute queries> ERROR: 'd' is not bound to a value. (/home/ellen/Documents/APIModellingProj/JSEventBasedAPILearning/data/analyse.ql:961,15-23)
[2020-06-24 22:44:12] [ERROR] execute queries> ERROR: 'd' is not bound to a value. (/home/ellen/Documents/APIModellingProj/JSEventBasedAPILearning/data/analyse.ql:961,71-72)
[2020-06-24 22:44:12] [ERROR] execute queries> ERROR: expression is not bound to a value. (/home/ellen/Documents/APIModellingProj/JSEventBasedAPILearning/data/analyse.ql:961,39-72)
[2020-06-24 22:44:12] [ERROR] execute queries> ERROR: expression is not bound to a value. (/home/ellen/Documents/APIModellingProj/JSEventBasedAPILearning/data/analyse.ql:961,39-72)
[2020-06-24 22:44:12] [ERROR] execute queries> ERROR: expression is not bound to a value. (/home/ellen/Documents/APIModellingProj/JSEventBasedAPILearning/data/analyse.ql:961,39-79)
[2020-06-24 22:44:12] [ERROR] execute queries> ERROR: 'accessPath' is not bound to a value. (/home/ellen/Documents/APIModellingProj/JSEventBasedAPILearning/data/analyse.ql:921,21-38)
[2020-06-24 22:44:12] [ERROR] execute queries> ERROR: 'd' is not bound to a value. (/home/ellen/Documents/APIModellingProj/JSEventBasedAPILearning/data/analyse.ql:931,15-23)
[2020-06-24 22:44:12] [ERROR] execute queries> ERROR: 'd' is not bound to a value. (/home/ellen/Documents/APIModellingProj/JSEventBasedAPILearning/data/analyse.ql:931,71-72)
[2020-06-24 22:44:12] [ERROR] execute queries> ERROR: expression is not bound to a value. (/home/ellen/Documents/APIModellingProj/JSEventBasedAPILearning/data/analyse.ql:931,39-72)
[2020-06-24 22:44:12] [ERROR] execute queries> ERROR: expression is not bound to a value. (/home/ellen/Documents/APIModellingProj/JSEventBasedAPILearning/data/analyse.ql:931,39-72)
[2020-06-24 22:44:12] [ERROR] execute queries> ERROR: expression is not bound to a value. (/home/ellen/Documents/APIModellingProj/JSEventBasedAPILearning/data/analyse.ql:931,39-79)
[2020-06-24 22:44:12] [ERROR] execute queries> ERROR: 'd' is not bound to a value. (/home/ellen/Documents/APIModellingProj/JSEventBasedAPILearning/data/analyse.ql:933,15-23)
[2020-06-24 22:44:12] [ERROR] execute queries> ERROR: 'd' is not bound to a value. (/home/ellen/Documents/APIModellingProj/JSEventBasedAPILearning/data/analyse.ql:933,77-78)
[2020-06-24 22:44:12] [ERROR] execute queries> ERROR: expression is not bound to a value. (/home/ellen/Documents/APIModellingProj/JSEventBasedAPILearning/data/analyse.ql:933,39-78)
[2020-06-24 22:44:12] [ERROR] execute queries> ERROR: expression is not bound to a value. (/home/ellen/Documents/APIModellingProj/JSEventBasedAPILearning/data/analyse.ql:933,39-78)
[2020-06-24 22:44:12] [ERROR] execute queries> ERROR: expression is not bound to a value. (/home/ellen/Documents/APIModellingProj/JSEventBasedAPILearning/data/analyse.ql:933,39-85)
[2020-06-24 22:44:12] [ERROR] execute queries> ERROR: 'd' is not bound to a value. (/home/ellen/Documents/APIModellingProj/JSEventBasedAPILearning/data/analyse.ql:935,15-23)
[2020-06-24 22:44:12] [ERROR] execute queries> ERROR: 'd' is not bound to a value. (/home/ellen/Documents/APIModellingProj/JSEventBasedAPILearning/data/analyse.ql:935,71-72)
[2020-06-24 22:44:12] [ERROR] execute queries> ERROR: expression is not bound to a value. (/home/ellen/Documents/APIModellingProj/JSEventBasedAPILearning/data/analyse.ql:935,39-72)
[2020-06-24 22:44:12] [ERROR] execute queries> ERROR: expression is not bound to a value. (/home/ellen/Documents/APIModellingProj/JSEventBasedAPILearning/data/analyse.ql:935,39-72)
[2020-06-24 22:44:12] [ERROR] execute queries> ERROR: expression is not bound to a value. (/home/ellen/Documents/APIModellingProj/JSEventBasedAPILearning/data/analyse.ql:935,39-79)
[2020-06-24 22:44:12] [ERROR] execute queries> ERROR: 'd' is not bound to a value. (/home/ellen/Documents/APIModellingProj/JSEventBasedAPILearning/data/analyse.ql:937,15-23)
[2020-06-24 22:44:12] [ERROR] execute queries> ERROR: 'd' is not bound to a value. (/home/ellen/Documents/APIModellingProj/JSEventBasedAPILearning/data/analyse.ql:937,78-79)
[2020-06-24 22:44:12] [ERROR] execute queries> ERROR: expression is not bound to a value. (/home/ellen/Documents/APIModellingProj/JSEventBasedAPILearning/data/analyse.ql:937,39-79)
[2020-06-24 22:44:12] [ERROR] execute queries> ERROR: expression is not bound to a value. (/home/ellen/Documents/APIModellingProj/JSEventBasedAPILearning/data/analyse.ql:937,39-79)
[2020-06-24 22:44:12] [ERROR] execute queries> ERROR: expression is not bound to a value. (/home/ellen/Documents/APIModellingProj/JSEventBasedAPILearning/data/analyse.ql:937,39-86)
[2020-06-24 22:44:12] Sequence stamp origin is -6711775288768824053
[2020-06-24 22:44:12] Stopped the world to close the cache at sequence stamp o+0
[2020-06-24 22:44:12] The disk cache is freshly trimmed; leave it be.
[2020-06-24 22:44:12] Starting the world again
[2020-06-24 22:44:12] Exiting with code 1
