[2020-06-24 23:29:27] This is codeql execute queries -J-Xmx12800M --off-heap-ram=12800 --verbosity=progress --logdir=/home/ellen/Documents/ASJProj/TESTING_reordering/QLDBs/fiddle/log --ml-model-path= --native-library-path= --warnings=show --output=/home/ellen/Documents/APIModellingProj/JSEventBasedAPILearning/data/temp.bqrs -- /home/ellen/Documents/ASJProj/TESTING_reordering/QLDBs/fiddle/db-javascript /home/ellen/Documents/APIModellingProj/JSEventBasedAPILearning/data/analyse.ql
[2020-06-24 23:29:27] Creating executor with 1 threads.
[2020-06-24 23:29:27] Calling plumbing command: codeql resolve library-path --query=/home/ellen/Documents/APIModellingProj/JSEventBasedAPILearning/data/analyse.ql --format=json
[2020-06-24 23:29:27] [DETAILS] resolve library-path> Resolving query at normalized path /home/ellen/Documents/APIModellingProj/JSEventBasedAPILearning/data/analyse.ql.
[2020-06-24 23:29:28] [DETAILS] resolve library-path> Found enclosing pack 'api-modelling-analysis' at /home/ellen/Documents/APIModellingProj/JSEventBasedAPILearning/data.
[2020-06-24 23:29:28] [DETAILS] resolve library-path> Adding compilation cache at /home/ellen/Documents/APIModellingProj/JSEventBasedAPILearning/data/.cache.
[2020-06-24 23:29:28] [DETAILS] resolve library-path> Resolving library dependencies from /home/ellen/Documents/APIModellingProj/JSEventBasedAPILearning/data/qlpack.yml.
[2020-06-24 23:29:28] [SPAMMIER] resolve library-path> Recursing into /home/ellen/codeql_home.
[2020-06-24 23:29:28] [SPAMMIER] resolve library-path> Recursing into /home/ellen/codeql_home/ql.
[2020-06-24 23:29:28] [SPAMMIER] resolve library-path> Recursing into /home/ellen/codeql_home/ql/misc/legacy-support.
[2020-06-24 23:29:28] [DETAILS] resolve library-path> QL pack dependencies for /home/ellen/Documents/APIModellingProj/JSEventBasedAPILearning/data resolved OK.
[2020-06-24 23:29:28] [DETAILS] resolve library-path> Found dbscheme through QL packs: /home/ellen/codeql_home/ql/javascript/ql/src/semmlecode.javascript.dbscheme.
[2020-06-24 23:29:28] Plumbing command codeql resolve library-path completed:
                      {
                        "libraryPath" : [
                          "/home/ellen/Documents/APIModellingProj/JSEventBasedAPILearning/data",
                          "/home/ellen/codeql_home/ql/javascript/ql/src"
                        ],
                        "dbscheme" : "/home/ellen/codeql_home/ql/javascript/ql/src/semmlecode.javascript.dbscheme",
                        "compilationCache" : [
                          "/home/ellen/Documents/APIModellingProj/JSEventBasedAPILearning/data/.cache"
                        ],
                        "relativeName" : "api-modelling-analysis/analyse.ql"
                      }
[2020-06-24 23:29:28] [PROGRESS] execute queries> Compiling query plan for /home/ellen/Documents/APIModellingProj/JSEventBasedAPILearning/data/analyse.ql.
[2020-06-24 23:29:28] [DETAILS] execute queries> Resolving imports for /home/ellen/Documents/APIModellingProj/JSEventBasedAPILearning/data/analyse.ql.
[2020-06-24 23:29:30] Resolved file set for /home/ellen/Documents/APIModellingProj/JSEventBasedAPILearning/data/analyse.ql hashes to 0057f1e2914b026b528f480875d2135e77d058f0.
[2020-06-24 23:29:30] [DETAILS] execute queries> Checking QL for /home/ellen/Documents/APIModellingProj/JSEventBasedAPILearning/data/analyse.ql.
[2020-06-24 23:29:31] ExternalModuleBindingPass ...
[2020-06-24 23:29:36] ExternalModuleBindingPass time: 00:05.498
[2020-06-24 23:29:36] QLPredicateSynthesiser ...
[2020-06-24 23:29:36] QLPredicateSynthesiser time: 00:00.066
[2020-06-24 23:29:36] DeclarationBindingPass ...
[2020-06-24 23:29:37] DeclarationBindingPass time: 00:00.426
[2020-06-24 23:29:37] Fixed point time ...
[2020-06-24 23:29:37] Fixed point time time: 00:00.352
[2020-06-24 23:29:37] ReferenceBindingPass ...
[2020-06-24 23:29:37] ReferenceBindingPass time: 00:00.129
[2020-06-24 23:29:37] EntityTypeUpdateBindingPass ...
[2020-06-24 23:29:37] EntityTypeUpdateBindingPass time: 00:00.120
[2020-06-24 23:29:37] ReferenceBindingCheck ...
[2020-06-24 23:29:38] ReferenceBindingCheck time: 00:00.308
[2020-06-24 23:29:38] PredicateBodyBindingPass ...
[2020-06-24 23:29:38] PredicateBodyBindingPass time: 00:00.719
[2020-06-24 23:29:38] LanguagePragmaPropagationPass ...
[2020-06-24 23:29:38] LanguagePragmaPropagationPass time: 00:00.082
[2020-06-24 23:29:38] Ambiguity checks ...
[2020-06-24 23:29:39] Ambiguity checks time: 00:00.092
[2020-06-24 23:29:39] Ql checks ...
[2020-06-24 23:29:40] Ql checks time: 00:01.480
[2020-06-24 23:29:40] [ERROR] execute queries> ERROR: Expected a predicate without result but found 'fieldType(ExtAPString accessPath)', which is a predicate with result type 'string'. (/home/ellen/Documents/APIModellingProj/JSEventBasedAPILearning/data/analyse.ql:272,6-27)
[2020-06-24 23:29:40] [WARN] execute queries> WARNING: Unused predicate method (/home/ellen/Documents/APIModellingProj/JSEventBasedAPILearning/data/analyse.ql:111,11-17)
[2020-06-24 23:29:40] [WARN] execute queries> WARNING: Unused predicate incorrect (/home/ellen/Documents/APIModellingProj/JSEventBasedAPILearning/data/analyse.ql:936,11-20)
[2020-06-24 23:29:40] [WARN] execute queries> WARNING: Unused predicate knownUnknown (/home/ellen/Documents/APIModellingProj/JSEventBasedAPILearning/data/analyse.ql:984,11-23)
[2020-06-24 23:29:40] Sequence stamp origin is -6711763570337207052
[2020-06-24 23:29:40] Stopped the world to close the cache at sequence stamp o+0
[2020-06-24 23:29:40] The disk cache is freshly trimmed; leave it be.
[2020-06-24 23:29:40] Starting the world again
[2020-06-24 23:29:40] Exiting with code 1
