[2020-03-18 16:53:31] This is codeql execute queries -J-Xmx12800M --off-heap-ram=12800 --verbosity=progress --logdir=/home/ellen/Documents/ASJProj/TESTING_reordering/QLDBs/fiddle/log --warnings=show --output=/home/ellen/Documents/ASJProj/AsyncAnalysis/temp_swaps.bqrs -- /home/ellen/Documents/ASJProj/TESTING_reordering/QLDBs/fiddle/db-javascript /home/ellen/Documents/ASJProj/AsyncAnalysis/console_getStmtAndSets.ql
[2020-03-18 16:53:31] Creating executor with 1 threads.
[2020-03-18 16:53:32] Calling plumbing command: codeql resolve library-path --query=/home/ellen/Documents/ASJProj/AsyncAnalysis/console_getStmtAndSets.ql --format=json
[2020-03-18 16:53:32] [DETAILS] resolve library-path> Resolving query at normalized path /home/ellen/Documents/ASJProj/AsyncAnalysis/console_getStmtAndSets.ql.
[2020-03-18 16:53:32] [DETAILS] resolve library-path> Found enclosing pack 'await-reordering-analysis' at /home/ellen/Documents/ASJProj/AsyncAnalysis.
[2020-03-18 16:53:32] [DETAILS] resolve library-path> Adding compilation cache at /home/ellen/Documents/ASJProj/AsyncAnalysis/.cache.
[2020-03-18 16:53:32] [DETAILS] resolve library-path> Resolving library dependencies from /home/ellen/Documents/ASJProj/AsyncAnalysis/qlpack.yml.
[2020-03-18 16:53:32] [SPAMMIER] resolve library-path> Recursing into /home/ellen/codeql_home.
[2020-03-18 16:53:32] [SPAMMIER] resolve library-path> Recursing into /home/ellen/codeql_home/ql.
[2020-03-18 16:53:32] [SPAMMIER] resolve library-path> Recursing into /home/ellen/codeql_home/ql/misc/legacy-support.
[2020-03-18 16:53:32] [DETAILS] resolve library-path> QL pack dependencies for /home/ellen/Documents/ASJProj/AsyncAnalysis resolved OK.
[2020-03-18 16:53:32] [DETAILS] resolve library-path> Found dbscheme through QL packs: /home/ellen/codeql_home/ql/javascript/ql/src/semmlecode.javascript.dbscheme.
[2020-03-18 16:53:32] Plumbing command codeql resolve library-path completed:
                      {
                        "libraryPath" : [
                          "/home/ellen/Documents/ASJProj/AsyncAnalysis",
                          "/home/ellen/codeql_home/ql/javascript/ql/src"
                        ],
                        "dbscheme" : "/home/ellen/codeql_home/ql/javascript/ql/src/semmlecode.javascript.dbscheme",
                        "compilationCache" : [
                          "/home/ellen/Documents/ASJProj/AsyncAnalysis/.cache"
                        ],
                        "relativeName" : "await-reordering-analysis/console_getStmtAndSets.ql"
                      }
[2020-03-18 16:53:32] [PROGRESS] execute queries> Compiling query plan for /home/ellen/Documents/ASJProj/AsyncAnalysis/console_getStmtAndSets.ql.
[2020-03-18 16:53:32] [DETAILS] execute queries> Resolving imports for /home/ellen/Documents/ASJProj/AsyncAnalysis/console_getStmtAndSets.ql.
[2020-03-18 16:53:32] Resolved file set for /home/ellen/Documents/ASJProj/AsyncAnalysis/console_getStmtAndSets.ql hashes to bb2c7b68f3bbcb9dd03a084dc02cc3cb9dd7020c.
[2020-03-18 16:53:32] [DETAILS] execute queries> Checking QL for /home/ellen/Documents/ASJProj/AsyncAnalysis/console_getStmtAndSets.ql.
[2020-03-18 16:53:33] ExternalModuleBindingPass ...
[2020-03-18 16:53:33] ExternalModuleBindingPass time: 00:00.544
[2020-03-18 16:53:33] QLPredicateSynthesiser ...
[2020-03-18 16:53:33] QLPredicateSynthesiser time: 00:00.031
[2020-03-18 16:53:33] DeclarationBindingPass ...
[2020-03-18 16:53:33] DeclarationBindingPass time: 00:00.057
[2020-03-18 16:53:35] ReferenceBindingCheck ...
[2020-03-18 16:53:35] ReferenceBindingCheck time: 00:00.146
[2020-03-18 16:53:35] PredicateBodyBindingPass ...
[2020-03-18 16:53:35] PredicateBodyBindingPass time: 00:00.425
[2020-03-18 16:53:35] LanguagePragmaPropagationPass ...
[2020-03-18 16:53:35] LanguagePragmaPropagationPass time: 00:00.015
[2020-03-18 16:53:35] Ambiguity checks ...
[2020-03-18 16:53:35] Ambiguity checks time: 00:00.036
[2020-03-18 16:53:35] Ql checks ...
[2020-03-18 16:53:36] Ql checks time: 00:00.378
[2020-03-18 16:53:36] [ERROR] execute queries> ERROR: getCalleeName() cannot be resolved for type Node (/home/ellen/Documents/ASJProj/AsyncAnalysis/ReorderingUtils.qll:1058,67-80)
[2020-03-18 16:53:36] Sequence stamp origin is -6748231947538559521
[2020-03-18 16:53:36] Stopped the world to close the cache at sequence stamp o+0
[2020-03-18 16:53:36] The disk cache is freshly trimmed; leave it be.
[2020-03-18 16:53:36] Starting the world again
[2020-03-18 16:53:36] Exiting with code 1
