[2020-03-18 17:39:56] This is codeql execute queries -J-Xmx12800M --off-heap-ram=12800 --verbosity=progress --logdir=/home/ellen/Documents/ASJProj/TESTING_reordering/QLDBs/fiddle/log --warnings=show --output=/home/ellen/Documents/ASJProj/AsyncAnalysis/temp_swaps.bqrs -- /home/ellen/Documents/ASJProj/TESTING_reordering/QLDBs/fiddle/db-javascript /home/ellen/Documents/ASJProj/AsyncAnalysis/console_getStmtAndSets.ql
[2020-03-18 17:39:56] Creating executor with 1 threads.
[2020-03-18 17:39:56] Calling plumbing command: codeql resolve library-path --query=/home/ellen/Documents/ASJProj/AsyncAnalysis/console_getStmtAndSets.ql --format=json
[2020-03-18 17:39:56] [DETAILS] resolve library-path> Resolving query at normalized path /home/ellen/Documents/ASJProj/AsyncAnalysis/console_getStmtAndSets.ql.
[2020-03-18 17:39:56] [DETAILS] resolve library-path> Found enclosing pack 'await-reordering-analysis' at /home/ellen/Documents/ASJProj/AsyncAnalysis.
[2020-03-18 17:39:56] [DETAILS] resolve library-path> Adding compilation cache at /home/ellen/Documents/ASJProj/AsyncAnalysis/.cache.
[2020-03-18 17:39:56] [DETAILS] resolve library-path> Resolving library dependencies from /home/ellen/Documents/ASJProj/AsyncAnalysis/qlpack.yml.
[2020-03-18 17:39:56] [SPAMMIER] resolve library-path> Recursing into /home/ellen/codeql_home.
[2020-03-18 17:39:56] [SPAMMIER] resolve library-path> Recursing into /home/ellen/codeql_home/ql.
[2020-03-18 17:39:56] [SPAMMIER] resolve library-path> Recursing into /home/ellen/codeql_home/ql/misc/legacy-support.
[2020-03-18 17:39:56] [DETAILS] resolve library-path> QL pack dependencies for /home/ellen/Documents/ASJProj/AsyncAnalysis resolved OK.
[2020-03-18 17:39:56] [DETAILS] resolve library-path> Found dbscheme through QL packs: /home/ellen/codeql_home/ql/javascript/ql/src/semmlecode.javascript.dbscheme.
[2020-03-18 17:39:56] Plumbing command codeql resolve library-path completed:
                      {
                        "libraryPath" : [
                          "/home/ellen/Documents/ASJProj/AsyncAnalysis",
                          "/home/ellen/codeql_home/ql/javascript/ql/src"
                        ],
                        "dbscheme" : "/home/ellen/codeql_home/ql/javascript/ql/src/semmlecode.javascript.dbscheme",
                        "compilationCache" : [
                          "/home/ellen/Documents/ASJProj/AsyncAnalysis/.cache"
                        ],
                        "relativeName" : "await-reordering-analysis/console_getStmtAndSets.ql"
                      }
[2020-03-18 17:39:56] [PROGRESS] execute queries> Compiling query plan for /home/ellen/Documents/ASJProj/AsyncAnalysis/console_getStmtAndSets.ql.
[2020-03-18 17:39:56] [DETAILS] execute queries> Resolving imports for /home/ellen/Documents/ASJProj/AsyncAnalysis/console_getStmtAndSets.ql.
[2020-03-18 17:39:57] Resolved file set for /home/ellen/Documents/ASJProj/AsyncAnalysis/console_getStmtAndSets.ql hashes to 8ff3ba619f73235a43e8ce75021d715ba9619fdd.
[2020-03-18 17:39:57] [DETAILS] execute queries> Checking QL for /home/ellen/Documents/ASJProj/AsyncAnalysis/console_getStmtAndSets.ql.
[2020-03-18 17:39:57] ExternalModuleBindingPass ...
[2020-03-18 17:39:57] ExternalModuleBindingPass time: 00:00.503
[2020-03-18 17:39:57] QLPredicateSynthesiser ...
[2020-03-18 17:39:57] QLPredicateSynthesiser time: 00:00.031
[2020-03-18 17:39:57] DeclarationBindingPass ...
[2020-03-18 17:39:57] DeclarationBindingPass time: 00:00.052
[2020-03-18 17:39:59] ReferenceBindingCheck ...
[2020-03-18 17:39:59] ReferenceBindingCheck time: 00:00.154
[2020-03-18 17:39:59] PredicateBodyBindingPass ...
[2020-03-18 17:39:59] PredicateBodyBindingPass time: 00:00.359
[2020-03-18 17:39:59] LanguagePragmaPropagationPass ...
[2020-03-18 17:39:59] LanguagePragmaPropagationPass time: 00:00.017
[2020-03-18 17:39:59] Ambiguity checks ...
[2020-03-18 17:39:59] Ambiguity checks time: 00:00.028
[2020-03-18 17:39:59] Ql checks ...
[2020-03-18 17:40:00] Ql checks time: 00:00.394
[2020-03-18 17:40:00] [ERROR] execute queries> ERROR: getChildExpr() cannot be resolved for type Stmt (/home/ellen/Documents/ASJProj/AsyncAnalysis/console_getStmtAndSets.ql:25,13-25)
[2020-03-18 17:40:00] Sequence stamp origin is -6748219988387232605
[2020-03-18 17:40:00] Stopped the world to close the cache at sequence stamp o+0
[2020-03-18 17:40:00] The disk cache is freshly trimmed; leave it be.
[2020-03-18 17:40:00] Starting the world again
[2020-03-18 17:40:00] Exiting with code 1
