[2020-03-18 12:48:13] This is codeql execute queries -J-Xmx12800M --off-heap-ram=12800 --verbosity=progress --logdir=/home/ellen/Documents/ASJProj/TESTING_reordering/QLDBs/fiddle/log --warnings=show --output=/home/ellen/Documents/ASJProj/AsyncAnalysis/temp_swaps.bqrs -- /home/ellen/Documents/ASJProj/TESTING_reordering/QLDBs/fiddle/db-javascript /home/ellen/Documents/ASJProj/AsyncAnalysis/console_getStmtAndSets.ql
[2020-03-18 12:48:13] Creating executor with 1 threads.
[2020-03-18 12:48:13] Calling plumbing command: codeql resolve library-path --query=/home/ellen/Documents/ASJProj/AsyncAnalysis/console_getStmtAndSets.ql --format=json
[2020-03-18 12:48:13] [DETAILS] resolve library-path> Resolving query at normalized path /home/ellen/Documents/ASJProj/AsyncAnalysis/console_getStmtAndSets.ql.
[2020-03-18 12:48:13] [DETAILS] resolve library-path> Found enclosing pack 'await-reordering-analysis' at /home/ellen/Documents/ASJProj/AsyncAnalysis.
[2020-03-18 12:48:13] [DETAILS] resolve library-path> Adding compilation cache at /home/ellen/Documents/ASJProj/AsyncAnalysis/.cache.
[2020-03-18 12:48:13] [DETAILS] resolve library-path> Resolving library dependencies from /home/ellen/Documents/ASJProj/AsyncAnalysis/qlpack.yml.
[2020-03-18 12:48:13] [SPAMMIER] resolve library-path> Recursing into /home/ellen/codeql_home.
[2020-03-18 12:48:13] [SPAMMIER] resolve library-path> Recursing into /home/ellen/codeql_home/ql.
[2020-03-18 12:48:13] [SPAMMIER] resolve library-path> Recursing into /home/ellen/codeql_home/ql/misc/legacy-support.
[2020-03-18 12:48:13] [DETAILS] resolve library-path> QL pack dependencies for /home/ellen/Documents/ASJProj/AsyncAnalysis resolved OK.
[2020-03-18 12:48:13] [DETAILS] resolve library-path> Found dbscheme through QL packs: /home/ellen/codeql_home/ql/javascript/ql/src/semmlecode.javascript.dbscheme.
[2020-03-18 12:48:13] Plumbing command codeql resolve library-path completed:
                      {
                        "libraryPath" : [
                          "/home/ellen/Documents/ASJProj/AsyncAnalysis",
                          "/home/ellen/codeql_home/ql/javascript/ql/src"
                        ],
                        "dbscheme" : "/home/ellen/codeql_home/ql/javascript/ql/src/semmlecode.javascript.dbscheme",
                        "compilationCache" : [
                          "/home/ellen/Documents/ASJProj/AsyncAnalysis/.cache"
                        ],
                        "relativeName" : "await-reordering-analysis/console_getStmtAndSets.ql"
                      }
[2020-03-18 12:48:13] [PROGRESS] execute queries> Compiling query plan for /home/ellen/Documents/ASJProj/AsyncAnalysis/console_getStmtAndSets.ql.
[2020-03-18 12:48:13] [DETAILS] execute queries> Resolving imports for /home/ellen/Documents/ASJProj/AsyncAnalysis/console_getStmtAndSets.ql.
[2020-03-18 12:48:14] Resolved file set for /home/ellen/Documents/ASJProj/AsyncAnalysis/console_getStmtAndSets.ql hashes to e6e5ea40e7ad41c2cfc4a0e17b51c4bbea016171.
[2020-03-18 12:48:14] [DETAILS] execute queries> Checking QL for /home/ellen/Documents/ASJProj/AsyncAnalysis/console_getStmtAndSets.ql.
[2020-03-18 12:48:14] ExternalModuleBindingPass ...
[2020-03-18 12:48:15] ExternalModuleBindingPass time: 00:00.629
[2020-03-18 12:48:15] QLPredicateSynthesiser ...
[2020-03-18 12:48:15] QLPredicateSynthesiser time: 00:00.035
[2020-03-18 12:48:15] DeclarationBindingPass ...
[2020-03-18 12:48:15] DeclarationBindingPass time: 00:00.065
[2020-03-18 12:48:16] ReferenceBindingCheck ...
[2020-03-18 12:48:17] ReferenceBindingCheck time: 00:00.137
[2020-03-18 12:48:17] PredicateBodyBindingPass ...
[2020-03-18 12:48:17] PredicateBodyBindingPass time: 00:00.560
[2020-03-18 12:48:17] LanguagePragmaPropagationPass ...
[2020-03-18 12:48:17] LanguagePragmaPropagationPass time: 00:00.023
[2020-03-18 12:48:17] Ambiguity checks ...
[2020-03-18 12:48:17] Ambiguity checks time: 00:00.108
[2020-03-18 12:48:17] Ql checks ...
[2020-03-18 12:48:18] Ql checks time: 00:00.554
[2020-03-18 12:48:18] [ERROR] execute queries> ERROR: Could not resolve variable s (/home/ellen/Documents/ASJProj/AsyncAnalysis/console_getStmtAndSets.ql:27,8-9)
[2020-03-18 12:48:18] Sequence stamp origin is -6748295163481079016
[2020-03-18 12:48:18] Stopped the world to close the cache at sequence stamp o+0
[2020-03-18 12:48:18] The disk cache is freshly trimmed; leave it be.
[2020-03-18 12:48:18] Starting the world again
[2020-03-18 12:48:18] Exiting with code 1
