[2020-06-25 00:15:02] This is codeql execute queries -J-Xmx12800M --off-heap-ram=12800 --verbosity=progress --logdir=/home/ellen/Documents/ASJProj/TESTING_reordering/QLDBs/fiddle/log --ml-model-path= --native-library-path= --warnings=show --output=/home/ellen/Documents/APIModellingProj/JSEventBasedAPILearning/data/temp.bqrs -- /home/ellen/Documents/ASJProj/TESTING_reordering/QLDBs/fiddle/db-javascript /home/ellen/Documents/APIModellingProj/JSEventBasedAPILearning/data/analyse.ql
[2020-06-25 00:15:02] Creating executor with 1 threads.
[2020-06-25 00:15:02] Calling plumbing command: codeql resolve library-path --query=/home/ellen/Documents/APIModellingProj/JSEventBasedAPILearning/data/analyse.ql --format=json
[2020-06-25 00:15:02] [DETAILS] resolve library-path> Resolving query at normalized path /home/ellen/Documents/APIModellingProj/JSEventBasedAPILearning/data/analyse.ql.
[2020-06-25 00:15:03] [DETAILS] resolve library-path> Found enclosing pack 'api-modelling-analysis' at /home/ellen/Documents/APIModellingProj/JSEventBasedAPILearning/data.
[2020-06-25 00:15:03] [DETAILS] resolve library-path> Adding compilation cache at /home/ellen/Documents/APIModellingProj/JSEventBasedAPILearning/data/.cache.
[2020-06-25 00:15:03] [DETAILS] resolve library-path> Resolving library dependencies from /home/ellen/Documents/APIModellingProj/JSEventBasedAPILearning/data/qlpack.yml.
[2020-06-25 00:15:03] [SPAMMIER] resolve library-path> Recursing into /home/ellen/codeql_home.
[2020-06-25 00:15:03] [SPAMMIER] resolve library-path> Recursing into /home/ellen/codeql_home/ql.
[2020-06-25 00:15:03] [SPAMMIER] resolve library-path> Recursing into /home/ellen/codeql_home/ql/misc/legacy-support.
[2020-06-25 00:15:03] [DETAILS] resolve library-path> QL pack dependencies for /home/ellen/Documents/APIModellingProj/JSEventBasedAPILearning/data resolved OK.
[2020-06-25 00:15:03] [DETAILS] resolve library-path> Found dbscheme through QL packs: /home/ellen/codeql_home/ql/javascript/ql/src/semmlecode.javascript.dbscheme.
[2020-06-25 00:15:03] Plumbing command codeql resolve library-path completed:
                      {
                        "libraryPath" : [
                          "/home/ellen/Documents/APIModellingProj/JSEventBasedAPILearning/data",
                          "/home/ellen/codeql_home/ql/javascript/ql/src"
                        ],
                        "dbscheme" : "/home/ellen/codeql_home/ql/javascript/ql/src/semmlecode.javascript.dbscheme",
                        "compilationCache" : [
                          "/home/ellen/Documents/APIModellingProj/JSEventBasedAPILearning/data/.cache"
                        ],
                        "relativeName" : "api-modelling-analysis/analyse.ql"
                      }
[2020-06-25 00:15:03] [PROGRESS] execute queries> Compiling query plan for /home/ellen/Documents/APIModellingProj/JSEventBasedAPILearning/data/analyse.ql.
[2020-06-25 00:15:03] [DETAILS] execute queries> Resolving imports for /home/ellen/Documents/APIModellingProj/JSEventBasedAPILearning/data/analyse.ql.
[2020-06-25 00:15:10] Resolved file set for /home/ellen/Documents/APIModellingProj/JSEventBasedAPILearning/data/analyse.ql hashes to d2a9299a3b3c7a3f32d97d2313905e9270b05ff5.
[2020-06-25 00:15:10] [DETAILS] execute queries> Checking QL for /home/ellen/Documents/APIModellingProj/JSEventBasedAPILearning/data/analyse.ql.
[2020-06-25 00:15:11] ExternalModuleBindingPass ...
[2020-06-25 00:15:31] ExternalModuleBindingPass time: 00:20.272
[2020-06-25 00:15:31] QLPredicateSynthesiser ...
[2020-06-25 00:15:31] QLPredicateSynthesiser time: 00:00.206
[2020-06-25 00:15:31] DeclarationBindingPass ...
[2020-06-25 00:15:33] DeclarationBindingPass time: 00:01.911
[2020-06-25 00:15:33] Fixed point time ...
[2020-06-25 00:15:34] Fixed point time time: 00:00.925
[2020-06-25 00:15:34] ReferenceBindingPass ...
[2020-06-25 00:15:34] ReferenceBindingPass time: 00:00.461
[2020-06-25 00:15:34] EntityTypeUpdateBindingPass ...
[2020-06-25 00:15:35] EntityTypeUpdateBindingPass time: 00:00.319
[2020-06-25 00:15:35] ReferenceBindingCheck ...
[2020-06-25 00:15:35] ReferenceBindingCheck time: 00:00.296
[2020-06-25 00:15:35] PredicateBodyBindingPass ...
[2020-06-25 00:15:36] PredicateBodyBindingPass time: 00:01.263
[2020-06-25 00:15:36] LanguagePragmaPropagationPass ...
[2020-06-25 00:15:36] LanguagePragmaPropagationPass time: 00:00.252
[2020-06-25 00:15:36] Ambiguity checks ...
[2020-06-25 00:15:37] Ambiguity checks time: 00:00.093
[2020-06-25 00:15:37] Ql checks ...
[2020-06-25 00:15:40] Ql checks time: 00:03.001
[2020-06-25 00:15:47] Compilation pipeline
[2020-06-25 00:15:48] Type Inference ...
[2020-06-25 00:15:49] CSV_TYPE_HIERARCHY: Best number of iterations,Maximum number of runs,Number of BDD variables,Size of BDD for typefacts
[2020-06-25 00:15:49] CSV_TYPE_HIERARCHY: 0,0,1,1
[2020-06-25 00:15:49] CSV_TYPE_HIERARCHY: 0,0,0,0
[2020-06-25 00:15:49] CSV_TYPE_HIERARCHY: 0,0,81,87
[2020-06-25 00:15:49] CSV_TYPE_HIERARCHY: 0,0,1,1
[2020-06-25 00:15:49] CSV_TYPE_HIERARCHY: 0,0,0,0
[2020-06-25 00:15:50] CSV_TYPE_HIERARCHY: 0,0,749,3855
[2020-06-25 00:15:50] CSV_TYPE_HIERARCHY: 0,0,623,2259
[2020-06-25 00:15:50] CSV_TYPE_HIERARCHY: 0,0,9,9
[2020-06-25 00:15:50] CSV_TYPE_HIERARCHY: 0,0,7,7
[2020-06-25 00:15:50] CSV_TYPE_HIERARCHY: 0,0,2,2
[2020-06-25 00:15:50] CSV_TYPE_HIERARCHY: 0,0,26,26
[2020-06-25 00:15:50] CSV_TYPE_HIERARCHY: 0,0,17,19
[2020-06-25 00:15:50] CSV_TYPE_HIERARCHY: 0,0,6,6
[2020-06-25 00:15:50] CSV_TYPE_HIERARCHY: 0,0,2,2
[2020-06-25 00:15:50] CSV_TYPE_HIERARCHY: 0,0,12,12
[2020-06-25 00:15:50] CSV_TYPE_HIERARCHY: 0,0,2,2
[2020-06-25 00:15:50] CSV_TYPE_HIERARCHY: 0,0,2,2
[2020-06-25 00:15:50] CSV_TYPE_HIERARCHY: 0,0,7,10
[2020-06-25 00:15:50] CSV_TYPE_HIERARCHY: 0,0,4,4
[2020-06-25 00:15:50] CSV_TYPE_HIERARCHY: 0,0,2,2
[2020-06-25 00:15:50] CSV_TYPE_HIERARCHY: 0,0,1,1
[2020-06-25 00:15:50] CSV_TYPE_HIERARCHY: 0,0,12,15
[2020-06-25 00:15:50] CSV_TYPE_HIERARCHY: 0,0,2,2
[2020-06-25 00:15:50] CSV_TYPE_HIERARCHY: 0,0,2,2
[2020-06-25 00:15:50] CSV_TYPE_HIERARCHY: 0,0,6,7
[2020-06-25 00:15:50] CSV_TYPE_HIERARCHY: 0,0,4,4
[2020-06-25 00:15:50] CSV_TYPE_HIERARCHY: 0,0,6,6
[2020-06-25 00:15:50] CSV_TYPE_HIERARCHY: 0,0,4,4
[2020-06-25 00:15:50] CSV_TYPE_HIERARCHY: 0,0,2,2
[2020-06-25 00:15:50] CSV_TYPE_HIERARCHY: 0,0,6,7
[2020-06-25 00:15:50] CSV_TYPE_HIERARCHY: 0,0,2,2
[2020-06-25 00:15:50] CSV_TYPE_HIERARCHY: 0,0,2,2
[2020-06-25 00:15:50] CSV_TYPE_HIERARCHY: 0,0,10,13
[2020-06-25 00:15:50] CSV_TYPE_HIERARCHY: 0,0,3,3
[2020-06-25 00:15:50] CSV_TYPE_HIERARCHY: 0,0,2,2
[2020-06-25 00:15:50] CSV_TYPE_HIERARCHY: 0,0,4,4
[2020-06-25 00:15:50] CSV_TYPE_HIERARCHY: 0,0,0,0
[2020-06-25 00:15:50] CSV_TYPE_HIERARCHY: 0,0,0,0
[2020-06-25 00:15:50] CSV_TYPE_HIERARCHY: 0,0,0,0
[2020-06-25 00:15:50] CSV_TYPE_HIERARCHY: 0,0,0,0
[2020-06-25 00:15:50] CSV_TYPE_HIERARCHY: 0,0,0,0
[2020-06-25 00:15:50] CSV_TYPE_HIERARCHY: 0,0,0,0
[2020-06-25 00:15:50] CSV_TYPE_HIERARCHY: 0,0,0,0
[2020-06-25 00:15:50] CSV_TYPE_HIERARCHY: 0,0,0,0
[2020-06-25 00:15:50] CSV_TYPE_HIERARCHY: 0,0,0,0
[2020-06-25 00:15:50] CSV_TYPE_HIERARCHY: 0,0,0,0
[2020-06-25 00:15:50] CSV_TYPE_HIERARCHY: 0,0,0,0
[2020-06-25 00:15:50] CSV_TYPE_HIERARCHY: 0,0,0,0
[2020-06-25 00:15:50] CSV_TYPE_HIERARCHY: 0,0,0,0
[2020-06-25 00:15:50] CSV_TYPE_HIERARCHY: 0,0,0,0
[2020-06-25 00:15:50] CSV_TYPE_HIERARCHY: 0,0,0,0
[2020-06-25 00:15:50] CSV_TYPE_HIERARCHY: 0,0,0,0
[2020-06-25 00:15:50] CSV_TYPE_HIERARCHY: 0,0,0,0
[2020-06-25 00:15:50] CSV_TYPE_HIERARCHY: 0,0,0,0
[2020-06-25 00:15:50] CSV_TYPE_HIERARCHY: 0,0,0,0
[2020-06-25 00:15:50] CSV_TYPE_HIERARCHY: 0,0,0,0
[2020-06-25 00:15:50] CSV_TYPE_HIERARCHY: 0,0,0,0
[2020-06-25 00:15:50] CSV_TYPE_HIERARCHY: 0,0,0,0
[2020-06-25 00:15:50] CSV_TYPE_HIERARCHY: 0,0,0,0
[2020-06-25 00:15:52] Type Inference time: 00:03.695
[2020-06-25 00:15:52] Binding Checks ...
[2020-06-25 00:15:53] Binding Checks time: 00:01.157
[2020-06-25 00:15:55] [WARN] execute queries> WARNING: Unused predicate knownUnknown (/home/ellen/Documents/APIModellingProj/JSEventBasedAPILearning/data/analyse.ql:1007,11-23)
[2020-06-25 00:15:55] [DETAILS] execute queries> Optimizing /home/ellen/Documents/APIModellingProj/JSEventBasedAPILearning/data/analyse.ql.
[2020-06-25 00:15:55] Processing compilation pipeline
[2020-06-25 00:15:55] Started compiling a query
[2020-06-25 00:15:55] Initialising compiler...
[2020-06-25 00:15:55] 	 ... compiler initialised
[2020-06-25 00:15:55] About to start query optimisation
[2020-06-25 00:16:00] Compilation cache miss for d1085674150afc109fe818e53c7444ca5503413a.
[2020-06-25 00:19:17] Stored compiled program for d1085674150afc109fe818e53c7444ca5503413a.
[2020-06-25 00:19:19] CSV_COMPILATION: NONE,MISC,RA_TRANSLATION,OPTIMISATIONS
[2020-06-25 00:19:19] CSV_COMPILATION: 36610,2806,154835,7824
[2020-06-25 00:19:19] [PROGRESS] execute queries> [1/1] Compiled /home/ellen/Documents/APIModellingProj/JSEventBasedAPILearning/data/analyse.ql (4m17s).
[2020-06-25 00:19:19] Of 100 predicates, 0 are used in more than one query.
[2020-06-25 00:19:19] [PROGRESS] execute queries> Starting evaluation of api-modelling-analysis/analyse.ql.
[2020-06-25 00:19:19] Starting evaluation of /home/ellen/Documents/APIModellingProj/JSEventBasedAPILearning/data/analyse.ql
[2020-06-25 00:19:19] (0s) Start query execution
[2020-06-25 00:19:21] (1s) Prepared IMB program for execution: took 0ms
[2020-06-25 00:19:21] (1s) Beginning execution of program...
[2020-06-25 00:19:21] (1s) Starting to evaluate predicate #select#ff#join_rhs#1/1@1d36b4
[2020-06-25 00:19:21] (1s)  >>> Wrote relation #select#ff#join_rhs#1 with 21445 rows and 1 columns.
[2020-06-25 00:19:21] (1s) Starting to evaluate predicate analyse::AnalyzedExtAPString#class#ff#join_rhs/1@5e9091
[2020-06-25 00:19:21] (1s)  >>> Wrote relation analyse::AnalyzedExtAPString#class#ff#join_rhs with 166660 rows and 1 columns.
[2020-06-25 00:19:21] (1s) Starting to evaluate predicate analyse::hasEvent#ff#join_rhs#36/2@74a292
[2020-06-25 00:19:21] (1s)  >>> Wrote relation analyse::hasEvent#ff#join_rhs#36 with 1 rows and 2 columns.
[2020-06-25 00:19:21] (1s) Starting to evaluate predicate analyse::hasEvent#ff#join_rhs#35/2@cf41c4
[2020-06-25 00:19:21] (1s)  >>> Wrote relation analyse::hasEvent#ff#join_rhs#35 with 1 rows and 2 columns.
[2020-06-25 00:19:21] (1s) Starting to evaluate predicate analyse::hasEvent#ff#join_rhs#34/2@69161d
[2020-06-25 00:19:21] (1s)  >>> Wrote relation analyse::hasEvent#ff#join_rhs#34 with 1 rows and 2 columns.
[2020-06-25 00:19:21] (1s) Starting to evaluate predicate analyse::hasEvent#ff#join_rhs#33/2@153ad4
[2020-06-25 00:19:21] (1s)  >>> Wrote relation analyse::hasEvent#ff#join_rhs#33 with 1 rows and 2 columns.
[2020-06-25 00:19:21] (1s) Starting to evaluate predicate analyse::hasEvent#ff#join_rhs#32/2@b93e90
[2020-06-25 00:19:21] (1s)  >>> Wrote relation analyse::hasEvent#ff#join_rhs#32 with 1 rows and 2 columns.
[2020-06-25 00:19:21] (1s) Starting to evaluate predicate analyse::hasEvent#ff#join_rhs#31/2@e66b80
[2020-06-25 00:19:21] (1s)  >>> Wrote relation analyse::hasEvent#ff#join_rhs#31 with 1 rows and 2 columns.
[2020-06-25 00:19:21] (1s) Starting to evaluate predicate analyse::hasEvent#ff#join_rhs#30/2@8d69fa
[2020-06-25 00:19:21] (1s)  >>> Wrote relation analyse::hasEvent#ff#join_rhs#30 with 1 rows and 2 columns.
[2020-06-25 00:19:21] (1s) Starting to evaluate predicate analyse::hasEvent#ff#join_rhs#29/2@bd2e7e
[2020-06-25 00:19:21] (1s)  >>> Wrote relation analyse::hasEvent#ff#join_rhs#29 with 1 rows and 2 columns.
[2020-06-25 00:19:21] (1s) Starting to evaluate predicate analyse::hasEvent#ff#join_rhs#28/2@759c66
[2020-06-25 00:19:21] (1s)  >>> Wrote relation analyse::hasEvent#ff#join_rhs#28 with 1 rows and 2 columns.
[2020-06-25 00:19:21] (1s) Starting to evaluate predicate analyse::hasEvent#ff#join_rhs#27/2@0faf87
[2020-06-25 00:19:21] (1s)  >>> Wrote relation analyse::hasEvent#ff#join_rhs#27 with 1 rows and 2 columns.
[2020-06-25 00:19:21] (1s) Starting to evaluate predicate analyse::hasEvent#ff#join_rhs#26/2@bf1c13
[2020-06-25 00:19:21] (1s)  >>> Wrote relation analyse::hasEvent#ff#join_rhs#26 with 1 rows and 2 columns.
[2020-06-25 00:19:21] (1s) Starting to evaluate predicate analyse::hasEvent#ff#join_rhs#25/2@be1033
[2020-06-25 00:19:21] (1s)  >>> Wrote relation analyse::hasEvent#ff#join_rhs#25 with 1 rows and 2 columns.
[2020-06-25 00:19:21] (1s) Starting to evaluate predicate analyse::hasEvent#ff#join_rhs#24/2@9af2c8
[2020-06-25 00:19:21] (1s)  >>> Wrote relation analyse::hasEvent#ff#join_rhs#24 with 1 rows and 2 columns.
[2020-06-25 00:19:21] (1s) Starting to evaluate predicate analyse::hasEvent#ff#join_rhs#23/2@bca424
[2020-06-25 00:19:21] (1s)  >>> Wrote relation analyse::hasEvent#ff#join_rhs#23 with 1 rows and 2 columns.
[2020-06-25 00:19:21] (1s) Starting to evaluate predicate analyse::hasEvent#ff#join_rhs#22/2@17f945
[2020-06-25 00:19:21] (1s)  >>> Wrote relation analyse::hasEvent#ff#join_rhs#22 with 1 rows and 2 columns.
[2020-06-25 00:19:21] (1s) Starting to evaluate predicate analyse::hasEvent#ff#join_rhs#21/2@169b8c
[2020-06-25 00:19:21] (1s)  >>> Wrote relation analyse::hasEvent#ff#join_rhs#21 with 1 rows and 2 columns.
[2020-06-25 00:19:21] (1s) Starting to evaluate predicate analyse::hasEvent#ff#join_rhs#20/2@c535f0
[2020-06-25 00:19:21] (1s)  >>> Wrote relation analyse::hasEvent#ff#join_rhs#20 with 1 rows and 2 columns.
[2020-06-25 00:19:21] (1s) Starting to evaluate predicate analyse::hasEvent#ff#join_rhs#19/2@3b8813
[2020-06-25 00:19:21] (1s)  >>> Wrote relation analyse::hasEvent#ff#join_rhs#19 with 1 rows and 2 columns.
[2020-06-25 00:19:21] (1s) Starting to evaluate predicate analyse::hasEvent#ff#join_rhs#18/2@ba4619
[2020-06-25 00:19:21] (1s)  >>> Wrote relation analyse::hasEvent#ff#join_rhs#18 with 1 rows and 2 columns.
[2020-06-25 00:19:21] (1s) Starting to evaluate predicate analyse::hasEvent#ff#join_rhs#17/2@cb0392
[2020-06-25 00:19:21] (1s)  >>> Wrote relation analyse::hasEvent#ff#join_rhs#17 with 1 rows and 2 columns.
[2020-06-25 00:19:21] (1s) Starting to evaluate predicate analyse::hasEvent#ff#join_rhs#16/2@4da191
[2020-06-25 00:19:21] (1s)  >>> Wrote relation analyse::hasEvent#ff#join_rhs#16 with 1 rows and 2 columns.
[2020-06-25 00:19:21] (1s) Starting to evaluate predicate analyse::hasEvent#ff#join_rhs#15/2@ca042d
[2020-06-25 00:19:21] (1s)  >>> Wrote relation analyse::hasEvent#ff#join_rhs#15 with 1 rows and 2 columns.
[2020-06-25 00:19:21] (1s) Starting to evaluate predicate analyse::hasEvent#ff#join_rhs#14/2@51f63d
[2020-06-25 00:19:21] (1s)  >>> Wrote relation analyse::hasEvent#ff#join_rhs#14 with 1 rows and 2 columns.
[2020-06-25 00:19:21] (1s) Starting to evaluate predicate analyse::hasEvent#ff#join_rhs#13/2@42258e
[2020-06-25 00:19:21] (1s)  >>> Wrote relation analyse::hasEvent#ff#join_rhs#13 with 1 rows and 2 columns.
[2020-06-25 00:19:21] (1s) Starting to evaluate predicate analyse::hasEvent#ff#join_rhs#12/2@3e6778
[2020-06-25 00:19:21] (1s)  >>> Wrote relation analyse::hasEvent#ff#join_rhs#12 with 1 rows and 2 columns.
[2020-06-25 00:19:21] (1s) Starting to evaluate predicate analyse::hasEvent#ff#join_rhs#11/2@9949e2
[2020-06-25 00:19:21] (1s)  >>> Wrote relation analyse::hasEvent#ff#join_rhs#11 with 1 rows and 2 columns.
[2020-06-25 00:19:21] (1s) Starting to evaluate predicate analyse::hasEvent#ff#join_rhs#10/2@626ad0
[2020-06-25 00:19:21] (1s)  >>> Wrote relation analyse::hasEvent#ff#join_rhs#10 with 1 rows and 2 columns.
[2020-06-25 00:19:21] (1s) Starting to evaluate predicate analyse::hasEvent#ff#join_rhs#9/2@504276
[2020-06-25 00:19:21] (1s)  >>> Wrote relation analyse::hasEvent#ff#join_rhs#9 with 1 rows and 2 columns.
[2020-06-25 00:19:21] (1s) Starting to evaluate predicate analyse::hasEvent#ff#join_rhs#8/2@70a1a0
[2020-06-25 00:19:21] (1s)  >>> Wrote relation analyse::hasEvent#ff#join_rhs#8 with 1 rows and 2 columns.
[2020-06-25 00:19:21] (1s) Starting to evaluate predicate analyse::hasEvent#ff#join_rhs#7/2@c3a5ab
[2020-06-25 00:19:21] (1s)  >>> Wrote relation analyse::hasEvent#ff#join_rhs#7 with 1 rows and 2 columns.
[2020-06-25 00:19:21] (1s) Starting to evaluate predicate analyse::hasEvent#ff#join_rhs#6/2@dd199f
[2020-06-25 00:19:21] (1s)  >>> Wrote relation analyse::hasEvent#ff#join_rhs#6 with 1 rows and 2 columns.
[2020-06-25 00:19:21] (1s) Starting to evaluate predicate analyse::hasEvent#ff#join_rhs#5/2@98b832
[2020-06-25 00:19:21] (1s)  >>> Wrote relation analyse::hasEvent#ff#join_rhs#5 with 1 rows and 2 columns.
[2020-06-25 00:19:21] (1s) Starting to evaluate predicate analyse::hasEvent#ff#join_rhs#4/2@35c5f5
[2020-06-25 00:19:21] (1s)  >>> Wrote relation analyse::hasEvent#ff#join_rhs#4 with 1 rows and 2 columns.
[2020-06-25 00:19:21] (1s) Starting to evaluate predicate analyse::hasEvent#ff#join_rhs#3/2@27fc57
[2020-06-25 00:19:21] (1s)  >>> Wrote relation analyse::hasEvent#ff#join_rhs#3 with 1 rows and 2 columns.
[2020-06-25 00:19:21] (1s) Starting to evaluate predicate analyse::hasEvent#ff#join_rhs#2/2@0d0b14
[2020-06-25 00:19:21] (1s)  >>> Wrote relation analyse::hasEvent#ff#join_rhs#2 with 1 rows and 2 columns.
[2020-06-25 00:19:21] (1s) Starting to evaluate predicate analyse::hasEvent#ff#join_rhs#1/2@0e5372
[2020-06-25 00:19:21] (1s)  >>> Wrote relation analyse::hasEvent#ff#join_rhs#1 with 1 rows and 2 columns.
[2020-06-25 00:19:21] (1s) Starting to evaluate predicate analyse::hasEvent#ff#join_rhs/2@7a4b39
[2020-06-25 00:19:21] (1s)  >>> Wrote relation analyse::hasEvent#ff#join_rhs with 1 rows and 2 columns.
[2020-06-25 00:19:21] (1s) Starting to evaluate predicate analyse::hasEvent#ff#cur_delta/2[1]@b0ebd5 (iteration 1)
[2020-06-25 00:19:21] (1s) 			 - analyse::hasEvent#ff_delta has 184 rows (order for disjuncts: delta=<standard>).
[2020-06-25 00:19:21] (1s) Starting to evaluate predicate analyse::hasEvent#ff#cur_delta/2[2]@e0caff (iteration 2)
[2020-06-25 00:19:21] (1s) 			 - analyse::hasEvent#ff_delta has 127 rows (order for disjuncts: delta=100).
[2020-06-25 00:19:21] (1s) Starting to evaluate predicate analyse::hasEvent#ff#cur_delta/2[3]@3e85b4 (iteration 3)
[2020-06-25 00:19:21] (1s) 			 - analyse::hasEvent#ff_delta has 53 rows (order for disjuncts: delta=100).
[2020-06-25 00:19:21] (1s) Starting to evaluate predicate analyse::hasEvent#ff#cur_delta/2[4]@b1df56 (iteration 4)
[2020-06-25 00:19:21] (1s) 			 - analyse::hasEvent#ff_delta has 21 rows (order for disjuncts: delta=100).
[2020-06-25 00:19:21] (1s) Starting to evaluate predicate analyse::hasEvent#ff#cur_delta/2[5]@9f613a (iteration 5)
[2020-06-25 00:19:21] (1s) 			 - analyse::hasEvent#ff_delta has 4 rows (order for disjuncts: delta=100).
[2020-06-25 00:19:21] (1s) Starting to evaluate predicate analyse::hasEvent#ff#cur_delta/2[6]@aeeae9 (iteration 6)
[2020-06-25 00:19:21] (1s) Empty delta for analyse::hasEvent#ff_delta (order for disjuncts: delta=100).
[2020-06-25 00:19:21] (1s) Accumulating deltas
[2020-06-25 00:19:21] (1s)  >>> Wrote relation analyse::hasEvent#ff with 389 rows and 2 columns.
[2020-06-25 00:19:21] (1s) Starting to evaluate predicate analyse::hasEvent#ff_10#join_rhs/2@c3d443
[2020-06-25 00:19:21] (1s)  >>> Wrote relation analyse::hasEvent#ff_10#join_rhs with 389 rows and 2 columns.
[2020-06-25 00:19:21] (1s) Starting to evaluate predicate #select#ff#join_rhs/2@277efd
[2020-06-25 00:19:22] (2s)  >>> Wrote relation #select#ff#join_rhs with 444513 rows and 2 columns.
[2020-06-25 00:19:22] (2s) Starting to evaluate predicate analyse::AnalyzedExtAPString#class#ff/2@754a9b
[2020-06-25 00:19:24] (4s)  >>> Wrote relation analyse::AnalyzedExtAPString#class#ff with 20340 rows and 2 columns.
[2020-06-25 00:19:24] (4s) Starting to evaluate predicate project##select#ff#nullary#6/0@0d281e
[2020-06-25 00:19:24] (4s)  >>> Wrote relation project##select#ff#nullary#6 with 1 rows and 0 columns.
[2020-06-25 00:19:24] (4s) Starting to evaluate predicate #select#ff#shared#16/2@e20762
[2020-06-25 00:19:24] (4s)  >>> Wrote relation #select#ff#shared#16 with 1 rows and 2 columns.
[2020-06-25 00:19:24] (4s) Starting to evaluate predicate #select#ff#shared/2@0d6a6d
[2020-06-25 00:19:24] (4s)  >>> Wrote relation #select#ff#shared with 67285 rows and 2 columns.
[2020-06-25 00:19:24] (5s) Starting to evaluate predicate #select#ff#antijoin_rhs/1@4a4076
[2020-06-25 00:19:24] (5s)  >>> Wrote relation #select#ff#antijoin_rhs with 2 rows and 1 columns.
[2020-06-25 00:19:24] (5s) Starting to evaluate predicate #select#ff#shared#15/2@21ae67
[2020-06-25 00:19:25] (5s)  >>> Wrote relation #select#ff#shared#15 with 24 rows and 2 columns.
[2020-06-25 00:19:25] (5s) Starting to evaluate predicate #select#ff#shared#12/2@6e62ab
[2020-06-25 00:19:25] (5s)  >>> Wrote relation #select#ff#shared#12 with 7 rows and 2 columns.
[2020-06-25 00:19:25] (5s) Starting to evaluate predicate #select#ff#shared#14/2@9c9795
[2020-06-25 00:19:25] (5s)  >>> Wrote relation #select#ff#shared#14 with 1 rows and 2 columns.
[2020-06-25 00:19:25] (5s) Starting to evaluate predicate project##select#ff#nullary#4/0@492436
[2020-06-25 00:19:25] (5s)  >>> Wrote relation project##select#ff#nullary#4 with 1 rows and 0 columns.
[2020-06-25 00:19:25] (5s) Starting to evaluate predicate #select#ff#shared#13/2@22ef6e
[2020-06-25 00:19:25] (5s)  >>> Wrote relation #select#ff#shared#13 with 0 rows and 2 columns.
[2020-06-25 00:19:25] (5s) Starting to evaluate predicate project##select#ff#nullary#3/0@f415c5
[2020-06-25 00:19:25] (5s)  >>> Wrote relation project##select#ff#nullary#3 with 1 rows and 0 columns.
[2020-06-25 00:19:25] (5s) Starting to evaluate predicate #select#ff#shared#11/2@b13a85
[2020-06-25 00:19:25] (5s)  >>> Wrote relation #select#ff#shared#11 with 1 rows and 2 columns.
[2020-06-25 00:19:25] (5s) Starting to evaluate predicate project##select#ff#nullary#2/0@9b7091
[2020-06-25 00:19:25] (5s)  >>> Wrote relation project##select#ff#nullary#2 with 1 rows and 0 columns.
[2020-06-25 00:19:25] (5s) Starting to evaluate predicate #select#ff#shared#10/2@f418a1
[2020-06-25 00:19:25] (5s)  >>> Wrote relation #select#ff#shared#10 with 4 rows and 2 columns.
[2020-06-25 00:19:25] (5s) Starting to evaluate predicate #select#ff#shared#1/2@e18d63
[2020-06-25 00:19:25] (5s)  >>> Wrote relation #select#ff#shared#1 with 67285 rows and 2 columns.
[2020-06-25 00:19:25] (5s) Starting to evaluate predicate #select#ff#shared#7/3@3ef27e
[2020-06-25 00:19:25] (5s)  >>> Wrote relation #select#ff#shared#7 with 67285 rows and 3 columns.
[2020-06-25 00:19:25] (5s) Starting to evaluate predicate project#analyse::hasEvent#ff#2/1@f8105f
[2020-06-25 00:19:25] (5s)  >>> Wrote relation project#analyse::hasEvent#ff#2 with 84 rows and 1 columns.
[2020-06-25 00:19:25] (5s) Starting to evaluate predicate project#analyse::hasEvent#ff/1@0706a8
[2020-06-25 00:19:25] (5s)  >>> Wrote relation project#analyse::hasEvent#ff with 36 rows and 1 columns.
[2020-06-25 00:19:25] (5s) Starting to evaluate predicate analyse::doesNotHaveEvent#ff/2@fedaf8
[2020-06-25 00:19:25] (5s)  >>> Wrote relation analyse::doesNotHaveEvent#ff with 2653 rows and 2 columns.
[2020-06-25 00:19:25] (5s) Starting to evaluate predicate #select#ff#shared#9/3@0ed14e
[2020-06-25 00:19:25] (5s)  >>> Wrote relation #select#ff#shared#9 with 26 rows and 3 columns.
[2020-06-25 00:19:25] (5s) Starting to evaluate predicate #select#ff#shared#8/3@5220b3
[2020-06-25 00:19:25] (5s)  >>> Wrote relation #select#ff#shared#8 with 23 rows and 3 columns.
[2020-06-25 00:19:25] (5s) Starting to evaluate predicate #select#ff#shared#4/3@fdc882
[2020-06-25 00:19:25] (5s)  >>> Wrote relation #select#ff#shared#4 with 67285 rows and 3 columns.
[2020-06-25 00:19:25] (5s) Starting to evaluate predicate #select#ff#shared#6/3@75d4b4
[2020-06-25 00:19:25] (5s)  >>> Wrote relation #select#ff#shared#6 with 27 rows and 3 columns.
[2020-06-25 00:19:25] (5s) Starting to evaluate predicate #select#ff#shared#5/3@66e24a
[2020-06-25 00:19:25] (5s)  >>> Wrote relation #select#ff#shared#5 with 76 rows and 3 columns.
[2020-06-25 00:19:25] (5s) Starting to evaluate predicate project##select#ff#nullary/0@3c6943
[2020-06-25 00:19:25] (5s)  >>> Wrote relation project##select#ff#nullary with 1 rows and 0 columns.
[2020-06-25 00:19:25] (5s) Starting to evaluate predicate #select#ff#shared#3/2@6557ea
[2020-06-25 00:19:25] (5s)  >>> Wrote relation #select#ff#shared#3 with 2 rows and 2 columns.
[2020-06-25 00:19:25] (5s) Starting to evaluate predicate analyse::method#ffb#join_rhs/1@c15b8b
[2020-06-25 00:19:25] (5s)  >>> Wrote relation analyse::method#ffb#join_rhs with 11 rows and 1 columns.
[2020-06-25 00:19:25] (5s) Starting to evaluate predicate analyse::method#ffb/3@9f3228
[2020-06-25 00:19:25] (5s)  >>> Wrote relation analyse::method#ffb with 288 rows and 3 columns.
[2020-06-25 00:19:25] (5s) Starting to evaluate predicate analyse::field#ffb/3@27d21c
[2020-06-25 00:19:25] (5s)  >>> Wrote relation analyse::field#ffb with 28 rows and 3 columns.
[2020-06-25 00:19:25] (5s) Starting to evaluate predicate project#analyse::method#ffb/2@e689a9
[2020-06-25 00:19:25] (5s)  >>> Wrote relation project#analyse::method#ffb with 42 rows and 2 columns.
[2020-06-25 00:19:25] (5s) Starting to evaluate predicate project#analyse::method#ffb_10#join_rhs/2@47c4c1
[2020-06-25 00:19:25] (5s)  >>> Wrote relation project#analyse::method#ffb_10#join_rhs with 42 rows and 2 columns.
[2020-06-25 00:19:25] (5s) Starting to evaluate predicate project#analyse::field#ffb/2@eae672
[2020-06-25 00:19:25] (5s)  >>> Wrote relation project#analyse::field#ffb with 22 rows and 2 columns.
[2020-06-25 00:19:25] (5s) Starting to evaluate predicate project#analyse::field#ffb_10#join_rhs/2@8eb892
[2020-06-25 00:19:25] (5s)  >>> Wrote relation project#analyse::field#ffb_10#join_rhs with 22 rows and 2 columns.
[2020-06-25 00:19:25] (5s) Starting to evaluate predicate project#analyse::doesNotHaveEvent#ff/1@f13501
[2020-06-25 00:19:25] (5s)  >>> Wrote relation project#analyse::doesNotHaveEvent#ff with 37 rows and 1 columns.
[2020-06-25 00:19:25] (5s) Starting to evaluate predicate m#analyse::typeOf#fb#cur_delta/1[1]@3e311e (iteration 1)
[2020-06-25 00:19:25] (5s) 			 - m#analyse::typeOf#fb_delta has 37 rows (order for disjuncts: delta=<standard>).
[2020-06-25 00:19:25] (5s) Starting to evaluate predicate m#analyse::typeOf#fb#cur_delta/1[2]@7b3026 (iteration 2)
[2020-06-25 00:19:25] (5s) 			 - m#analyse::typeOf#fb_delta has 2 rows (order for disjuncts: delta=100).
[2020-06-25 00:19:25] (5s) Starting to evaluate predicate m#analyse::typeOf#fb#cur_delta/1[3]@cd4b43 (iteration 3)
[2020-06-25 00:19:25] (5s) Empty delta for m#analyse::typeOf#fb_delta (order for disjuncts: delta=100).
[2020-06-25 00:19:25] (5s) Accumulating deltas
[2020-06-25 00:19:25] (5s)  >>> Wrote relation m#analyse::typeOf#fb with 39 rows and 1 columns.
[2020-06-25 00:19:25] (5s) Starting to evaluate predicate analyse::typeOf#fb#join_rhs#1/3@3bf3c8
[2020-06-25 00:19:25] (5s)  >>> Wrote relation analyse::typeOf#fb#join_rhs#1 with 288 rows and 3 columns.
[2020-06-25 00:19:25] (5s) Starting to evaluate predicate analyse::typeOf#fb#join_rhs/3@8c7971
[2020-06-25 00:19:25] (5s)  >>> Wrote relation analyse::typeOf#fb#join_rhs with 28 rows and 3 columns.
[2020-06-25 00:19:25] (5s) Starting to evaluate predicate analyse::exportedClass#ff/2@3a0c2d
[2020-06-25 00:19:25] (5s)  >>> Wrote relation analyse::exportedClass#ff with 12 rows and 2 columns.
[2020-06-25 00:19:25] (5s) Starting to evaluate predicate analyse::exportedFn#fff/3@6bc098
[2020-06-25 00:19:25] (5s)  >>> Wrote relation analyse::exportedFn#fff with 28 rows and 3 columns.
[2020-06-25 00:19:25] (5s) Starting to evaluate predicate analyse::typeOf#fb#cur_delta/2[1]@1136a1 (iteration 1)
[2020-06-25 00:19:25] (5s) 			 - analyse::typeOf#fb_delta has 96 rows (order for disjuncts: delta=<standard>).
[2020-06-25 00:19:25] (5s) Starting to evaluate predicate analyse::typeOf#fb#cur_delta/2[2]@02da3f (iteration 2)
[2020-06-25 00:19:25] (5s) 			 - analyse::typeOf#fb_delta has 207 rows (order for disjuncts: delta=100).
[2020-06-25 00:19:25] (5s) Starting to evaluate predicate analyse::typeOf#fb#cur_delta/2[3]@a661da (iteration 3)
[2020-06-25 00:19:25] (5s) 			 - analyse::typeOf#fb_delta has 179 rows (order for disjuncts: delta=100).
[2020-06-25 00:19:25] (5s) Starting to evaluate predicate analyse::typeOf#fb#cur_delta/2[4]@a96626 (iteration 4)
[2020-06-25 00:19:25] (5s) 			 - analyse::typeOf#fb_delta has 119 rows (order for disjuncts: delta=100).
[2020-06-25 00:19:25] (5s) Starting to evaluate predicate analyse::typeOf#fb#cur_delta/2[5]@80420e (iteration 5)
[2020-06-25 00:19:25] (5s) 			 - analyse::typeOf#fb_delta has 17 rows (order for disjuncts: delta=100).
[2020-06-25 00:19:25] (5s) Starting to evaluate predicate analyse::typeOf#fb#cur_delta/2[6]@d45bdd (iteration 6)
[2020-06-25 00:19:25] (5s) Empty delta for analyse::typeOf#fb_delta (order for disjuncts: delta=100).
[2020-06-25 00:19:25] (5s) Accumulating deltas
[2020-06-25 00:19:25] (5s)  >>> Wrote relation analyse::typeOf#fb with 618 rows and 2 columns.
[2020-06-25 00:19:25] (5s) Starting to evaluate predicate analyse::doesNotHaveEvent#ff_10#join_rhs/2@16b988
[2020-06-25 00:19:25] (5s)  >>> Wrote relation analyse::doesNotHaveEvent#ff_10#join_rhs with 2653 rows and 2 columns.
[2020-06-25 00:19:25] (5s) Starting to evaluate predicate #select#ff#shared#2/3@47c217
[2020-06-25 00:19:25] (6s)  >>> Wrote relation #select#ff#shared#2 with 705110 rows and 3 columns.
[2020-06-25 00:19:25] (6s) Starting to evaluate predicate #select#ff#antijoin_rhs#1/2@6ba637
[2020-06-25 00:19:25] (6s)  >>> Wrote relation #select#ff#antijoin_rhs#1 with 84 rows and 2 columns.
[2020-06-25 00:19:25] (6s) Starting to evaluate predicate #select#ff/2@9af993
[2020-06-25 00:19:25] (6s)  >>> Wrote relation #select#ff with 1049 rows and 2 columns.
[2020-06-25 00:19:25] (6s) Starting to evaluate predicate #select#ff_01_expr_#antijoin_rhs/3@4b1f22
[2020-06-25 00:19:25] (6s)  >>> Wrote relation #select#ff_01_expr_#antijoin_rhs with 1049 rows and 3 columns.
[2020-06-25 00:19:25] (6s) Starting to evaluate predicate #select#query#ffff/4@07ab6e
[2020-06-25 00:19:25] (6s)  >>> Wrote relation #select#query#ffff with 1049 rows and 4 columns.
[2020-06-25 00:19:25] (6s) Query done
[2020-06-25 00:19:25] CSV_CACHE_DIFF: Operation,Overall time,NONE,LOAD_EXTENSIONAL,PAGE_RELATION,SORT_RELATION,NODUPS_RELATION,GLOBAL_DISK_SYNC,GLOBAL_TRIM_DISK,GLOBAL_TRIM_STRINGS,GLOBAL_EVICTOR,SCAN_DISK,IO_TRIMMING,IO_WRITING
[2020-06-25 00:19:25] CSV_CACHE_DIFF: #select#query#ffff (analyse.ql),4.925,4.307,0,0.337,0.055,0.03,0,0,0,0,0,0,0
[2020-06-25 00:19:25] (6s) Sequence stamp origin is -6711751823245008827
[2020-06-25 00:19:25] (6s) Stopped the world to sync to disk at sequence stamp o+0
[2020-06-25 00:19:25] (6s) Starting the world again
[2020-06-25 00:19:25] CSV_IMB_QUERIES: Query type,Query predicate,Query name,Stage,Success,Time,Number of results,Cumulative time in query
[2020-06-25 00:19:25] CSV_IMB_QUERIES: Query,#select#query#ffff,analyse.ql,1,Success,4.925,1049,6069
[2020-06-25 00:19:25] Evaluation of /home/ellen/Documents/APIModellingProj/JSEventBasedAPILearning/data/analyse.ql produced BQRS results
[2020-06-25 00:19:25] [PROGRESS] execute queries> [1/1] Evaluation done (6.1s); writing results to /home/ellen/Documents/APIModellingProj/JSEventBasedAPILearning/data/temp.bqrs.
[2020-06-25 00:19:25] [PROGRESS] execute queries> Shutting down query evaluator.
[2020-06-25 00:19:25] Stopped the world to close the cache at sequence stamp o+1
[2020-06-25 00:19:25] The disk cache is freshly trimmed; leave it be.
[2020-06-25 00:19:25] Starting the world again
[2020-06-25 00:19:26] Terminating normally.
