[2020-03-18 13:11:27] This is codeql execute queries -J-Xmx12800M --off-heap-ram=12800 --verbosity=progress --logdir=/home/ellen/Documents/ASJProj/TESTING_reordering/QLDBs/fiddle/log --warnings=show --output=/home/ellen/Documents/ASJProj/AsyncAnalysis/temp_swaps.bqrs -- /home/ellen/Documents/ASJProj/TESTING_reordering/QLDBs/fiddle/db-javascript /home/ellen/Documents/ASJProj/AsyncAnalysis/console_getStmtAndSets.ql
[2020-03-18 13:11:27] Creating executor with 1 threads.
[2020-03-18 13:11:27] Calling plumbing command: codeql resolve library-path --query=/home/ellen/Documents/ASJProj/AsyncAnalysis/console_getStmtAndSets.ql --format=json
[2020-03-18 13:11:27] [DETAILS] resolve library-path> Resolving query at normalized path /home/ellen/Documents/ASJProj/AsyncAnalysis/console_getStmtAndSets.ql.
[2020-03-18 13:11:27] [DETAILS] resolve library-path> Found enclosing pack 'await-reordering-analysis' at /home/ellen/Documents/ASJProj/AsyncAnalysis.
[2020-03-18 13:11:27] [DETAILS] resolve library-path> Adding compilation cache at /home/ellen/Documents/ASJProj/AsyncAnalysis/.cache.
[2020-03-18 13:11:27] [DETAILS] resolve library-path> Resolving library dependencies from /home/ellen/Documents/ASJProj/AsyncAnalysis/qlpack.yml.
[2020-03-18 13:11:27] [SPAMMIER] resolve library-path> Recursing into /home/ellen/codeql_home.
[2020-03-18 13:11:27] [SPAMMIER] resolve library-path> Recursing into /home/ellen/codeql_home/ql.
[2020-03-18 13:11:27] [SPAMMIER] resolve library-path> Recursing into /home/ellen/codeql_home/ql/misc/legacy-support.
[2020-03-18 13:11:27] [DETAILS] resolve library-path> QL pack dependencies for /home/ellen/Documents/ASJProj/AsyncAnalysis resolved OK.
[2020-03-18 13:11:27] [DETAILS] resolve library-path> Found dbscheme through QL packs: /home/ellen/codeql_home/ql/javascript/ql/src/semmlecode.javascript.dbscheme.
[2020-03-18 13:11:27] Plumbing command codeql resolve library-path completed:
                      {
                        "libraryPath" : [
                          "/home/ellen/Documents/ASJProj/AsyncAnalysis",
                          "/home/ellen/codeql_home/ql/javascript/ql/src"
                        ],
                        "dbscheme" : "/home/ellen/codeql_home/ql/javascript/ql/src/semmlecode.javascript.dbscheme",
                        "compilationCache" : [
                          "/home/ellen/Documents/ASJProj/AsyncAnalysis/.cache"
                        ],
                        "relativeName" : "await-reordering-analysis/console_getStmtAndSets.ql"
                      }
[2020-03-18 13:11:27] [PROGRESS] execute queries> Compiling query plan for /home/ellen/Documents/ASJProj/AsyncAnalysis/console_getStmtAndSets.ql.
[2020-03-18 13:11:27] [DETAILS] execute queries> Resolving imports for /home/ellen/Documents/ASJProj/AsyncAnalysis/console_getStmtAndSets.ql.
[2020-03-18 13:11:27] Resolved file set for /home/ellen/Documents/ASJProj/AsyncAnalysis/console_getStmtAndSets.ql hashes to f66571b4a078dd4d03cb19e4f5e9ec65b2c8de43.
[2020-03-18 13:11:27] [DETAILS] execute queries> Checking QL for /home/ellen/Documents/ASJProj/AsyncAnalysis/console_getStmtAndSets.ql.
[2020-03-18 13:11:28] ExternalModuleBindingPass ...
[2020-03-18 13:11:28] ExternalModuleBindingPass time: 00:00.715
[2020-03-18 13:11:28] QLPredicateSynthesiser ...
[2020-03-18 13:11:28] QLPredicateSynthesiser time: 00:00.034
[2020-03-18 13:11:28] DeclarationBindingPass ...
[2020-03-18 13:11:29] DeclarationBindingPass time: 00:00.071
[2020-03-18 13:11:30] ReferenceBindingCheck ...
[2020-03-18 13:11:30] ReferenceBindingCheck time: 00:00.165
[2020-03-18 13:11:30] PredicateBodyBindingPass ...
[2020-03-18 13:11:31] PredicateBodyBindingPass time: 00:00.419
[2020-03-18 13:11:31] LanguagePragmaPropagationPass ...
[2020-03-18 13:11:31] LanguagePragmaPropagationPass time: 00:00.016
[2020-03-18 13:11:31] Ambiguity checks ...
[2020-03-18 13:11:31] Ambiguity checks time: 00:00.055
[2020-03-18 13:11:31] Ql checks ...
[2020-03-18 13:11:31] Ql checks time: 00:00.499
[2020-03-18 13:11:32] [ERROR] execute queries> ERROR: unexpected input '}' expecting one of: 'any', 'avg', 'boolean', 'count', 'date', 'exists', 'false', 'float', 'forall', 'forex', 'if', 'int', 'max', 'min', 'not', 'none', 'rank', 'result', 'strictcount', 'strictsum', 'strictconcat', 'concat', 'string', 'sum', 'super', 'this', 'true', '-', '(', '[', '+', Lowerid, Upperid, Atlowerid, Integer, Float, String (/home/ellen/Documents/ASJProj/AsyncAnalysis/ReorderingUtils.qll:979,1-2)
[2020-03-18 13:11:32] Sequence stamp origin is -6748289177797982800
[2020-03-18 13:11:32] Stopped the world to close the cache at sequence stamp o+0
[2020-03-18 13:11:32] The disk cache is freshly trimmed; leave it be.
[2020-03-18 13:11:32] Starting the world again
[2020-03-18 13:11:32] Exiting with code 1
