[2020-06-24 22:49:33] This is codeql execute queries -J-Xmx12800M --off-heap-ram=12800 --verbosity=progress --logdir=/home/ellen/Documents/ASJProj/TESTING_reordering/QLDBs/fiddle/log --ml-model-path= --native-library-path= --warnings=show --output=/home/ellen/Documents/APIModellingProj/JSEventBasedAPILearning/data/temp.bqrs -- /home/ellen/Documents/ASJProj/TESTING_reordering/QLDBs/fiddle/db-javascript /home/ellen/Documents/APIModellingProj/JSEventBasedAPILearning/data/analyse.ql
[2020-06-24 22:49:33] Creating executor with 1 threads.
[2020-06-24 22:49:33] Calling plumbing command: codeql resolve library-path --query=/home/ellen/Documents/APIModellingProj/JSEventBasedAPILearning/data/analyse.ql --format=json
[2020-06-24 22:49:33] [DETAILS] resolve library-path> Resolving query at normalized path /home/ellen/Documents/APIModellingProj/JSEventBasedAPILearning/data/analyse.ql.
[2020-06-24 22:49:34] [DETAILS] resolve library-path> Found enclosing pack 'api-modelling-analysis' at /home/ellen/Documents/APIModellingProj/JSEventBasedAPILearning/data.
[2020-06-24 22:49:34] [DETAILS] resolve library-path> Adding compilation cache at /home/ellen/Documents/APIModellingProj/JSEventBasedAPILearning/data/.cache.
[2020-06-24 22:49:34] [DETAILS] resolve library-path> Resolving library dependencies from /home/ellen/Documents/APIModellingProj/JSEventBasedAPILearning/data/qlpack.yml.
[2020-06-24 22:49:34] [SPAMMIER] resolve library-path> Recursing into /home/ellen/codeql_home.
[2020-06-24 22:49:34] [SPAMMIER] resolve library-path> Recursing into /home/ellen/codeql_home/ql.
[2020-06-24 22:49:34] [SPAMMIER] resolve library-path> Recursing into /home/ellen/codeql_home/ql/misc/legacy-support.
[2020-06-24 22:49:34] [DETAILS] resolve library-path> QL pack dependencies for /home/ellen/Documents/APIModellingProj/JSEventBasedAPILearning/data resolved OK.
[2020-06-24 22:49:34] [DETAILS] resolve library-path> Found dbscheme through QL packs: /home/ellen/codeql_home/ql/javascript/ql/src/semmlecode.javascript.dbscheme.
[2020-06-24 22:49:34] Plumbing command codeql resolve library-path completed:
                      {
                        "libraryPath" : [
                          "/home/ellen/Documents/APIModellingProj/JSEventBasedAPILearning/data",
                          "/home/ellen/codeql_home/ql/javascript/ql/src"
                        ],
                        "dbscheme" : "/home/ellen/codeql_home/ql/javascript/ql/src/semmlecode.javascript.dbscheme",
                        "compilationCache" : [
                          "/home/ellen/Documents/APIModellingProj/JSEventBasedAPILearning/data/.cache"
                        ],
                        "relativeName" : "api-modelling-analysis/analyse.ql"
                      }
[2020-06-24 22:49:34] [PROGRESS] execute queries> Compiling query plan for /home/ellen/Documents/APIModellingProj/JSEventBasedAPILearning/data/analyse.ql.
[2020-06-24 22:49:34] [DETAILS] execute queries> Resolving imports for /home/ellen/Documents/APIModellingProj/JSEventBasedAPILearning/data/analyse.ql.
[2020-06-24 22:49:35] Resolved file set for /home/ellen/Documents/APIModellingProj/JSEventBasedAPILearning/data/analyse.ql hashes to 8744d2064cf8dd57bb5b01ea1cf899913e834739.
[2020-06-24 22:49:35] [DETAILS] execute queries> Checking QL for /home/ellen/Documents/APIModellingProj/JSEventBasedAPILearning/data/analyse.ql.
[2020-06-24 22:49:35] ExternalModuleBindingPass ...
[2020-06-24 22:49:38] ExternalModuleBindingPass time: 00:02.848
[2020-06-24 22:49:38] QLPredicateSynthesiser ...
[2020-06-24 22:49:38] QLPredicateSynthesiser time: 00:00.049
[2020-06-24 22:49:38] DeclarationBindingPass ...
[2020-06-24 22:49:38] DeclarationBindingPass time: 00:00.186
[2020-06-24 22:49:38] Fixed point time ...
[2020-06-24 22:49:39] Fixed point time time: 00:00.378
[2020-06-24 22:49:39] ReferenceBindingPass ...
[2020-06-24 22:49:39] ReferenceBindingPass time: 00:00.073
[2020-06-24 22:49:39] EntityTypeUpdateBindingPass ...
[2020-06-24 22:49:39] EntityTypeUpdateBindingPass time: 00:00.081
[2020-06-24 22:49:39] ReferenceBindingCheck ...
[2020-06-24 22:49:39] ReferenceBindingCheck time: 00:00.058
[2020-06-24 22:49:39] PredicateBodyBindingPass ...
[2020-06-24 22:49:39] PredicateBodyBindingPass time: 00:00.605
[2020-06-24 22:49:39] LanguagePragmaPropagationPass ...
[2020-06-24 22:49:39] LanguagePragmaPropagationPass time: 00:00.054
[2020-06-24 22:49:39] Ambiguity checks ...
[2020-06-24 22:49:40] Ambiguity checks time: 00:00.059
[2020-06-24 22:49:40] Ql checks ...
[2020-06-24 22:49:40] Ql checks time: 00:00.691
[2020-06-24 22:49:42] Compilation pipeline
[2020-06-24 22:49:42] Type Inference ...
[2020-06-24 22:49:42] CSV_TYPE_HIERARCHY: Best number of iterations,Maximum number of runs,Number of BDD variables,Size of BDD for typefacts
[2020-06-24 22:49:42] CSV_TYPE_HIERARCHY: 0,0,1,1
[2020-06-24 22:49:42] CSV_TYPE_HIERARCHY: 0,0,0,0
[2020-06-24 22:49:42] CSV_TYPE_HIERARCHY: 0,0,79,85
[2020-06-24 22:49:42] CSV_TYPE_HIERARCHY: 0,0,1,1
[2020-06-24 22:49:42] CSV_TYPE_HIERARCHY: 0,0,0,0
[2020-06-24 22:49:43] CSV_TYPE_HIERARCHY: 0,0,749,3855
[2020-06-24 22:49:43] CSV_TYPE_HIERARCHY: 0,0,623,2259
[2020-06-24 22:49:43] CSV_TYPE_HIERARCHY: 0,0,9,9
[2020-06-24 22:49:43] CSV_TYPE_HIERARCHY: 0,0,7,7
[2020-06-24 22:49:43] CSV_TYPE_HIERARCHY: 0,0,2,2
[2020-06-24 22:49:43] CSV_TYPE_HIERARCHY: 0,0,26,26
[2020-06-24 22:49:43] CSV_TYPE_HIERARCHY: 0,0,17,19
[2020-06-24 22:49:43] CSV_TYPE_HIERARCHY: 0,0,6,6
[2020-06-24 22:49:43] CSV_TYPE_HIERARCHY: 0,0,2,2
[2020-06-24 22:49:43] CSV_TYPE_HIERARCHY: 0,0,12,12
[2020-06-24 22:49:43] CSV_TYPE_HIERARCHY: 0,0,2,2
[2020-06-24 22:49:43] CSV_TYPE_HIERARCHY: 0,0,2,2
[2020-06-24 22:49:43] CSV_TYPE_HIERARCHY: 0,0,7,10
[2020-06-24 22:49:43] CSV_TYPE_HIERARCHY: 0,0,4,4
[2020-06-24 22:49:43] CSV_TYPE_HIERARCHY: 0,0,2,2
[2020-06-24 22:49:43] CSV_TYPE_HIERARCHY: 0,0,1,1
[2020-06-24 22:49:43] CSV_TYPE_HIERARCHY: 0,0,12,15
[2020-06-24 22:49:43] CSV_TYPE_HIERARCHY: 0,0,2,2
[2020-06-24 22:49:43] CSV_TYPE_HIERARCHY: 0,0,2,2
[2020-06-24 22:49:43] CSV_TYPE_HIERARCHY: 0,0,6,7
[2020-06-24 22:49:43] CSV_TYPE_HIERARCHY: 0,0,4,4
[2020-06-24 22:49:43] CSV_TYPE_HIERARCHY: 0,0,6,6
[2020-06-24 22:49:43] CSV_TYPE_HIERARCHY: 0,0,4,4
[2020-06-24 22:49:43] CSV_TYPE_HIERARCHY: 0,0,2,2
[2020-06-24 22:49:43] CSV_TYPE_HIERARCHY: 0,0,6,7
[2020-06-24 22:49:43] CSV_TYPE_HIERARCHY: 0,0,2,2
[2020-06-24 22:49:43] CSV_TYPE_HIERARCHY: 0,0,2,2
[2020-06-24 22:49:43] CSV_TYPE_HIERARCHY: 0,0,10,13
[2020-06-24 22:49:43] CSV_TYPE_HIERARCHY: 0,0,3,3
[2020-06-24 22:49:43] CSV_TYPE_HIERARCHY: 0,0,2,2
[2020-06-24 22:49:43] CSV_TYPE_HIERARCHY: 0,0,4,4
[2020-06-24 22:49:43] CSV_TYPE_HIERARCHY: 0,0,0,0
[2020-06-24 22:49:43] CSV_TYPE_HIERARCHY: 0,0,0,0
[2020-06-24 22:49:43] CSV_TYPE_HIERARCHY: 0,0,0,0
[2020-06-24 22:49:43] CSV_TYPE_HIERARCHY: 0,0,0,0
[2020-06-24 22:49:43] CSV_TYPE_HIERARCHY: 0,0,0,0
[2020-06-24 22:49:43] CSV_TYPE_HIERARCHY: 0,0,0,0
[2020-06-24 22:49:43] CSV_TYPE_HIERARCHY: 0,0,0,0
[2020-06-24 22:49:43] CSV_TYPE_HIERARCHY: 0,0,0,0
[2020-06-24 22:49:43] CSV_TYPE_HIERARCHY: 0,0,0,0
[2020-06-24 22:49:43] CSV_TYPE_HIERARCHY: 0,0,0,0
[2020-06-24 22:49:43] CSV_TYPE_HIERARCHY: 0,0,0,0
[2020-06-24 22:49:43] CSV_TYPE_HIERARCHY: 0,0,0,0
[2020-06-24 22:49:43] CSV_TYPE_HIERARCHY: 0,0,0,0
[2020-06-24 22:49:43] CSV_TYPE_HIERARCHY: 0,0,0,0
[2020-06-24 22:49:43] CSV_TYPE_HIERARCHY: 0,0,0,0
[2020-06-24 22:49:43] CSV_TYPE_HIERARCHY: 0,0,0,0
[2020-06-24 22:49:43] CSV_TYPE_HIERARCHY: 0,0,0,0
[2020-06-24 22:49:43] CSV_TYPE_HIERARCHY: 0,0,0,0
[2020-06-24 22:49:43] CSV_TYPE_HIERARCHY: 0,0,0,0
[2020-06-24 22:49:43] CSV_TYPE_HIERARCHY: 0,0,0,0
[2020-06-24 22:49:43] CSV_TYPE_HIERARCHY: 0,0,0,0
[2020-06-24 22:49:43] CSV_TYPE_HIERARCHY: 0,0,0,0
[2020-06-24 22:49:43] CSV_TYPE_HIERARCHY: 0,0,0,0
[2020-06-24 22:49:44] Type Inference time: 00:02.241
[2020-06-24 22:49:44] Binding Checks ...
[2020-06-24 22:49:46] Binding Checks time: 00:01.212
[2020-06-24 22:49:46] [WARN] execute queries> WARNING: Unused predicate incorrect (/home/ellen/Documents/APIModellingProj/JSEventBasedAPILearning/data/analyse.ql:935,11-20)
[2020-06-24 22:49:46] [WARN] execute queries> WARNING: Unused predicate knownUnknown (/home/ellen/Documents/APIModellingProj/JSEventBasedAPILearning/data/analyse.ql:983,11-23)
[2020-06-24 22:49:46] [ERROR] execute queries> ERROR: 'this' is not bound to a value. (/home/ellen/Documents/APIModellingProj/JSEventBasedAPILearning/data/analyse.ql:922,3-924,4)
[2020-06-24 22:49:46] [ERROR] execute queries> ERROR: call argument is not bound to a value. (/home/ellen/Documents/APIModellingProj/JSEventBasedAPILearning/data/analyse.ql:923,25-29)
[2020-06-24 22:49:46] [ERROR] execute queries> ERROR: call argument is not bound to a value. (/home/ellen/Documents/APIModellingProj/JSEventBasedAPILearning/data/analyse.ql:923,31-32)
[2020-06-24 22:49:46] [ERROR] execute queries> ERROR: 'this' is not bound to a value. (/home/ellen/Documents/APIModellingProj/JSEventBasedAPILearning/data/analyse.ql:928,3-930,4)
[2020-06-24 22:49:46] [ERROR] execute queries> ERROR: call argument is not bound to a value. (/home/ellen/Documents/APIModellingProj/JSEventBasedAPILearning/data/analyse.ql:929,28-32)
[2020-06-24 22:49:46] [ERROR] execute queries> ERROR: call argument is not bound to a value. (/home/ellen/Documents/APIModellingProj/JSEventBasedAPILearning/data/analyse.ql:929,25-26)
[2020-06-24 22:49:46] [ERROR] execute queries> ERROR: 'extAccessPath' is not bound to a value. (/home/ellen/Documents/APIModellingProj/JSEventBasedAPILearning/data/analyse.ql:265,12-32)
[2020-06-24 22:49:46] [ERROR] execute queries> ERROR: call argument is not bound to a value. (/home/ellen/Documents/APIModellingProj/JSEventBasedAPILearning/data/analyse.ql:265,55-68)
[2020-06-24 22:49:46] [ERROR] execute queries> ERROR: 'extAccessPath' is not bound to a value. (/home/ellen/Documents/APIModellingProj/JSEventBasedAPILearning/data/analyse.ql:265,77-90)
[2020-06-24 22:49:46] [ERROR] execute queries> ERROR: call argument is not bound to a value. (/home/ellen/Documents/APIModellingProj/JSEventBasedAPILearning/data/analyse.ql:265,70-71)
[2020-06-24 22:49:46] [ERROR] execute queries> ERROR: 'extAccessPath' is not bound to a value. (/home/ellen/Documents/APIModellingProj/JSEventBasedAPILearning/data/analyse.ql:273,12-32)
[2020-06-24 22:49:46] [ERROR] execute queries> ERROR: call argument is not bound to a value. (/home/ellen/Documents/APIModellingProj/JSEventBasedAPILearning/data/analyse.ql:273,55-68)
[2020-06-24 22:49:46] [ERROR] execute queries> ERROR: 'extAccessPath' is not bound to a value. (/home/ellen/Documents/APIModellingProj/JSEventBasedAPILearning/data/analyse.ql:273,77-90)
[2020-06-24 22:49:46] [ERROR] execute queries> ERROR: call argument is not bound to a value. (/home/ellen/Documents/APIModellingProj/JSEventBasedAPILearning/data/analyse.ql:273,70-71)
[2020-06-24 22:49:46] Sequence stamp origin is -6711773852118751920
[2020-06-24 22:49:46] Stopped the world to close the cache at sequence stamp o+0
[2020-06-24 22:49:46] The disk cache is freshly trimmed; leave it be.
[2020-06-24 22:49:46] Starting the world again
[2020-06-24 22:49:46] Exiting with code 1
